{"C:\\VS Code Softuni\\Чиста Дървеница\\src\\api\\client.js": {"path":"C:\\VS Code Softuni\\Чиста Дървеница\\src\\api\\client.js","statementMap":{"0":{"start":{"line":3,"column":2},"end":{"line":3,"column":null}},"1":{"start":{"line":14,"column":4},"end":{"line":14,"column":null}},"2":{"start":{"line":15,"column":4},"end":{"line":15,"column":25}},"3":{"start":{"line":16,"column":4},"end":{"line":16,"column":null}},"4":{"start":{"line":17,"column":4},"end":{"line":17,"column":27}},"5":{"start":{"line":18,"column":4},"end":{"line":18,"column":null}},"6":{"start":{"line":19,"column":4},"end":{"line":19,"column":null}},"7":{"start":{"line":27,"column":4},"end":{"line":27,"column":null}},"8":{"start":{"line":35,"column":4},"end":{"line":35,"column":null}},"9":{"start":{"line":44,"column":17},"end":{"line":44,"column":23}},"10":{"start":{"line":45,"column":4},"end":{"line":47,"column":null}},"11":{"start":{"line":46,"column":6},"end":{"line":46,"column":null}},"12":{"start":{"line":48,"column":4},"end":{"line":48,"column":null}},"13":{"start":{"line":57,"column":17},"end":{"line":57,"column":25}},"14":{"start":{"line":58,"column":4},"end":{"line":60,"column":null}},"15":{"start":{"line":59,"column":6},"end":{"line":59,"column":null}},"16":{"start":{"line":61,"column":4},"end":{"line":61,"column":null}},"17":{"start":{"line":73,"column":4},"end":{"line":73,"column":null}},"18":{"start":{"line":75,"column":17},"end":{"line":84,"column":5}},"19":{"start":{"line":87,"column":4},"end":{"line":87,"column":null}},"20":{"start":{"line":91,"column":4},"end":{"line":140,"column":null}},"21":{"start":{"line":91,"column":23},"end":{"line":91,"column":24}},"22":{"start":{"line":92,"column":6},"end":{"line":139,"column":null}},"23":{"start":{"line":93,"column":8},"end":{"line":93,"column":null}},"24":{"start":{"line":95,"column":25},"end":{"line":100,"column":10}},"25":{"start":{"line":103,"column":8},"end":{"line":110,"column":null}},"26":{"start":{"line":104,"column":28},"end":{"line":104,"column":67}},"27":{"start":{"line":104,"column":63},"end":{"line":104,"column":65}},"28":{"start":{"line":105,"column":10},"end":{"line":109,"column":null}},"29":{"start":{"line":112,"column":29},"end":{"line":112,"column":50}},"30":{"start":{"line":115,"column":30},"end":{"line":119,"column":10}},"31":{"start":{"line":121,"column":8},"end":{"line":121,"column":null}},"32":{"start":{"line":122,"column":8},"end":{"line":122,"column":null}},"33":{"start":{"line":124,"column":8},"end":{"line":124,"column":null}},"34":{"start":{"line":126,"column":8},"end":{"line":126,"column":null}},"35":{"start":{"line":129,"column":8},"end":{"line":131,"column":null}},"36":{"start":{"line":130,"column":10},"end":{"line":130,"column":null}},"37":{"start":{"line":134,"column":8},"end":{"line":138,"column":null}},"38":{"start":{"line":135,"column":24},"end":{"line":135,"column":62}},"39":{"start":{"line":136,"column":10},"end":{"line":136,"column":null}},"40":{"start":{"line":137,"column":10},"end":{"line":137,"column":null}},"41":{"start":{"line":143,"column":4},"end":{"line":143,"column":null}},"42":{"start":{"line":144,"column":4},"end":{"line":144,"column":null}},"43":{"start":{"line":145,"column":4},"end":{"line":152,"column":null}},"44":{"start":{"line":159,"column":4},"end":{"line":159,"column":null}},"45":{"start":{"line":166,"column":4},"end":{"line":166,"column":null}},"46":{"start":{"line":173,"column":4},"end":{"line":173,"column":null}},"47":{"start":{"line":180,"column":4},"end":{"line":180,"column":null}},"48":{"start":{"line":187,"column":4},"end":{"line":187,"column":null}},"49":{"start":{"line":194,"column":4},"end":{"line":194,"column":null}},"50":{"start":{"line":194,"column":36},"end":{"line":194,"column":59}},"51":{"start":{"line":201,"column":4},"end":{"line":201,"column":null}},"52":{"start":{"line":206,"column":18},"end":{"line":206,"column":33}},"53":{"start":{"line":209,"column":19},"end":{"line":209,"column":54}},"54":{"start":{"line":209,"column":32},"end":{"line":209,"column":54}},"55":{"start":{"line":210,"column":20},"end":{"line":210,"column":56}},"56":{"start":{"line":210,"column":33},"end":{"line":210,"column":56}},"57":{"start":{"line":211,"column":19},"end":{"line":211,"column":54}},"58":{"start":{"line":211,"column":32},"end":{"line":211,"column":54}},"59":{"start":{"line":212,"column":21},"end":{"line":212,"column":58}},"60":{"start":{"line":212,"column":34},"end":{"line":212,"column":58}},"61":{"start":{"line":213,"column":19},"end":{"line":213,"column":57}},"62":{"start":{"line":213,"column":32},"end":{"line":213,"column":57}},"63":{"start":{"line":214,"column":23},"end":{"line":214,"column":62}},"64":{"start":{"line":214,"column":36},"end":{"line":214,"column":62}}},"fnMap":{"0":{"name":"apiFetch","decl":{"start":{"line":2,"column":22},"end":{"line":2,"column":30}},"loc":{"start":{"line":2,"column":45},"end":{"line":4,"column":null}},"line":2},"1":{"name":"(anonymous_1)","decl":{"start":{"line":13,"column":2},"end":{"line":13,"column":13}},"loc":{"start":{"line":13,"column":16},"end":{"line":20,"column":null}},"line":13},"2":{"name":"(anonymous_2)","decl":{"start":{"line":26,"column":2},"end":{"line":26,"column":23}},"loc":{"start":{"line":26,"column":37},"end":{"line":28,"column":null}},"line":26},"3":{"name":"(anonymous_3)","decl":{"start":{"line":34,"column":2},"end":{"line":34,"column":24}},"loc":{"start":{"line":34,"column":38},"end":{"line":36,"column":null}},"line":34},"4":{"name":"(anonymous_4)","decl":{"start":{"line":43,"column":8},"end":{"line":43,"column":34}},"loc":{"start":{"line":43,"column":43},"end":{"line":49,"column":null}},"line":43},"5":{"name":"(anonymous_5)","decl":{"start":{"line":56,"column":8},"end":{"line":56,"column":35}},"loc":{"start":{"line":56,"column":46},"end":{"line":62,"column":null}},"line":56},"6":{"name":"(anonymous_6)","decl":{"start":{"line":72,"column":8},"end":{"line":72,"column":15}},"loc":{"start":{"line":72,"column":56},"end":{"line":153,"column":null}},"line":72},"7":{"name":"(anonymous_7)","decl":{"start":{"line":104,"column":56},"end":{"line":104,"column":57}},"loc":{"start":{"line":104,"column":63},"end":{"line":104,"column":65}},"line":104},"8":{"name":"(anonymous_8)","decl":{"start":{"line":158,"column":8},"end":{"line":158,"column":11}},"loc":{"start":{"line":158,"column":31},"end":{"line":160,"column":null}},"line":158},"9":{"name":"(anonymous_9)","decl":{"start":{"line":165,"column":8},"end":{"line":165,"column":12}},"loc":{"start":{"line":165,"column":38},"end":{"line":167,"column":null}},"line":165},"10":{"name":"(anonymous_10)","decl":{"start":{"line":172,"column":8},"end":{"line":172,"column":11}},"loc":{"start":{"line":172,"column":37},"end":{"line":174,"column":null}},"line":172},"11":{"name":"(anonymous_11)","decl":{"start":{"line":179,"column":8},"end":{"line":179,"column":13}},"loc":{"start":{"line":179,"column":39},"end":{"line":181,"column":null}},"line":179},"12":{"name":"(anonymous_12)","decl":{"start":{"line":186,"column":8},"end":{"line":186,"column":14}},"loc":{"start":{"line":186,"column":34},"end":{"line":188,"column":null}},"line":186},"13":{"name":"(anonymous_13)","decl":{"start":{"line":193,"column":2},"end":{"line":193,"column":7}},"loc":{"start":{"line":193,"column":12},"end":{"line":195,"column":null}},"line":193},"14":{"name":"(anonymous_14)","decl":{"start":{"line":194,"column":23},"end":{"line":194,"column":24}},"loc":{"start":{"line":194,"column":36},"end":{"line":194,"column":59}},"line":194},"15":{"name":"(anonymous_15)","decl":{"start":{"line":200,"column":2},"end":{"line":200,"column":15}},"loc":{"start":{"line":200,"column":24},"end":{"line":202,"column":null}},"line":200},"16":{"name":"(anonymous_16)","decl":{"start":{"line":209,"column":19},"end":{"line":209,"column":20}},"loc":{"start":{"line":209,"column":32},"end":{"line":209,"column":54}},"line":209},"17":{"name":"(anonymous_17)","decl":{"start":{"line":210,"column":20},"end":{"line":210,"column":21}},"loc":{"start":{"line":210,"column":33},"end":{"line":210,"column":56}},"line":210},"18":{"name":"(anonymous_18)","decl":{"start":{"line":211,"column":19},"end":{"line":211,"column":20}},"loc":{"start":{"line":211,"column":32},"end":{"line":211,"column":54}},"line":211},"19":{"name":"(anonymous_19)","decl":{"start":{"line":212,"column":21},"end":{"line":212,"column":22}},"loc":{"start":{"line":212,"column":34},"end":{"line":212,"column":58}},"line":212},"20":{"name":"(anonymous_20)","decl":{"start":{"line":213,"column":19},"end":{"line":213,"column":20}},"loc":{"start":{"line":213,"column":32},"end":{"line":213,"column":57}},"line":213},"21":{"name":"(anonymous_21)","decl":{"start":{"line":214,"column":23},"end":{"line":214,"column":24}},"loc":{"start":{"line":214,"column":36},"end":{"line":214,"column":62}},"line":214}},"branchMap":{"0":{"loc":{"start":{"line":14,"column":19},"end":{"line":14,"column":76}},"type":"binary-expr","locations":[{"start":{"line":14,"column":19},"end":{"line":14,"column":47}},{"start":{"line":14,"column":51},"end":{"line":14,"column":76}}],"line":14},"1":{"loc":{"start":{"line":46,"column":15},"end":{"line":46,"column":52}},"type":"binary-expr","locations":[{"start":{"line":46,"column":16},"end":{"line":46,"column":41}},{"start":{"line":46,"column":46},"end":{"line":46,"column":52}}],"line":46},"2":{"loc":{"start":{"line":59,"column":15},"end":{"line":59,"column":52}},"type":"binary-expr","locations":[{"start":{"line":59,"column":16},"end":{"line":59,"column":41}},{"start":{"line":59,"column":46},"end":{"line":59,"column":52}}],"line":59},"3":{"loc":{"start":{"line":72,"column":29},"end":{"line":72,"column":40}},"type":"default-arg","locations":[{"start":{"line":72,"column":36},"end":{"line":72,"column":40}}],"line":72},"4":{"loc":{"start":{"line":72,"column":42},"end":{"line":72,"column":54}},"type":"default-arg","locations":[{"start":{"line":72,"column":52},"end":{"line":72,"column":54}}],"line":72},"5":{"loc":{"start":{"line":82,"column":12},"end":{"line":82,"column":46}},"type":"cond-expr","locations":[{"start":{"line":82,"column":19},"end":{"line":82,"column":39}},{"start":{"line":82,"column":42},"end":{"line":82,"column":46}}],"line":82},"6":{"loc":{"start":{"line":103,"column":8},"end":{"line":110,"column":null}},"type":"if","locations":[{"start":{"line":103,"column":8},"end":{"line":110,"column":null}},{"start":{},"end":{}}],"line":103},"7":{"loc":{"start":{"line":107,"column":21},"end":{"line":107,"column":67}},"type":"binary-expr","locations":[{"start":{"line":107,"column":21},"end":{"line":107,"column":38}},{"start":{"line":107,"column":42},"end":{"line":107,"column":67}}],"line":107},"8":{"loc":{"start":{"line":129,"column":8},"end":{"line":131,"column":null}},"type":"if","locations":[{"start":{"line":129,"column":8},"end":{"line":131,"column":null}},{"start":{},"end":{}}],"line":129},"9":{"loc":{"start":{"line":129,"column":12},"end":{"line":129,"column":69}},"type":"binary-expr","locations":[{"start":{"line":129,"column":12},"end":{"line":129,"column":24}},{"start":{"line":129,"column":28},"end":{"line":129,"column":47}},{"start":{"line":129,"column":51},"end":{"line":129,"column":69}}],"line":129},"10":{"loc":{"start":{"line":134,"column":8},"end":{"line":138,"column":null}},"type":"if","locations":[{"start":{"line":134,"column":8},"end":{"line":138,"column":null}},{"start":{},"end":{}}],"line":134},"11":{"loc":{"start":{"line":150,"column":15},"end":{"line":150,"column":51}},"type":"binary-expr","locations":[{"start":{"line":150,"column":15},"end":{"line":150,"column":32}},{"start":{"line":150,"column":36},"end":{"line":150,"column":51}}],"line":150},"12":{"loc":{"start":{"line":158,"column":17},"end":{"line":158,"column":29}},"type":"default-arg","locations":[{"start":{"line":158,"column":27},"end":{"line":158,"column":29}}],"line":158},"13":{"loc":{"start":{"line":165,"column":24},"end":{"line":165,"column":36}},"type":"default-arg","locations":[{"start":{"line":165,"column":34},"end":{"line":165,"column":36}}],"line":165},"14":{"loc":{"start":{"line":172,"column":23},"end":{"line":172,"column":35}},"type":"default-arg","locations":[{"start":{"line":172,"column":33},"end":{"line":172,"column":35}}],"line":172},"15":{"loc":{"start":{"line":179,"column":25},"end":{"line":179,"column":37}},"type":"default-arg","locations":[{"start":{"line":179,"column":35},"end":{"line":179,"column":37}}],"line":179},"16":{"loc":{"start":{"line":186,"column":20},"end":{"line":186,"column":32}},"type":"default-arg","locations":[{"start":{"line":186,"column":30},"end":{"line":186,"column":32}}],"line":186}},"s":{"0":2,"1":4,"2":4,"3":4,"4":4,"5":4,"6":4,"7":0,"8":0,"9":0,"10":0,"11":0,"12":0,"13":0,"14":0,"15":0,"16":0,"17":0,"18":0,"19":0,"20":0,"21":0,"22":0,"23":0,"24":0,"25":0,"26":0,"27":0,"28":0,"29":0,"30":0,"31":0,"32":0,"33":0,"34":0,"35":0,"36":0,"37":0,"38":0,"39":0,"40":0,"41":0,"42":0,"43":0,"44":0,"45":0,"46":0,"47":0,"48":0,"49":0,"50":0,"51":0,"52":4,"53":4,"54":0,"55":4,"56":0,"57":4,"58":0,"59":4,"60":0,"61":4,"62":0,"63":4,"64":0},"f":{"0":2,"1":4,"2":0,"3":0,"4":0,"5":0,"6":0,"7":0,"8":0,"9":0,"10":0,"11":0,"12":0,"13":0,"14":0,"15":0,"16":0,"17":0,"18":0,"19":0,"20":0,"21":0},"b":{"0":[4,4],"1":[0,0],"2":[0,0],"3":[0],"4":[0],"5":[0,0],"6":[0,0],"7":[0,0],"8":[0,0],"9":[0,0,0],"10":[0,0],"11":[0,0],"12":[0],"13":[0],"14":[0],"15":[0],"16":[0]},"meta":{"lastBranch":17,"lastFunction":22,"lastStatement":65,"seen":{"f:2:22:2:30":0,"s:3:2:3:Infinity":0,"f:13:2:13:13":1,"s:14:4:14:Infinity":1,"b:14:19:14:47:14:51:14:76":0,"s:15:4:15:25":2,"s:16:4:16:Infinity":3,"s:17:4:17:27":4,"s:18:4:18:Infinity":5,"s:19:4:19:Infinity":6,"f:26:2:26:23":2,"s:27:4:27:Infinity":7,"f:34:2:34:24":3,"s:35:4:35:Infinity":8,"f:43:8:43:34":4,"s:44:17:44:23":9,"s:45:4:47:Infinity":10,"s:46:6:46:Infinity":11,"b:46:16:46:41:46:46:46:52":1,"s:48:4:48:Infinity":12,"f:56:8:56:35":5,"s:57:17:57:25":13,"s:58:4:60:Infinity":14,"s:59:6:59:Infinity":15,"b:59:16:59:41:59:46:59:52":2,"s:61:4:61:Infinity":16,"f:72:8:72:15":6,"b:72:36:72:40":3,"b:72:52:72:54":4,"s:73:4:73:Infinity":17,"s:75:17:84:5":18,"b:82:19:82:39:82:42:82:46":5,"s:87:4:87:Infinity":19,"s:91:4:140:Infinity":20,"s:91:23:91:24":21,"s:92:6:139:Infinity":22,"s:93:8:93:Infinity":23,"s:95:25:100:10":24,"b:103:8:110:Infinity:undefined:undefined:undefined:undefined":6,"s:103:8:110:Infinity":25,"s:104:28:104:67":26,"f:104:56:104:57":7,"s:104:63:104:65":27,"s:105:10:109:Infinity":28,"b:107:21:107:38:107:42:107:67":7,"s:112:29:112:50":29,"s:115:30:119:10":30,"s:121:8:121:Infinity":31,"s:122:8:122:Infinity":32,"s:124:8:124:Infinity":33,"s:126:8:126:Infinity":34,"b:129:8:131:Infinity:undefined:undefined:undefined:undefined":8,"s:129:8:131:Infinity":35,"b:129:12:129:24:129:28:129:47:129:51:129:69":9,"s:130:10:130:Infinity":36,"b:134:8:138:Infinity:undefined:undefined:undefined:undefined":10,"s:134:8:138:Infinity":37,"s:135:24:135:62":38,"s:136:10:136:Infinity":39,"s:137:10:137:Infinity":40,"s:143:4:143:Infinity":41,"s:144:4:144:Infinity":42,"s:145:4:152:Infinity":43,"b:150:15:150:32:150:36:150:51":11,"f:158:8:158:11":8,"b:158:27:158:29":12,"s:159:4:159:Infinity":44,"f:165:8:165:12":9,"b:165:34:165:36":13,"s:166:4:166:Infinity":45,"f:172:8:172:11":10,"b:172:33:172:35":14,"s:173:4:173:Infinity":46,"f:179:8:179:13":11,"b:179:35:179:37":15,"s:180:4:180:Infinity":47,"f:186:8:186:14":12,"b:186:30:186:32":16,"s:187:4:187:Infinity":48,"f:193:2:193:7":13,"s:194:4:194:Infinity":49,"f:194:23:194:24":14,"s:194:36:194:59":50,"f:200:2:200:15":15,"s:201:4:201:Infinity":51,"s:206:18:206:33":52,"s:209:19:209:54":53,"f:209:19:209:20":16,"s:209:32:209:54":54,"s:210:20:210:56":55,"f:210:20:210:21":17,"s:210:33:210:56":56,"s:211:19:211:54":57,"f:211:19:211:20":18,"s:211:32:211:54":58,"s:212:21:212:58":59,"f:212:21:212:22":19,"s:212:34:212:58":60,"s:213:19:213:57":61,"f:213:19:213:20":20,"s:213:32:213:57":62,"s:214:23:214:62":63,"f:214:23:214:24":21,"s:214:36:214:62":64}}}
,"C:\\VS Code Softuni\\Чиста Дървеница\\src\\hooks\\index.js": {"path":"C:\\VS Code Softuni\\Чиста Дървеница\\src\\hooks\\index.js","statementMap":{"0":{"start":{"line":3,"column":2},"end":{"line":3,"column":null}},"1":{"start":{"line":7,"column":2},"end":{"line":7,"column":null}},"2":{"start":{"line":25,"column":16},"end":{"line":48,"column":3}},"3":{"start":{"line":30,"column":6},"end":{"line":30,"column":null}},"4":{"start":{"line":31,"column":6},"end":{"line":31,"column":null}},"5":{"start":{"line":32,"column":6},"end":{"line":41,"column":null}},"6":{"start":{"line":33,"column":8},"end":{"line":33,"column":null}},"7":{"start":{"line":34,"column":8},"end":{"line":34,"column":null}},"8":{"start":{"line":36,"column":8},"end":{"line":36,"column":null}},"9":{"start":{"line":37,"column":8},"end":{"line":37,"column":null}},"10":{"start":{"line":38,"column":8},"end":{"line":38,"column":null}},"11":{"start":{"line":40,"column":8},"end":{"line":40,"column":null}},"12":{"start":{"line":44,"column":6},"end":{"line":44,"column":null}},"13":{"start":{"line":45,"column":6},"end":{"line":45,"column":null}},"14":{"start":{"line":46,"column":6},"end":{"line":46,"column":null}},"15":{"start":{"line":50,"column":2},"end":{"line":50,"column":null}},"16":{"start":{"line":60,"column":19},"end":{"line":60,"column":33}},"17":{"start":{"line":61,"column":17},"end":{"line":61,"column":41}},"18":{"start":{"line":63,"column":16},"end":{"line":88,"column":3}},"19":{"start":{"line":69,"column":6},"end":{"line":69,"column":null}},"20":{"start":{"line":70,"column":6},"end":{"line":70,"column":null}},"21":{"start":{"line":71,"column":6},"end":{"line":82,"column":null}},"22":{"start":{"line":72,"column":23},"end":{"line":72,"column":56}},"23":{"start":{"line":73,"column":8},"end":{"line":73,"column":null}},"24":{"start":{"line":74,"column":8},"end":{"line":74,"column":66}},"25":{"start":{"line":75,"column":8},"end":{"line":75,"column":null}},"26":{"start":{"line":77,"column":8},"end":{"line":77,"column":null}},"27":{"start":{"line":78,"column":8},"end":{"line":78,"column":null}},"28":{"start":{"line":79,"column":8},"end":{"line":79,"column":null}},"29":{"start":{"line":81,"column":8},"end":{"line":81,"column":null}},"30":{"start":{"line":85,"column":19},"end":{"line":85,"column":45}},"31":{"start":{"line":86,"column":27},"end":{"line":86,"column":63}},"32":{"start":{"line":91,"column":2},"end":{"line":95,"column":null}},"33":{"start":{"line":92,"column":4},"end":{"line":94,"column":null}},"34":{"start":{"line":93,"column":6},"end":{"line":93,"column":null}},"35":{"start":{"line":97,"column":2},"end":{"line":97,"column":null}},"36":{"start":{"line":108,"column":16},"end":{"line":189,"column":3}},"37":{"start":{"line":116,"column":6},"end":{"line":116,"column":null}},"38":{"start":{"line":117,"column":6},"end":{"line":117,"column":null}},"39":{"start":{"line":119,"column":6},"end":{"line":122,"column":null}},"40":{"start":{"line":120,"column":21},"end":{"line":120,"column":57}},"41":{"start":{"line":121,"column":8},"end":{"line":121,"column":null}},"42":{"start":{"line":126,"column":6},"end":{"line":126,"column":null}},"43":{"start":{"line":130,"column":6},"end":{"line":130,"column":null}},"44":{"start":{"line":134,"column":6},"end":{"line":134,"column":null}},"45":{"start":{"line":135,"column":6},"end":{"line":135,"column":null}},"46":{"start":{"line":136,"column":6},"end":{"line":136,"column":null}},"47":{"start":{"line":137,"column":6},"end":{"line":137,"column":null}},"48":{"start":{"line":138,"column":6},"end":{"line":138,"column":null}},"49":{"start":{"line":142,"column":6},"end":{"line":147,"column":null}},"50":{"start":{"line":144,"column":25},"end":{"line":144,"column":62}},"51":{"start":{"line":145,"column":22},"end":{"line":145,"column":51}},"52":{"start":{"line":151,"column":6},"end":{"line":151,"column":null}},"53":{"start":{"line":155,"column":6},"end":{"line":155,"column":null}},"54":{"start":{"line":155,"column":58},"end":{"line":155,"column":64}},"55":{"start":{"line":159,"column":6},"end":{"line":159,"column":null}},"56":{"start":{"line":159,"column":29},"end":{"line":159,"column":null}},"57":{"start":{"line":162,"column":24},"end":{"line":162,"column":26}},"58":{"start":{"line":163,"column":6},"end":{"line":166,"column":null}},"59":{"start":{"line":164,"column":21},"end":{"line":164,"column":63}},"60":{"start":{"line":165,"column":8},"end":{"line":165,"column":null}},"61":{"start":{"line":165,"column":19},"end":{"line":165,"column":null}},"62":{"start":{"line":168,"column":6},"end":{"line":168,"column":null}},"63":{"start":{"line":170,"column":6},"end":{"line":173,"column":null}},"64":{"start":{"line":171,"column":8},"end":{"line":171,"column":null}},"65":{"start":{"line":172,"column":8},"end":{"line":172,"column":null}},"66":{"start":{"line":175,"column":6},"end":{"line":175,"column":null}},"67":{"start":{"line":176,"column":6},"end":{"line":187,"column":null}},"68":{"start":{"line":177,"column":8},"end":{"line":179,"column":null}},"69":{"start":{"line":178,"column":10},"end":{"line":178,"column":null}},"70":{"start":{"line":180,"column":8},"end":{"line":180,"column":null}},"71":{"start":{"line":181,"column":8},"end":{"line":181,"column":null}},"72":{"start":{"line":183,"column":8},"end":{"line":183,"column":null}},"73":{"start":{"line":184,"column":8},"end":{"line":184,"column":null}},"74":{"start":{"line":186,"column":8},"end":{"line":186,"column":null}},"75":{"start":{"line":191,"column":2},"end":{"line":191,"column":null}},"76":{"start":{"line":200,"column":14},"end":{"line":200,"column":26}},"77":{"start":{"line":202,"column":20},"end":{"line":202,"column":29}},"78":{"start":{"line":204,"column":19},"end":{"line":211,"column":3}},"79":{"start":{"line":205,"column":4},"end":{"line":209,"column":null}},"80":{"start":{"line":206,"column":6},"end":{"line":206,"column":null}},"81":{"start":{"line":208,"column":6},"end":{"line":208,"column":null}},"82":{"start":{"line":210,"column":4},"end":{"line":210,"column":null}},"83":{"start":{"line":210,"column":36},"end":{"line":210,"column":51}},"84":{"start":{"line":213,"column":20},"end":{"line":216,"column":3}},"85":{"start":{"line":214,"column":4},"end":{"line":214,"column":null}},"86":{"start":{"line":215,"column":4},"end":{"line":215,"column":null}},"87":{"start":{"line":215,"column":17},"end":{"line":215,"column":43}},"88":{"start":{"line":218,"column":2},"end":{"line":218,"column":null}},"89":{"start":{"line":227,"column":16},"end":{"line":227,"column":31}},"90":{"start":{"line":229,"column":19},"end":{"line":235,"column":3}},"91":{"start":{"line":230,"column":4},"end":{"line":234,"column":null}},"92":{"start":{"line":231,"column":6},"end":{"line":231,"column":null}},"93":{"start":{"line":233,"column":6},"end":{"line":233,"column":null}},"94":{"start":{"line":237,"column":2},"end":{"line":237,"column":null}},"95":{"start":{"line":246,"column":2},"end":{"line":256,"column":null}},"96":{"start":{"line":248,"column":4},"end":{"line":248,"column":null}},"97":{"start":{"line":249,"column":4},"end":{"line":249,"column":null}},"98":{"start":{"line":250,"column":9},"end":{"line":256,"column":null}},"99":{"start":{"line":252,"column":24},"end":{"line":254,"column":6}},"100":{"start":{"line":253,"column":6},"end":{"line":253,"column":null}},"101":{"start":{"line":255,"column":4},"end":{"line":255,"column":null}},"102":{"start":{"line":268,"column":2},"end":{"line":273,"column":null}},"103":{"start":{"line":269,"column":4},"end":{"line":269,"column":null}},"104":{"start":{"line":270,"column":4},"end":{"line":272,"column":null}},"105":{"start":{"line":271,"column":6},"end":{"line":271,"column":null}},"106":{"start":{"line":283,"column":17},"end":{"line":283,"column":18}},"107":{"start":{"line":285,"column":2},"end":{"line":291,"column":null}},"108":{"start":{"line":286,"column":16},"end":{"line":286,"column":26}},"109":{"start":{"line":287,"column":4},"end":{"line":290,"column":null}},"110":{"start":{"line":288,"column":6},"end":{"line":288,"column":null}},"111":{"start":{"line":289,"column":6},"end":{"line":289,"column":null}}},"fnMap":{"0":{"name":"useAuth","decl":{"start":{"line":2,"column":16},"end":{"line":2,"column":23}},"loc":{"start":{"line":2,"column":26},"end":{"line":4,"column":null}},"line":2},"1":{"name":"useCampaigns","decl":{"start":{"line":6,"column":16},"end":{"line":6,"column":28}},"loc":{"start":{"line":6,"column":31},"end":{"line":8,"column":null}},"line":6},"2":{"name":"useAsync","decl":{"start":{"line":24,"column":16},"end":{"line":24,"column":24}},"loc":{"start":{"line":24,"column":53},"end":{"line":51,"column":null}},"line":24},"3":{"name":"(anonymous_3)","decl":{"start":{"line":29,"column":13},"end":{"line":29,"column":18}},"loc":{"start":{"line":29,"column":32},"end":{"line":42,"column":5}},"line":29},"4":{"name":"(anonymous_4)","decl":{"start":{"line":43,"column":11},"end":{"line":43,"column":12}},"loc":{"start":{"line":43,"column":17},"end":{"line":47,"column":5}},"line":43},"5":{"name":"useFetch","decl":{"start":{"line":59,"column":16},"end":{"line":59,"column":24}},"loc":{"start":{"line":59,"column":44},"end":{"line":98,"column":null}},"line":59},"6":{"name":"(anonymous_6)","decl":{"start":{"line":68,"column":13},"end":{"line":68,"column":18}},"loc":{"start":{"line":68,"column":25},"end":{"line":83,"column":5}},"line":68},"7":{"name":"(anonymous_7)","decl":{"start":{"line":85,"column":13},"end":{"line":85,"column":14}},"loc":{"start":{"line":85,"column":19},"end":{"line":85,"column":45}},"line":85},"8":{"name":"(anonymous_8)","decl":{"start":{"line":86,"column":11},"end":{"line":86,"column":12}},"loc":{"start":{"line":86,"column":27},"end":{"line":86,"column":63}},"line":86},"9":{"name":"(anonymous_9)","decl":{"start":{"line":92,"column":26},"end":{"line":92,"column":27}},"loc":{"start":{"line":92,"column":35},"end":{"line":94,"column":5}},"line":92},"10":{"name":"useForm","decl":{"start":{"line":107,"column":16},"end":{"line":107,"column":23}},"loc":{"start":{"line":107,"column":74},"end":{"line":192,"column":null}},"line":107},"11":{"name":"(anonymous_11)","decl":{"start":{"line":115,"column":14},"end":{"line":115,"column":15}},"loc":{"start":{"line":115,"column":32},"end":{"line":123,"column":5}},"line":115},"12":{"name":"(anonymous_12)","decl":{"start":{"line":125,"column":14},"end":{"line":125,"column":15}},"loc":{"start":{"line":125,"column":32},"end":{"line":127,"column":5}},"line":125},"13":{"name":"(anonymous_13)","decl":{"start":{"line":129,"column":16},"end":{"line":129,"column":17}},"loc":{"start":{"line":129,"column":43},"end":{"line":131,"column":5}},"line":129},"14":{"name":"(anonymous_14)","decl":{"start":{"line":133,"column":15},"end":{"line":133,"column":16}},"loc":{"start":{"line":133,"column":21},"end":{"line":139,"column":5}},"line":133},"15":{"name":"(anonymous_15)","decl":{"start":{"line":141,"column":19},"end":{"line":141,"column":20}},"loc":{"start":{"line":141,"column":30},"end":{"line":148,"column":5}},"line":141},"16":{"name":"(anonymous_16)","decl":{"start":{"line":144,"column":18},"end":{"line":144,"column":19}},"loc":{"start":{"line":144,"column":25},"end":{"line":144,"column":62}},"line":144},"17":{"name":"(anonymous_17)","decl":{"start":{"line":145,"column":16},"end":{"line":145,"column":17}},"loc":{"start":{"line":145,"column":22},"end":{"line":145,"column":51}},"line":145},"18":{"name":"(anonymous_18)","decl":{"start":{"line":150,"column":15},"end":{"line":150,"column":16}},"loc":{"start":{"line":150,"column":21},"end":{"line":152,"column":5}},"line":150},"19":{"name":"(anonymous_19)","decl":{"start":{"line":154,"column":13},"end":{"line":154,"column":14}},"loc":{"start":{"line":154,"column":19},"end":{"line":156,"column":5}},"line":154},"20":{"name":"(anonymous_20)","decl":{"start":{"line":155,"column":47},"end":{"line":155,"column":48}},"loc":{"start":{"line":155,"column":58},"end":{"line":155,"column":64}},"line":155},"21":{"name":"(anonymous_21)","decl":{"start":{"line":158,"column":12},"end":{"line":158,"column":17}},"loc":{"start":{"line":158,"column":25},"end":{"line":188,"column":5}},"line":158},"22":{"name":"useState","decl":{"start":{"line":199,"column":16},"end":{"line":199,"column":24}},"loc":{"start":{"line":199,"column":39},"end":{"line":219,"column":null}},"line":199},"23":{"name":"(anonymous_23)","decl":{"start":{"line":204,"column":19},"end":{"line":204,"column":20}},"loc":{"start":{"line":204,"column":33},"end":{"line":211,"column":3}},"line":204},"24":{"name":"(anonymous_24)","decl":{"start":{"line":210,"column":22},"end":{"line":210,"column":23}},"loc":{"start":{"line":210,"column":36},"end":{"line":210,"column":51}},"line":210},"25":{"name":"(anonymous_25)","decl":{"start":{"line":213,"column":20},"end":{"line":213,"column":21}},"loc":{"start":{"line":213,"column":34},"end":{"line":216,"column":3}},"line":213},"26":{"name":"(anonymous_26)","decl":{"start":{"line":215,"column":11},"end":{"line":215,"column":12}},"loc":{"start":{"line":215,"column":17},"end":{"line":215,"column":43}},"line":215},"27":{"name":"useStoreState","decl":{"start":{"line":226,"column":16},"end":{"line":226,"column":29}},"loc":{"start":{"line":226,"column":36},"end":{"line":238,"column":null}},"line":226},"28":{"name":"(anonymous_28)","decl":{"start":{"line":229,"column":19},"end":{"line":229,"column":20}},"loc":{"start":{"line":229,"column":33},"end":{"line":235,"column":3}},"line":229},"29":{"name":"useEffect","decl":{"start":{"line":245,"column":16},"end":{"line":245,"column":25}},"loc":{"start":{"line":245,"column":55},"end":{"line":257,"column":null}},"line":245},"30":{"name":"(anonymous_30)","decl":{"start":{"line":252,"column":40},"end":{"line":252,"column":41}},"loc":{"start":{"line":252,"column":46},"end":{"line":254,"column":5}},"line":252},"31":{"name":"useDebounce","decl":{"start":{"line":265,"column":16},"end":{"line":265,"column":27}},"loc":{"start":{"line":265,"column":45},"end":{"line":274,"column":null}},"line":265},"32":{"name":"(anonymous_32)","decl":{"start":{"line":268,"column":9},"end":{"line":268,"column":10}},"loc":{"start":{"line":268,"column":22},"end":{"line":273,"column":3}},"line":268},"33":{"name":"(anonymous_33)","decl":{"start":{"line":270,"column":27},"end":{"line":270,"column":28}},"loc":{"start":{"line":270,"column":33},"end":{"line":272,"column":5}},"line":270},"34":{"name":"useThrottle","decl":{"start":{"line":282,"column":16},"end":{"line":282,"column":27}},"loc":{"start":{"line":282,"column":45},"end":{"line":292,"column":null}},"line":282},"35":{"name":"(anonymous_35)","decl":{"start":{"line":285,"column":9},"end":{"line":285,"column":10}},"loc":{"start":{"line":285,"column":22},"end":{"line":291,"column":3}},"line":285}},"branchMap":{"0":{"loc":{"start":{"line":24,"column":34},"end":{"line":24,"column":51}},"type":"default-arg","locations":[{"start":{"line":24,"column":49},"end":{"line":24,"column":51}}],"line":24},"1":{"loc":{"start":{"line":37,"column":23},"end":{"line":37,"column":64}},"type":"binary-expr","locations":[{"start":{"line":37,"column":23},"end":{"line":37,"column":36}},{"start":{"line":37,"column":40},"end":{"line":37,"column":64}}],"line":37},"2":{"loc":{"start":{"line":59,"column":30},"end":{"line":59,"column":42}},"type":"default-arg","locations":[{"start":{"line":59,"column":40},"end":{"line":59,"column":42}}],"line":59},"3":{"loc":{"start":{"line":64,"column":10},"end":{"line":64,"column":24}},"type":"binary-expr","locations":[{"start":{"line":64,"column":10},"end":{"line":64,"column":16}},{"start":{"line":64,"column":20},"end":{"line":64,"column":24}}],"line":64},"4":{"loc":{"start":{"line":65,"column":13},"end":{"line":65,"column":34}},"type":"cond-expr","locations":[{"start":{"line":65,"column":22},"end":{"line":65,"column":27}},{"start":{"line":65,"column":30},"end":{"line":65,"column":34}}],"line":65},"5":{"loc":{"start":{"line":74,"column":41},"end":{"line":74,"column":64}},"type":"binary-expr","locations":[{"start":{"line":74,"column":41},"end":{"line":74,"column":57}},{"start":{"line":74,"column":61},"end":{"line":74,"column":64}}],"line":74},"6":{"loc":{"start":{"line":91,"column":2},"end":{"line":95,"column":null}},"type":"if","locations":[{"start":{"line":91,"column":2},"end":{"line":95,"column":null}},{"start":{},"end":{}}],"line":91},"7":{"loc":{"start":{"line":107,"column":24},"end":{"line":107,"column":42}},"type":"default-arg","locations":[{"start":{"line":107,"column":40},"end":{"line":107,"column":42}}],"line":107},"8":{"loc":{"start":{"line":107,"column":44},"end":{"line":107,"column":55}},"type":"default-arg","locations":[{"start":{"line":107,"column":53},"end":{"line":107,"column":55}}],"line":107},"9":{"loc":{"start":{"line":107,"column":57},"end":{"line":107,"column":72}},"type":"default-arg","locations":[{"start":{"line":107,"column":68},"end":{"line":107,"column":72}}],"line":107},"10":{"loc":{"start":{"line":119,"column":6},"end":{"line":122,"column":null}},"type":"if","locations":[{"start":{"line":119,"column":6},"end":{"line":122,"column":null}},{"start":{},"end":{}}],"line":119},"11":{"loc":{"start":{"line":129,"column":24},"end":{"line":129,"column":38}},"type":"default-arg","locations":[{"start":{"line":129,"column":34},"end":{"line":129,"column":38}}],"line":129},"12":{"loc":{"start":{"line":143,"column":15},"end":{"line":143,"column":40}},"type":"binary-expr","locations":[{"start":{"line":143,"column":15},"end":{"line":143,"column":34}},{"start":{"line":143,"column":38},"end":{"line":143,"column":40}}],"line":143},"13":{"loc":{"start":{"line":146,"column":15},"end":{"line":146,"column":64}},"type":"cond-expr","locations":[{"start":{"line":146,"column":38},"end":{"line":146,"column":57}},{"start":{"line":146,"column":60},"end":{"line":146,"column":64}}],"line":146},"14":{"loc":{"start":{"line":159,"column":6},"end":{"line":159,"column":null}},"type":"if","locations":[{"start":{"line":159,"column":6},"end":{"line":159,"column":null}},{"start":{},"end":{}}],"line":159},"15":{"loc":{"start":{"line":165,"column":8},"end":{"line":165,"column":null}},"type":"if","locations":[{"start":{"line":165,"column":8},"end":{"line":165,"column":null}},{"start":{},"end":{}}],"line":165},"16":{"loc":{"start":{"line":170,"column":6},"end":{"line":173,"column":null}},"type":"if","locations":[{"start":{"line":170,"column":6},"end":{"line":173,"column":null}},{"start":{},"end":{}}],"line":170},"17":{"loc":{"start":{"line":177,"column":8},"end":{"line":179,"column":null}},"type":"if","locations":[{"start":{"line":177,"column":8},"end":{"line":179,"column":null}},{"start":{},"end":{}}],"line":177},"18":{"loc":{"start":{"line":183,"column":23},"end":{"line":183,"column":64}},"type":"binary-expr","locations":[{"start":{"line":183,"column":23},"end":{"line":183,"column":36}},{"start":{"line":183,"column":40},"end":{"line":183,"column":64}}],"line":183},"19":{"loc":{"start":{"line":205,"column":4},"end":{"line":209,"column":null}},"type":"if","locations":[{"start":{"line":205,"column":4},"end":{"line":209,"column":null}},{"start":{"line":207,"column":11},"end":{"line":209,"column":null}}],"line":205},"20":{"loc":{"start":{"line":230,"column":4},"end":{"line":234,"column":null}},"type":"if","locations":[{"start":{"line":230,"column":4},"end":{"line":234,"column":null}},{"start":{"line":232,"column":11},"end":{"line":234,"column":null}}],"line":230},"21":{"loc":{"start":{"line":245,"column":36},"end":{"line":245,"column":53}},"type":"default-arg","locations":[{"start":{"line":245,"column":51},"end":{"line":245,"column":53}}],"line":245},"22":{"loc":{"start":{"line":246,"column":2},"end":{"line":256,"column":null}},"type":"if","locations":[{"start":{"line":246,"column":2},"end":{"line":256,"column":null}},{"start":{"line":250,"column":9},"end":{"line":256,"column":null}}],"line":246},"23":{"loc":{"start":{"line":250,"column":9},"end":{"line":256,"column":null}},"type":"if","locations":[{"start":{"line":250,"column":9},"end":{"line":256,"column":null}},{"start":{},"end":{}}],"line":250},"24":{"loc":{"start":{"line":265,"column":32},"end":{"line":265,"column":43}},"type":"default-arg","locations":[{"start":{"line":265,"column":40},"end":{"line":265,"column":43}}],"line":265},"25":{"loc":{"start":{"line":282,"column":32},"end":{"line":282,"column":43}},"type":"default-arg","locations":[{"start":{"line":282,"column":40},"end":{"line":282,"column":43}}],"line":282},"26":{"loc":{"start":{"line":287,"column":4},"end":{"line":290,"column":null}},"type":"if","locations":[{"start":{"line":287,"column":4},"end":{"line":290,"column":null}},{"start":{},"end":{}}],"line":287}},"s":{"0":1,"1":1,"2":0,"3":0,"4":0,"5":0,"6":0,"7":0,"8":0,"9":0,"10":0,"11":0,"12":0,"13":0,"14":0,"15":0,"16":0,"17":0,"18":0,"19":0,"20":0,"21":0,"22":0,"23":0,"24":0,"25":0,"26":0,"27":0,"28":0,"29":0,"30":0,"31":0,"32":0,"33":0,"34":0,"35":0,"36":0,"37":0,"38":0,"39":0,"40":0,"41":0,"42":0,"43":0,"44":0,"45":0,"46":0,"47":0,"48":0,"49":0,"50":0,"51":0,"52":0,"53":0,"54":0,"55":0,"56":0,"57":0,"58":0,"59":0,"60":0,"61":0,"62":0,"63":0,"64":0,"65":0,"66":0,"67":0,"68":0,"69":0,"70":0,"71":0,"72":0,"73":0,"74":0,"75":0,"76":0,"77":0,"78":0,"79":0,"80":0,"81":0,"82":0,"83":0,"84":0,"85":0,"86":0,"87":0,"88":0,"89":0,"90":0,"91":0,"92":0,"93":0,"94":0,"95":0,"96":0,"97":0,"98":0,"99":0,"100":0,"101":0,"102":0,"103":0,"104":0,"105":0,"106":0,"107":0,"108":0,"109":0,"110":0,"111":0},"f":{"0":1,"1":1,"2":0,"3":0,"4":0,"5":0,"6":0,"7":0,"8":0,"9":0,"10":0,"11":0,"12":0,"13":0,"14":0,"15":0,"16":0,"17":0,"18":0,"19":0,"20":0,"21":0,"22":0,"23":0,"24":0,"25":0,"26":0,"27":0,"28":0,"29":0,"30":0,"31":0,"32":0,"33":0,"34":0,"35":0},"b":{"0":[0],"1":[0,0],"2":[0],"3":[0,0],"4":[0,0],"5":[0,0],"6":[0,0],"7":[0],"8":[0],"9":[0],"10":[0,0],"11":[0],"12":[0,0],"13":[0,0],"14":[0,0],"15":[0,0],"16":[0,0],"17":[0,0],"18":[0,0],"19":[0,0],"20":[0,0],"21":[0],"22":[0,0],"23":[0,0],"24":[0],"25":[0],"26":[0,0]},"meta":{"lastBranch":27,"lastFunction":36,"lastStatement":112,"seen":{"f:2:16:2:23":0,"s:3:2:3:Infinity":0,"f:6:16:6:28":1,"s:7:2:7:Infinity":1,"f:24:16:24:24":2,"b:24:49:24:51":0,"s:25:16:48:3":2,"f:29:13:29:18":3,"s:30:6:30:Infinity":3,"s:31:6:31:Infinity":4,"s:32:6:41:Infinity":5,"s:33:8:33:Infinity":6,"s:34:8:34:Infinity":7,"s:36:8:36:Infinity":8,"s:37:8:37:Infinity":9,"b:37:23:37:36:37:40:37:64":1,"s:38:8:38:Infinity":10,"s:40:8:40:Infinity":11,"f:43:11:43:12":4,"s:44:6:44:Infinity":12,"s:45:6:45:Infinity":13,"s:46:6:46:Infinity":14,"s:50:2:50:Infinity":15,"f:59:16:59:24":5,"b:59:40:59:42":2,"s:60:19:60:33":16,"s:61:17:61:41":17,"s:63:16:88:3":18,"b:64:10:64:16:64:20:64:24":3,"b:65:22:65:27:65:30:65:34":4,"f:68:13:68:18":6,"s:69:6:69:Infinity":19,"s:70:6:70:Infinity":20,"s:71:6:82:Infinity":21,"s:72:23:72:56":22,"s:73:8:73:Infinity":23,"s:74:8:74:66":24,"b:74:41:74:57:74:61:74:64":5,"s:75:8:75:Infinity":25,"s:77:8:77:Infinity":26,"s:78:8:78:Infinity":27,"s:79:8:79:Infinity":28,"s:81:8:81:Infinity":29,"f:85:13:85:14":7,"s:85:19:85:45":30,"f:86:11:86:12":8,"s:86:27:86:63":31,"b:91:2:95:Infinity:undefined:undefined:undefined:undefined":6,"s:91:2:95:Infinity":32,"s:92:4:94:Infinity":33,"f:92:26:92:27":9,"s:93:6:93:Infinity":34,"s:97:2:97:Infinity":35,"f:107:16:107:23":10,"b:107:40:107:42":7,"b:107:53:107:55":8,"b:107:68:107:72":9,"s:108:16:189:3":36,"f:115:14:115:15":11,"s:116:6:116:Infinity":37,"s:117:6:117:Infinity":38,"b:119:6:122:Infinity:undefined:undefined:undefined:undefined":10,"s:119:6:122:Infinity":39,"s:120:21:120:57":40,"s:121:8:121:Infinity":41,"f:125:14:125:15":12,"s:126:6:126:Infinity":42,"f:129:16:129:17":13,"b:129:34:129:38":11,"s:130:6:130:Infinity":43,"f:133:15:133:16":14,"s:134:6:134:Infinity":44,"s:135:6:135:Infinity":45,"s:136:6:136:Infinity":46,"s:137:6:137:Infinity":47,"s:138:6:138:Infinity":48,"f:141:19:141:20":15,"s:142:6:147:Infinity":49,"b:143:15:143:34:143:38:143:40":12,"f:144:18:144:19":16,"s:144:25:144:62":50,"f:145:16:145:17":17,"s:145:22:145:51":51,"b:146:38:146:57:146:60:146:64":13,"f:150:15:150:16":18,"s:151:6:151:Infinity":52,"f:154:13:154:14":19,"s:155:6:155:Infinity":53,"f:155:47:155:48":20,"s:155:58:155:64":54,"f:158:12:158:17":21,"b:159:6:159:Infinity:undefined:undefined:undefined:undefined":14,"s:159:6:159:Infinity":55,"s:159:29:159:Infinity":56,"s:162:24:162:26":57,"s:163:6:166:Infinity":58,"s:164:21:164:63":59,"b:165:8:165:Infinity:undefined:undefined:undefined:undefined":15,"s:165:8:165:Infinity":60,"s:165:19:165:Infinity":61,"s:168:6:168:Infinity":62,"b:170:6:173:Infinity:undefined:undefined:undefined:undefined":16,"s:170:6:173:Infinity":63,"s:171:8:171:Infinity":64,"s:172:8:172:Infinity":65,"s:175:6:175:Infinity":66,"s:176:6:187:Infinity":67,"b:177:8:179:Infinity:undefined:undefined:undefined:undefined":17,"s:177:8:179:Infinity":68,"s:178:10:178:Infinity":69,"s:180:8:180:Infinity":70,"s:181:8:181:Infinity":71,"s:183:8:183:Infinity":72,"b:183:23:183:36:183:40:183:64":18,"s:184:8:184:Infinity":73,"s:186:8:186:Infinity":74,"s:191:2:191:Infinity":75,"f:199:16:199:24":22,"s:200:14:200:26":76,"s:202:20:202:29":77,"s:204:19:211:3":78,"f:204:19:204:20":23,"b:205:4:209:Infinity:207:11:209:Infinity":19,"s:205:4:209:Infinity":79,"s:206:6:206:Infinity":80,"s:208:6:208:Infinity":81,"s:210:4:210:Infinity":82,"f:210:22:210:23":24,"s:210:36:210:51":83,"s:213:20:216:3":84,"f:213:20:213:21":25,"s:214:4:214:Infinity":85,"s:215:4:215:Infinity":86,"f:215:11:215:12":26,"s:215:17:215:43":87,"s:218:2:218:Infinity":88,"f:226:16:226:29":27,"s:227:16:227:31":89,"s:229:19:235:3":90,"f:229:19:229:20":28,"b:230:4:234:Infinity:232:11:234:Infinity":20,"s:230:4:234:Infinity":91,"s:231:6:231:Infinity":92,"s:233:6:233:Infinity":93,"s:237:2:237:Infinity":94,"f:245:16:245:25":29,"b:245:51:245:53":21,"b:246:2:256:Infinity:250:9:256:Infinity":22,"s:246:2:256:Infinity":95,"s:248:4:248:Infinity":96,"s:249:4:249:Infinity":97,"b:250:9:256:Infinity:undefined:undefined:undefined:undefined":23,"s:250:9:256:Infinity":98,"s:252:24:254:6":99,"f:252:40:252:41":30,"s:253:6:253:Infinity":100,"s:255:4:255:Infinity":101,"f:265:16:265:27":31,"b:265:40:265:43":24,"s:268:2:273:Infinity":102,"f:268:9:268:10":32,"s:269:4:269:Infinity":103,"s:270:4:272:Infinity":104,"f:270:27:270:28":33,"s:271:6:271:Infinity":105,"f:282:16:282:27":34,"b:282:40:282:43":25,"s:283:17:283:18":106,"s:285:2:291:Infinity":107,"f:285:9:285:10":35,"s:286:16:286:26":108,"b:287:4:290:Infinity:undefined:undefined:undefined:undefined":26,"s:287:4:290:Infinity":109,"s:288:6:288:Infinity":110,"s:289:6:289:Infinity":111}}}
,"C:\\VS Code Softuni\\Чиста Дървеница\\src\\services\\auth.js": {"path":"C:\\VS Code Softuni\\Чиста Дървеница\\src\\services\\auth.js","statementMap":{"0":{"start":{"line":12,"column":2},"end":{"line":66,"column":null}},"1":{"start":{"line":14,"column":4},"end":{"line":16,"column":null}},"2":{"start":{"line":15,"column":6},"end":{"line":15,"column":null}},"3":{"start":{"line":18,"column":4},"end":{"line":20,"column":null}},"4":{"start":{"line":19,"column":6},"end":{"line":19,"column":null}},"5":{"start":{"line":22,"column":4},"end":{"line":22,"column":null}},"6":{"start":{"line":25,"column":49},"end":{"line":28,"column":6}},"7":{"start":{"line":30,"column":4},"end":{"line":33,"column":null}},"8":{"start":{"line":31,"column":6},"end":{"line":31,"column":null}},"9":{"start":{"line":32,"column":6},"end":{"line":32,"column":null}},"10":{"start":{"line":35,"column":4},"end":{"line":37,"column":null}},"11":{"start":{"line":36,"column":6},"end":{"line":36,"column":null}},"12":{"start":{"line":39,"column":4},"end":{"line":39,"column":null}},"13":{"start":{"line":42,"column":19},"end":{"line":42,"column":35}},"14":{"start":{"line":43,"column":36},"end":{"line":51,"column":6}},"15":{"start":{"line":53,"column":4},"end":{"line":56,"column":null}},"16":{"start":{"line":54,"column":6},"end":{"line":54,"column":null}},"17":{"start":{"line":55,"column":6},"end":{"line":55,"column":null}},"18":{"start":{"line":58,"column":4},"end":{"line":58,"column":null}},"19":{"start":{"line":60,"column":4},"end":{"line":60,"column":null}},"20":{"start":{"line":61,"column":4},"end":{"line":61,"column":null}},"21":{"start":{"line":63,"column":4},"end":{"line":63,"column":null}},"22":{"start":{"line":64,"column":4},"end":{"line":64,"column":null}},"23":{"start":{"line":65,"column":4},"end":{"line":65,"column":null}},"24":{"start":{"line":76,"column":2},"end":{"line":89,"column":null}},"25":{"start":{"line":77,"column":28},"end":{"line":80,"column":6}},"26":{"start":{"line":82,"column":4},"end":{"line":82,"column":null}},"27":{"start":{"line":82,"column":15},"end":{"line":82,"column":null}},"28":{"start":{"line":84,"column":4},"end":{"line":84,"column":null}},"29":{"start":{"line":85,"column":4},"end":{"line":85,"column":null}},"30":{"start":{"line":87,"column":4},"end":{"line":87,"column":null}},"31":{"start":{"line":88,"column":4},"end":{"line":88,"column":null}},"32":{"start":{"line":97,"column":2},"end":{"line":106,"column":null}},"33":{"start":{"line":98,"column":22},"end":{"line":98,"column":51}},"34":{"start":{"line":100,"column":4},"end":{"line":100,"column":null}},"35":{"start":{"line":100,"column":15},"end":{"line":100,"column":null}},"36":{"start":{"line":102,"column":4},"end":{"line":102,"column":null}},"37":{"start":{"line":104,"column":4},"end":{"line":104,"column":null}},"38":{"start":{"line":105,"column":4},"end":{"line":105,"column":null}},"39":{"start":{"line":114,"column":2},"end":{"line":129,"column":null}},"40":{"start":{"line":118,"column":8},"end":{"line":118,"column":37}},"41":{"start":{"line":120,"column":4},"end":{"line":123,"column":null}},"42":{"start":{"line":121,"column":6},"end":{"line":121,"column":null}},"43":{"start":{"line":122,"column":6},"end":{"line":122,"column":null}},"44":{"start":{"line":125,"column":4},"end":{"line":125,"column":null}},"45":{"start":{"line":127,"column":4},"end":{"line":127,"column":null}},"46":{"start":{"line":128,"column":4},"end":{"line":128,"column":null}}},"fnMap":{"0":{"name":"register","decl":{"start":{"line":11,"column":22},"end":{"line":11,"column":30}},"loc":{"start":{"line":11,"column":54},"end":{"line":67,"column":null}},"line":11},"1":{"name":"login","decl":{"start":{"line":75,"column":22},"end":{"line":75,"column":27}},"loc":{"start":{"line":75,"column":45},"end":{"line":90,"column":null}},"line":75},"2":{"name":"logout","decl":{"start":{"line":96,"column":22},"end":{"line":96,"column":28}},"loc":{"start":{"line":96,"column":31},"end":{"line":107,"column":null}},"line":96},"3":{"name":"getUser","decl":{"start":{"line":113,"column":22},"end":{"line":113,"column":29}},"loc":{"start":{"line":113,"column":32},"end":{"line":130,"column":null}},"line":113}},"branchMap":{"0":{"loc":{"start":{"line":14,"column":4},"end":{"line":16,"column":null}},"type":"if","locations":[{"start":{"line":14,"column":4},"end":{"line":16,"column":null}},{"start":{},"end":{}}],"line":14},"1":{"loc":{"start":{"line":14,"column":8},"end":{"line":14,"column":27}},"type":"binary-expr","locations":[{"start":{"line":14,"column":8},"end":{"line":14,"column":14}},{"start":{"line":14,"column":18},"end":{"line":14,"column":27}}],"line":14},"2":{"loc":{"start":{"line":18,"column":4},"end":{"line":20,"column":null}},"type":"if","locations":[{"start":{"line":18,"column":4},"end":{"line":20,"column":null}},{"start":{},"end":{}}],"line":18},"3":{"loc":{"start":{"line":30,"column":4},"end":{"line":33,"column":null}},"type":"if","locations":[{"start":{"line":30,"column":4},"end":{"line":33,"column":null}},{"start":{},"end":{}}],"line":30},"4":{"loc":{"start":{"line":32,"column":22},"end":{"line":32,"column":64}},"type":"binary-expr","locations":[{"start":{"line":32,"column":22},"end":{"line":32,"column":39}},{"start":{"line":32,"column":43},"end":{"line":32,"column":64}}],"line":32},"5":{"loc":{"start":{"line":35,"column":4},"end":{"line":37,"column":null}},"type":"if","locations":[{"start":{"line":35,"column":4},"end":{"line":37,"column":null}},{"start":{},"end":{}}],"line":35},"6":{"loc":{"start":{"line":49,"column":22},"end":{"line":49,"column":47}},"type":"binary-expr","locations":[{"start":{"line":49,"column":22},"end":{"line":49,"column":39}},{"start":{"line":49,"column":43},"end":{"line":49,"column":47}}],"line":49},"7":{"loc":{"start":{"line":53,"column":4},"end":{"line":56,"column":null}},"type":"if","locations":[{"start":{"line":53,"column":4},"end":{"line":56,"column":null}},{"start":{},"end":{}}],"line":53},"8":{"loc":{"start":{"line":55,"column":22},"end":{"line":55,"column":72}},"type":"binary-expr","locations":[{"start":{"line":55,"column":22},"end":{"line":55,"column":42}},{"start":{"line":55,"column":46},"end":{"line":55,"column":72}}],"line":55},"9":{"loc":{"start":{"line":82,"column":4},"end":{"line":82,"column":null}},"type":"if","locations":[{"start":{"line":82,"column":4},"end":{"line":82,"column":null}},{"start":{},"end":{}}],"line":82},"10":{"loc":{"start":{"line":100,"column":4},"end":{"line":100,"column":null}},"type":"if","locations":[{"start":{"line":100,"column":4},"end":{"line":100,"column":null}},{"start":{},"end":{}}],"line":100},"11":{"loc":{"start":{"line":120,"column":4},"end":{"line":123,"column":null}},"type":"if","locations":[{"start":{"line":120,"column":4},"end":{"line":123,"column":null}},{"start":{},"end":{}}],"line":120}},"s":{"0":1,"1":1,"2":0,"3":1,"4":0,"5":1,"6":1,"7":1,"8":0,"9":0,"10":1,"11":0,"12":1,"13":1,"14":1,"15":1,"16":0,"17":0,"18":1,"19":1,"20":1,"21":0,"22":0,"23":0,"24":3,"25":3,"26":3,"27":1,"28":2,"29":2,"30":1,"31":1,"32":1,"33":1,"34":1,"35":0,"36":1,"37":0,"38":0,"39":0,"40":0,"41":0,"42":0,"43":0,"44":0,"45":0,"46":0},"f":{"0":1,"1":3,"2":1,"3":0},"b":{"0":[0,1],"1":[1,1],"2":[0,1],"3":[0,1],"4":[0,0],"5":[0,1],"6":[1,0],"7":[0,1],"8":[0,0],"9":[1,2],"10":[0,1],"11":[0,0]},"meta":{"lastBranch":12,"lastFunction":4,"lastStatement":47,"seen":{"f:11:22:11:30":0,"s:12:2:66:Infinity":0,"b:14:4:16:Infinity:undefined:undefined:undefined:undefined":0,"s:14:4:16:Infinity":1,"b:14:8:14:14:14:18:14:27":1,"s:15:6:15:Infinity":2,"b:18:4:20:Infinity:undefined:undefined:undefined:undefined":2,"s:18:4:20:Infinity":3,"s:19:6:19:Infinity":4,"s:22:4:22:Infinity":5,"s:25:49:28:6":6,"b:30:4:33:Infinity:undefined:undefined:undefined:undefined":3,"s:30:4:33:Infinity":7,"s:31:6:31:Infinity":8,"s:32:6:32:Infinity":9,"b:32:22:32:39:32:43:32:64":4,"b:35:4:37:Infinity:undefined:undefined:undefined:undefined":5,"s:35:4:37:Infinity":10,"s:36:6:36:Infinity":11,"s:39:4:39:Infinity":12,"s:42:19:42:35":13,"s:43:36:51:6":14,"b:49:22:49:39:49:43:49:47":6,"b:53:4:56:Infinity:undefined:undefined:undefined:undefined":7,"s:53:4:56:Infinity":15,"s:54:6:54:Infinity":16,"s:55:6:55:Infinity":17,"b:55:22:55:42:55:46:55:72":8,"s:58:4:58:Infinity":18,"s:60:4:60:Infinity":19,"s:61:4:61:Infinity":20,"s:63:4:63:Infinity":21,"s:64:4:64:Infinity":22,"s:65:4:65:Infinity":23,"f:75:22:75:27":1,"s:76:2:89:Infinity":24,"s:77:28:80:6":25,"b:82:4:82:Infinity:undefined:undefined:undefined:undefined":9,"s:82:4:82:Infinity":26,"s:82:15:82:Infinity":27,"s:84:4:84:Infinity":28,"s:85:4:85:Infinity":29,"s:87:4:87:Infinity":30,"s:88:4:88:Infinity":31,"f:96:22:96:28":2,"s:97:2:106:Infinity":32,"s:98:22:98:51":33,"b:100:4:100:Infinity:undefined:undefined:undefined:undefined":10,"s:100:4:100:Infinity":34,"s:100:15:100:Infinity":35,"s:102:4:102:Infinity":36,"s:104:4:104:Infinity":37,"s:105:4:105:Infinity":38,"f:113:22:113:29":3,"s:114:2:129:Infinity":39,"s:118:8:118:37":40,"b:120:4:123:Infinity:undefined:undefined:undefined:undefined":11,"s:120:4:123:Infinity":41,"s:121:6:121:Infinity":42,"s:122:6:122:Infinity":43,"s:125:4:125:Infinity":44,"s:127:4:127:Infinity":45,"s:128:4:128:Infinity":46}}}
,"C:\\VS Code Softuni\\Чиста Дървеница\\src\\services\\errorHandler.js": {"path":"C:\\VS Code Softuni\\Чиста Дървеница\\src\\services\\errorHandler.js","statementMap":{"0":{"start":{"line":12,"column":27},"end":{"line":21,"column":1}},"1":{"start":{"line":28,"column":4},"end":{"line":28,"column":null}},"2":{"start":{"line":29,"column":4},"end":{"line":29,"column":null}},"3":{"start":{"line":30,"column":4},"end":{"line":30,"column":null}},"4":{"start":{"line":31,"column":4},"end":{"line":31,"column":null}},"5":{"start":{"line":32,"column":4},"end":{"line":32,"column":null}},"6":{"start":{"line":36,"column":4},"end":{"line":41,"column":null}},"7":{"start":{"line":50,"column":4},"end":{"line":50,"column":null}},"8":{"start":{"line":51,"column":4},"end":{"line":51,"column":null}},"9":{"start":{"line":52,"column":4},"end":{"line":52,"column":null}},"10":{"start":{"line":60,"column":4},"end":{"line":63,"column":null}},"11":{"start":{"line":61,"column":6},"end":{"line":61,"column":null}},"12":{"start":{"line":62,"column":6},"end":{"line":62,"column":null}},"13":{"start":{"line":66,"column":4},"end":{"line":71,"column":null}},"14":{"start":{"line":67,"column":6},"end":{"line":67,"column":null}},"15":{"start":{"line":68,"column":6},"end":{"line":68,"column":null}},"16":{"start":{"line":70,"column":6},"end":{"line":70,"column":null}},"17":{"start":{"line":74,"column":4},"end":{"line":77,"column":null}},"18":{"start":{"line":75,"column":6},"end":{"line":75,"column":null}},"19":{"start":{"line":76,"column":6},"end":{"line":76,"column":null}},"20":{"start":{"line":80,"column":4},"end":{"line":84,"column":null}},"21":{"start":{"line":81,"column":22},"end":{"line":81,"column":68}},"22":{"start":{"line":82,"column":6},"end":{"line":82,"column":null}},"23":{"start":{"line":83,"column":6},"end":{"line":83,"column":null}},"24":{"start":{"line":87,"column":4},"end":{"line":90,"column":null}},"25":{"start":{"line":88,"column":6},"end":{"line":88,"column":null}},"26":{"start":{"line":89,"column":6},"end":{"line":89,"column":null}},"27":{"start":{"line":93,"column":4},"end":{"line":96,"column":null}},"28":{"start":{"line":94,"column":6},"end":{"line":94,"column":null}},"29":{"start":{"line":95,"column":6},"end":{"line":95,"column":null}},"30":{"start":{"line":99,"column":4},"end":{"line":102,"column":null}},"31":{"start":{"line":100,"column":6},"end":{"line":100,"column":null}},"32":{"start":{"line":101,"column":6},"end":{"line":101,"column":null}},"33":{"start":{"line":105,"column":4},"end":{"line":108,"column":null}},"34":{"start":{"line":106,"column":6},"end":{"line":106,"column":null}},"35":{"start":{"line":107,"column":6},"end":{"line":107,"column":null}},"36":{"start":{"line":115,"column":4},"end":{"line":115,"column":null}},"37":{"start":{"line":122,"column":4},"end":{"line":122,"column":null}},"38":{"start":{"line":123,"column":4},"end":{"line":123,"column":null}},"39":{"start":{"line":123,"column":17},"end":{"line":123,"column":53}},"40":{"start":{"line":132,"column":6},"end":{"line":134,"column":85}},"41":{"start":{"line":137,"column":4},"end":{"line":137,"column":null}},"42":{"start":{"line":140,"column":4},"end":{"line":146,"column":null}},"43":{"start":{"line":141,"column":6},"end":{"line":145,"column":null}},"44":{"start":{"line":142,"column":8},"end":{"line":142,"column":null}},"45":{"start":{"line":144,"column":8},"end":{"line":144,"column":null}},"46":{"start":{"line":149,"column":21},"end":{"line":149,"column":60}},"47":{"start":{"line":150,"column":4},"end":{"line":156,"column":null}},"48":{"start":{"line":151,"column":6},"end":{"line":155,"column":null}},"49":{"start":{"line":152,"column":8},"end":{"line":152,"column":null}},"50":{"start":{"line":154,"column":8},"end":{"line":154,"column":null}},"51":{"start":{"line":158,"column":4},"end":{"line":158,"column":null}},"52":{"start":{"line":165,"column":4},"end":{"line":171,"column":null}},"53":{"start":{"line":166,"column":6},"end":{"line":166,"column":null}},"54":{"start":{"line":168,"column":6},"end":{"line":168,"column":null}},"55":{"start":{"line":169,"column":6},"end":{"line":169,"column":null}},"56":{"start":{"line":170,"column":6},"end":{"line":170,"column":null}},"57":{"start":{"line":180,"column":4},"end":{"line":194,"column":null}},"58":{"start":{"line":180,"column":23},"end":{"line":180,"column":24}},"59":{"start":{"line":181,"column":6},"end":{"line":193,"column":null}},"60":{"start":{"line":182,"column":8},"end":{"line":182,"column":null}},"61":{"start":{"line":184,"column":8},"end":{"line":184,"column":null}},"62":{"start":{"line":185,"column":8},"end":{"line":187,"column":null}},"63":{"start":{"line":189,"column":8},"end":{"line":192,"column":null}},"64":{"start":{"line":190,"column":31},"end":{"line":190,"column":63}},"65":{"start":{"line":191,"column":10},"end":{"line":191,"column":null}},"66":{"start":{"line":191,"column":41},"end":{"line":191,"column":74}},"67":{"start":{"line":196,"column":4},"end":{"line":196,"column":null}},"68":{"start":{"line":197,"column":4},"end":{"line":197,"column":null}},"69":{"start":{"line":204,"column":4},"end":{"line":209,"column":null}},"70":{"start":{"line":205,"column":6},"end":{"line":205,"column":null}},"71":{"start":{"line":207,"column":6},"end":{"line":207,"column":null}},"72":{"start":{"line":208,"column":6},"end":{"line":208,"column":null}},"73":{"start":{"line":216,"column":4},"end":{"line":221,"column":null}},"74":{"start":{"line":217,"column":6},"end":{"line":217,"column":null}},"75":{"start":{"line":219,"column":6},"end":{"line":219,"column":null}},"76":{"start":{"line":220,"column":6},"end":{"line":220,"column":null}},"77":{"start":{"line":228,"column":4},"end":{"line":230,"column":null}},"78":{"start":{"line":229,"column":6},"end":{"line":229,"column":null}},"79":{"start":{"line":231,"column":4},"end":{"line":231,"column":null}},"80":{"start":{"line":238,"column":4},"end":{"line":238,"column":null}},"81":{"start":{"line":245,"column":4},"end":{"line":245,"column":null}},"82":{"start":{"line":250,"column":21},"end":{"line":250,"column":39}},"83":{"start":{"line":255,"column":27},"end":{"line":255,"column":68}},"84":{"start":{"line":255,"column":40},"end":{"line":255,"column":68}},"85":{"start":{"line":262,"column":2},"end":{"line":265,"column":null}},"86":{"start":{"line":263,"column":4},"end":{"line":263,"column":null}},"87":{"start":{"line":264,"column":4},"end":{"line":264,"column":null}},"88":{"start":{"line":268,"column":2},"end":{"line":271,"column":null}},"89":{"start":{"line":269,"column":4},"end":{"line":269,"column":null}},"90":{"start":{"line":270,"column":4},"end":{"line":270,"column":null}},"91":{"start":{"line":273,"column":2},"end":{"line":273,"column":null}}},"fnMap":{"0":{"name":"(anonymous_0)","decl":{"start":{"line":27,"column":2},"end":{"line":27,"column":13}},"loc":{"start":{"line":27,"column":67},"end":{"line":33,"column":null}},"line":27},"1":{"name":"(anonymous_1)","decl":{"start":{"line":35,"column":2},"end":{"line":35,"column":8}},"loc":{"start":{"line":35,"column":11},"end":{"line":42,"column":null}},"line":35},"2":{"name":"(anonymous_2)","decl":{"start":{"line":49,"column":2},"end":{"line":49,"column":13}},"loc":{"start":{"line":49,"column":16},"end":{"line":53,"column":null}},"line":49},"3":{"name":"(anonymous_3)","decl":{"start":{"line":58,"column":2},"end":{"line":58,"column":24}},"loc":{"start":{"line":58,"column":27},"end":{"line":109,"column":null}},"line":58},"4":{"name":"(anonymous_4)","decl":{"start":{"line":60,"column":47},"end":{"line":60,"column":48}},"loc":{"start":{"line":60,"column":58},"end":{"line":63,"column":5}},"line":60},"5":{"name":"(anonymous_5)","decl":{"start":{"line":66,"column":44},"end":{"line":66,"column":45}},"loc":{"start":{"line":66,"column":55},"end":{"line":71,"column":5}},"line":66},"6":{"name":"(anonymous_6)","decl":{"start":{"line":74,"column":50},"end":{"line":74,"column":51}},"loc":{"start":{"line":74,"column":61},"end":{"line":77,"column":5}},"line":74},"7":{"name":"(anonymous_7)","decl":{"start":{"line":80,"column":43},"end":{"line":80,"column":44}},"loc":{"start":{"line":80,"column":54},"end":{"line":84,"column":5}},"line":80},"8":{"name":"(anonymous_8)","decl":{"start":{"line":87,"column":50},"end":{"line":87,"column":51}},"loc":{"start":{"line":87,"column":61},"end":{"line":90,"column":5}},"line":87},"9":{"name":"(anonymous_9)","decl":{"start":{"line":93,"column":49},"end":{"line":93,"column":50}},"loc":{"start":{"line":93,"column":60},"end":{"line":96,"column":5}},"line":93},"10":{"name":"(anonymous_10)","decl":{"start":{"line":99,"column":46},"end":{"line":99,"column":47}},"loc":{"start":{"line":99,"column":57},"end":{"line":102,"column":5}},"line":99},"11":{"name":"(anonymous_11)","decl":{"start":{"line":105,"column":47},"end":{"line":105,"column":48}},"loc":{"start":{"line":105,"column":58},"end":{"line":108,"column":5}},"line":105},"12":{"name":"(anonymous_12)","decl":{"start":{"line":114,"column":2},"end":{"line":114,"column":18}},"loc":{"start":{"line":114,"column":39},"end":{"line":116,"column":null}},"line":114},"13":{"name":"(anonymous_13)","decl":{"start":{"line":121,"column":2},"end":{"line":121,"column":11}},"loc":{"start":{"line":121,"column":22},"end":{"line":124,"column":null}},"line":121},"14":{"name":"(anonymous_14)","decl":{"start":{"line":123,"column":11},"end":{"line":123,"column":12}},"loc":{"start":{"line":123,"column":17},"end":{"line":123,"column":53}},"line":123},"15":{"name":"(anonymous_15)","decl":{"start":{"line":129,"column":2},"end":{"line":129,"column":8}},"loc":{"start":{"line":129,"column":16},"end":{"line":159,"column":null}},"line":129},"16":{"name":"(anonymous_16)","decl":{"start":{"line":140,"column":32},"end":{"line":140,"column":33}},"loc":{"start":{"line":140,"column":46},"end":{"line":146,"column":5}},"line":140},"17":{"name":"(anonymous_17)","decl":{"start":{"line":164,"column":8},"end":{"line":164,"column":19}},"loc":{"start":{"line":164,"column":58},"end":{"line":172,"column":null}},"line":164},"18":{"name":"(anonymous_18)","decl":{"start":{"line":177,"column":8},"end":{"line":177,"column":13}},"loc":{"start":{"line":177,"column":54},"end":{"line":198,"column":null}},"line":177},"19":{"name":"(anonymous_19)","decl":{"start":{"line":191,"column":28},"end":{"line":191,"column":29}},"loc":{"start":{"line":191,"column":41},"end":{"line":191,"column":74}},"line":191},"20":{"name":"(anonymous_20)","decl":{"start":{"line":203,"column":2},"end":{"line":203,"column":6}},"loc":{"start":{"line":203,"column":20},"end":{"line":210,"column":null}},"line":203},"21":{"name":"(anonymous_21)","decl":{"start":{"line":215,"column":8},"end":{"line":215,"column":17}},"loc":{"start":{"line":215,"column":36},"end":{"line":222,"column":null}},"line":215},"22":{"name":"(anonymous_22)","decl":{"start":{"line":227,"column":2},"end":{"line":227,"column":15}},"loc":{"start":{"line":227,"column":23},"end":{"line":232,"column":null}},"line":227},"23":{"name":"(anonymous_23)","decl":{"start":{"line":237,"column":2},"end":{"line":237,"column":14}},"loc":{"start":{"line":237,"column":17},"end":{"line":239,"column":null}},"line":237},"24":{"name":"(anonymous_24)","decl":{"start":{"line":244,"column":2},"end":{"line":244,"column":13}},"loc":{"start":{"line":244,"column":16},"end":{"line":246,"column":null}},"line":244},"25":{"name":"(anonymous_25)","decl":{"start":{"line":255,"column":27},"end":{"line":255,"column":28}},"loc":{"start":{"line":255,"column":40},"end":{"line":255,"column":68}},"line":255},"26":{"name":"setupGlobalErrorHandling","decl":{"start":{"line":260,"column":16},"end":{"line":260,"column":40}},"loc":{"start":{"line":260,"column":43},"end":{"line":274,"column":null}},"line":260},"27":{"name":"(anonymous_27)","decl":{"start":{"line":262,"column":48},"end":{"line":262,"column":49}},"loc":{"start":{"line":262,"column":59},"end":{"line":265,"column":3}},"line":262},"28":{"name":"(anonymous_28)","decl":{"start":{"line":268,"column":35},"end":{"line":268,"column":36}},"loc":{"start":{"line":268,"column":46},"end":{"line":271,"column":3}},"line":268}},"branchMap":{"0":{"loc":{"start":{"line":27,"column":23},"end":{"line":27,"column":49}},"type":"default-arg","locations":[{"start":{"line":27,"column":30},"end":{"line":27,"column":49}}],"line":27},"1":{"loc":{"start":{"line":27,"column":51},"end":{"line":27,"column":65}},"type":"default-arg","locations":[{"start":{"line":27,"column":61},"end":{"line":27,"column":65}}],"line":27},"2":{"loc":{"start":{"line":81,"column":22},"end":{"line":81,"column":68}},"type":"binary-expr","locations":[{"start":{"line":81,"column":22},"end":{"line":81,"column":44}},{"start":{"line":81,"column":48},"end":{"line":81,"column":68}}],"line":81},"3":{"loc":{"start":{"line":132,"column":6},"end":{"line":134,"column":85}},"type":"cond-expr","locations":[{"start":{"line":133,"column":10},"end":{"line":133,"column":null}},{"start":{"line":134,"column":10},"end":{"line":134,"column":85}}],"line":132},"4":{"loc":{"start":{"line":134,"column":23},"end":{"line":134,"column":56}},"type":"binary-expr","locations":[{"start":{"line":134,"column":23},"end":{"line":134,"column":37}},{"start":{"line":134,"column":41},"end":{"line":134,"column":56}}],"line":134},"5":{"loc":{"start":{"line":150,"column":4},"end":{"line":156,"column":null}},"type":"if","locations":[{"start":{"line":150,"column":4},"end":{"line":156,"column":null}},{"start":{},"end":{}}],"line":150},"6":{"loc":{"start":{"line":164,"column":29},"end":{"line":164,"column":56}},"type":"default-arg","locations":[{"start":{"line":164,"column":39},"end":{"line":164,"column":56}}],"line":164},"7":{"loc":{"start":{"line":177,"column":23},"end":{"line":177,"column":38}},"type":"default-arg","locations":[{"start":{"line":177,"column":37},"end":{"line":177,"column":38}}],"line":177},"8":{"loc":{"start":{"line":177,"column":40},"end":{"line":177,"column":52}},"type":"default-arg","locations":[{"start":{"line":177,"column":48},"end":{"line":177,"column":52}}],"line":177},"9":{"loc":{"start":{"line":189,"column":8},"end":{"line":192,"column":null}},"type":"if","locations":[{"start":{"line":189,"column":8},"end":{"line":192,"column":null}},{"start":{},"end":{}}],"line":189},"10":{"loc":{"start":{"line":228,"column":4},"end":{"line":230,"column":null}},"type":"if","locations":[{"start":{"line":228,"column":4},"end":{"line":230,"column":null}},{"start":{},"end":{}}],"line":228},"11":{"loc":{"start":{"line":229,"column":13},"end":{"line":229,"column":32}},"type":"binary-expr","locations":[{"start":{"line":229,"column":13},"end":{"line":229,"column":26}},{"start":{"line":229,"column":30},"end":{"line":229,"column":32}}],"line":229}},"s":{"0":2,"1":3,"2":3,"3":3,"4":3,"5":3,"6":0,"7":2,"8":2,"9":2,"10":2,"11":0,"12":0,"13":2,"14":0,"15":0,"16":0,"17":2,"18":0,"19":0,"20":2,"21":0,"22":0,"23":0,"24":2,"25":0,"26":0,"27":2,"28":0,"29":0,"30":2,"31":0,"32":0,"33":2,"34":2,"35":2,"36":16,"37":0,"38":0,"39":0,"40":2,"41":2,"42":2,"43":0,"44":0,"45":0,"46":2,"47":2,"48":2,"49":2,"50":0,"51":2,"52":0,"53":0,"54":0,"55":0,"56":0,"57":0,"58":0,"59":0,"60":0,"61":0,"62":0,"63":0,"64":0,"65":0,"66":0,"67":0,"68":0,"69":0,"70":0,"71":0,"72":0,"73":0,"74":0,"75":0,"76":0,"77":0,"78":0,"79":0,"80":0,"81":0,"82":2,"83":2,"84":2,"85":0,"86":0,"87":0,"88":0,"89":0,"90":0,"91":0},"f":{"0":3,"1":0,"2":2,"3":2,"4":0,"5":0,"6":0,"7":0,"8":0,"9":0,"10":0,"11":2,"12":16,"13":0,"14":0,"15":2,"16":0,"17":0,"18":0,"19":0,"20":0,"21":0,"22":0,"23":0,"24":0,"25":2,"26":0,"27":0,"28":0},"b":{"0":[3],"1":[3],"2":[0,0],"3":[0,2],"4":[2,1],"5":[2,0],"6":[0],"7":[0],"8":[0],"9":[0,0],"10":[0,0],"11":[0,0]},"meta":{"lastBranch":12,"lastFunction":29,"lastStatement":92,"seen":{"s:12:27:21:1":0,"f:27:2:27:13":0,"b:27:30:27:49":0,"b:27:61:27:65":1,"s:28:4:28:Infinity":1,"s:29:4:29:Infinity":2,"s:30:4:30:Infinity":3,"s:31:4:31:Infinity":4,"s:32:4:32:Infinity":5,"f:35:2:35:8":1,"s:36:4:41:Infinity":6,"f:49:2:49:13":2,"s:50:4:50:Infinity":7,"s:51:4:51:Infinity":8,"s:52:4:52:Infinity":9,"f:58:2:58:24":3,"s:60:4:63:Infinity":10,"f:60:47:60:48":4,"s:61:6:61:Infinity":11,"s:62:6:62:Infinity":12,"s:66:4:71:Infinity":13,"f:66:44:66:45":5,"s:67:6:67:Infinity":14,"s:68:6:68:Infinity":15,"s:70:6:70:Infinity":16,"s:74:4:77:Infinity":17,"f:74:50:74:51":6,"s:75:6:75:Infinity":18,"s:76:6:76:Infinity":19,"s:80:4:84:Infinity":20,"f:80:43:80:44":7,"s:81:22:81:68":21,"b:81:22:81:44:81:48:81:68":2,"s:82:6:82:Infinity":22,"s:83:6:83:Infinity":23,"s:87:4:90:Infinity":24,"f:87:50:87:51":8,"s:88:6:88:Infinity":25,"s:89:6:89:Infinity":26,"s:93:4:96:Infinity":27,"f:93:49:93:50":9,"s:94:6:94:Infinity":28,"s:95:6:95:Infinity":29,"s:99:4:102:Infinity":30,"f:99:46:99:47":10,"s:100:6:100:Infinity":31,"s:101:6:101:Infinity":32,"s:105:4:108:Infinity":33,"f:105:47:105:48":11,"s:106:6:106:Infinity":34,"s:107:6:107:Infinity":35,"f:114:2:114:18":12,"s:115:4:115:Infinity":36,"f:121:2:121:11":13,"s:122:4:122:Infinity":37,"s:123:4:123:Infinity":38,"f:123:11:123:12":14,"s:123:17:123:53":39,"f:129:2:129:8":15,"s:132:6:134:85":40,"b:133:10:133:Infinity:134:10:134:85":3,"b:134:23:134:37:134:41:134:56":4,"s:137:4:137:Infinity":41,"s:140:4:146:Infinity":42,"f:140:32:140:33":16,"s:141:6:145:Infinity":43,"s:142:8:142:Infinity":44,"s:144:8:144:Infinity":45,"s:149:21:149:60":46,"b:150:4:156:Infinity:undefined:undefined:undefined:undefined":5,"s:150:4:156:Infinity":47,"s:151:6:155:Infinity":48,"s:152:8:152:Infinity":49,"s:154:8:154:Infinity":50,"s:158:4:158:Infinity":51,"f:164:8:164:19":17,"b:164:39:164:56":6,"s:165:4:171:Infinity":52,"s:166:6:166:Infinity":53,"s:168:6:168:Infinity":54,"s:169:6:169:Infinity":55,"s:170:6:170:Infinity":56,"f:177:8:177:13":18,"b:177:37:177:38":7,"b:177:48:177:52":8,"s:180:4:194:Infinity":57,"s:180:23:180:24":58,"s:181:6:193:Infinity":59,"s:182:8:182:Infinity":60,"s:184:8:184:Infinity":61,"s:185:8:187:Infinity":62,"b:189:8:192:Infinity:undefined:undefined:undefined:undefined":9,"s:189:8:192:Infinity":63,"s:190:31:190:63":64,"s:191:10:191:Infinity":65,"f:191:28:191:29":19,"s:191:41:191:74":66,"s:196:4:196:Infinity":67,"s:197:4:197:Infinity":68,"f:203:2:203:6":20,"s:204:4:209:Infinity":69,"s:205:6:205:Infinity":70,"s:207:6:207:Infinity":71,"s:208:6:208:Infinity":72,"f:215:8:215:17":21,"s:216:4:221:Infinity":73,"s:217:6:217:Infinity":74,"s:219:6:219:Infinity":75,"s:220:6:220:Infinity":76,"f:227:2:227:15":22,"b:228:4:230:Infinity:undefined:undefined:undefined:undefined":10,"s:228:4:230:Infinity":77,"s:229:6:229:Infinity":78,"b:229:13:229:26:229:30:229:32":11,"s:231:4:231:Infinity":79,"f:237:2:237:14":23,"s:238:4:238:Infinity":80,"f:244:2:244:13":24,"s:245:4:245:Infinity":81,"s:250:21:250:39":82,"s:255:27:255:68":83,"f:255:27:255:28":25,"s:255:40:255:68":84,"f:260:16:260:40":26,"s:262:2:265:Infinity":85,"f:262:48:262:49":27,"s:263:4:263:Infinity":86,"s:264:4:264:Infinity":87,"s:268:2:271:Infinity":88,"f:268:35:268:36":28,"s:269:4:269:Infinity":89,"s:270:4:270:Infinity":90,"s:273:2:273:Infinity":91}}}
,"C:\\VS Code Softuni\\Чиста Дървеница\\src\\services\\logger.js": {"path":"C:\\VS Code Softuni\\Чиста Дървеница\\src\\services\\logger.js","statementMap":{"0":{"start":{"line":6,"column":19},"end":{"line":12,"column":1}},"1":{"start":{"line":16,"column":4},"end":{"line":16,"column":null}},"2":{"start":{"line":17,"column":4},"end":{"line":17,"column":null}},"3":{"start":{"line":18,"column":4},"end":{"line":18,"column":null}},"4":{"start":{"line":20,"column":4},"end":{"line":20,"column":30}},"5":{"start":{"line":21,"column":4},"end":{"line":21,"column":null}},"6":{"start":{"line":29,"column":4},"end":{"line":29,"column":null}},"7":{"start":{"line":37,"column":4},"end":{"line":37,"column":null}},"8":{"start":{"line":38,"column":4},"end":{"line":38,"column":null}},"9":{"start":{"line":38,"column":17},"end":{"line":38,"column":48}},"10":{"start":{"line":45,"column":21},"end":{"line":52,"column":5}},"11":{"start":{"line":55,"column":4},"end":{"line":55,"column":null}},"12":{"start":{"line":58,"column":4},"end":{"line":60,"column":null}},"13":{"start":{"line":59,"column":6},"end":{"line":59,"column":null}},"14":{"start":{"line":63,"column":4},"end":{"line":69,"column":null}},"15":{"start":{"line":64,"column":6},"end":{"line":68,"column":null}},"16":{"start":{"line":65,"column":8},"end":{"line":65,"column":null}},"17":{"start":{"line":67,"column":8},"end":{"line":67,"column":null}},"18":{"start":{"line":71,"column":4},"end":{"line":75,"column":null}},"19":{"start":{"line":72,"column":19},"end":{"line":72,"column":74}},"20":{"start":{"line":73,"column":6},"end":{"line":73,"column":null}},"21":{"start":{"line":74,"column":6},"end":{"line":74,"column":null}},"22":{"start":{"line":77,"column":4},"end":{"line":77,"column":null}},"23":{"start":{"line":84,"column":4},"end":{"line":84,"column":null}},"24":{"start":{"line":84,"column":40},"end":{"line":84,"column":null}},"25":{"start":{"line":85,"column":18},"end":{"line":85,"column":55}},"26":{"start":{"line":86,"column":4},"end":{"line":88,"column":null}},"27":{"start":{"line":87,"column":6},"end":{"line":87,"column":null}},"28":{"start":{"line":89,"column":4},"end":{"line":89,"column":null}},"29":{"start":{"line":96,"column":4},"end":{"line":106,"column":null}},"30":{"start":{"line":98,"column":8},"end":{"line":98,"column":null}},"31":{"start":{"line":99,"column":8},"end":{"line":99,"column":null}},"32":{"start":{"line":101,"column":8},"end":{"line":101,"column":null}},"33":{"start":{"line":102,"column":8},"end":{"line":102,"column":null}},"34":{"start":{"line":104,"column":8},"end":{"line":104,"column":null}},"35":{"start":{"line":105,"column":8},"end":{"line":105,"column":null}},"36":{"start":{"line":109,"column":4},"end":{"line":109,"column":null}},"37":{"start":{"line":116,"column":4},"end":{"line":116,"column":null}},"38":{"start":{"line":123,"column":4},"end":{"line":123,"column":null}},"39":{"start":{"line":130,"column":18},"end":{"line":134,"column":6}},"40":{"start":{"line":135,"column":4},"end":{"line":135,"column":null}},"41":{"start":{"line":137,"column":4},"end":{"line":137,"column":null}},"42":{"start":{"line":144,"column":20},"end":{"line":144,"column":38}},"43":{"start":{"line":145,"column":17},"end":{"line":145,"column":61}},"44":{"start":{"line":147,"column":4},"end":{"line":151,"column":null}},"45":{"start":{"line":148,"column":6},"end":{"line":148,"column":null}},"46":{"start":{"line":150,"column":6},"end":{"line":150,"column":null}},"47":{"start":{"line":158,"column":4},"end":{"line":158,"column":null}},"48":{"start":{"line":165,"column":4},"end":{"line":165,"column":null}},"49":{"start":{"line":172,"column":4},"end":{"line":172,"column":null}},"50":{"start":{"line":172,"column":16},"end":{"line":172,"column":null}},"51":{"start":{"line":173,"column":4},"end":{"line":173,"column":null}},"52":{"start":{"line":173,"column":37},"end":{"line":173,"column":70}},"53":{"start":{"line":180,"column":4},"end":{"line":180,"column":null}},"54":{"start":{"line":187,"column":4},"end":{"line":187,"column":null}},"55":{"start":{"line":194,"column":4},"end":{"line":207,"column":null}},"56":{"start":{"line":195,"column":23},"end":{"line":199,"column":8}},"57":{"start":{"line":201,"column":6},"end":{"line":204,"column":null}},"58":{"start":{"line":202,"column":8},"end":{"line":202,"column":null}},"59":{"start":{"line":203,"column":8},"end":{"line":203,"column":null}},"60":{"start":{"line":206,"column":6},"end":{"line":206,"column":null}},"61":{"start":{"line":214,"column":18},"end":{"line":214,"column":37}},"62":{"start":{"line":215,"column":28},"end":{"line":215,"column":71}},"63":{"start":{"line":217,"column":4},"end":{"line":221,"column":null}},"64":{"start":{"line":218,"column":6},"end":{"line":220,"column":null}},"65":{"start":{"line":219,"column":8},"end":{"line":219,"column":null}},"66":{"start":{"line":223,"column":4},"end":{"line":223,"column":null}},"67":{"start":{"line":228,"column":15},"end":{"line":228,"column":27}},"68":{"start":{"line":231,"column":20},"end":{"line":231,"column":53}},"69":{"start":{"line":231,"column":33},"end":{"line":231,"column":53}},"70":{"start":{"line":232,"column":20},"end":{"line":232,"column":53}},"71":{"start":{"line":232,"column":33},"end":{"line":232,"column":53}},"72":{"start":{"line":233,"column":21},"end":{"line":233,"column":55}},"73":{"start":{"line":233,"column":34},"end":{"line":233,"column":55}},"74":{"start":{"line":234,"column":21},"end":{"line":234,"column":55}},"75":{"start":{"line":234,"column":34},"end":{"line":234,"column":55}},"76":{"start":{"line":235,"column":21},"end":{"line":235,"column":55}},"77":{"start":{"line":235,"column":34},"end":{"line":235,"column":55}},"78":{"start":{"line":236,"column":23},"end":{"line":236,"column":59}},"79":{"start":{"line":236,"column":36},"end":{"line":236,"column":59}},"80":{"start":{"line":237,"column":25},"end":{"line":237,"column":63}},"81":{"start":{"line":237,"column":38},"end":{"line":237,"column":63}}},"fnMap":{"0":{"name":"(anonymous_0)","decl":{"start":{"line":15,"column":2},"end":{"line":15,"column":13}},"loc":{"start":{"line":15,"column":16},"end":{"line":22,"column":null}},"line":15},"1":{"name":"(anonymous_1)","decl":{"start":{"line":28,"column":2},"end":{"line":28,"column":10}},"loc":{"start":{"line":28,"column":18},"end":{"line":30,"column":null}},"line":28},"2":{"name":"(anonymous_2)","decl":{"start":{"line":36,"column":2},"end":{"line":36,"column":11}},"loc":{"start":{"line":36,"column":22},"end":{"line":39,"column":null}},"line":36},"3":{"name":"(anonymous_3)","decl":{"start":{"line":38,"column":11},"end":{"line":38,"column":12}},"loc":{"start":{"line":38,"column":17},"end":{"line":38,"column":48}},"line":38},"4":{"name":"(anonymous_4)","decl":{"start":{"line":44,"column":2},"end":{"line":44,"column":10}},"loc":{"start":{"line":44,"column":40},"end":{"line":78,"column":null}},"line":44},"5":{"name":"(anonymous_5)","decl":{"start":{"line":63,"column":27},"end":{"line":63,"column":28}},"loc":{"start":{"line":63,"column":41},"end":{"line":69,"column":5}},"line":63},"6":{"name":"(anonymous_6)","decl":{"start":{"line":83,"column":2},"end":{"line":83,"column":7}},"loc":{"start":{"line":83,"column":30},"end":{"line":90,"column":null}},"line":83},"7":{"name":"(anonymous_7)","decl":{"start":{"line":95,"column":2},"end":{"line":95,"column":6}},"loc":{"start":{"line":95,"column":23},"end":{"line":107,"column":null}},"line":95},"8":{"name":"(anonymous_8)","decl":{"start":{"line":108,"column":2},"end":{"line":108,"column":6}},"loc":{"start":{"line":108,"column":16},"end":{"line":110,"column":null}},"line":108},"9":{"name":"(anonymous_9)","decl":{"start":{"line":115,"column":2},"end":{"line":115,"column":6}},"loc":{"start":{"line":115,"column":16},"end":{"line":117,"column":null}},"line":115},"10":{"name":"(anonymous_10)","decl":{"start":{"line":122,"column":2},"end":{"line":122,"column":7}},"loc":{"start":{"line":122,"column":17},"end":{"line":124,"column":null}},"line":122},"11":{"name":"(anonymous_11)","decl":{"start":{"line":129,"column":2},"end":{"line":129,"column":7}},"loc":{"start":{"line":129,"column":44},"end":{"line":138,"column":null}},"line":129},"12":{"name":"(anonymous_12)","decl":{"start":{"line":143,"column":2},"end":{"line":143,"column":8}},"loc":{"start":{"line":143,"column":68},"end":{"line":152,"column":null}},"line":143},"13":{"name":"(anonymous_13)","decl":{"start":{"line":157,"column":2},"end":{"line":157,"column":16}},"loc":{"start":{"line":157,"column":34},"end":{"line":159,"column":null}},"line":157},"14":{"name":"(anonymous_14)","decl":{"start":{"line":164,"column":2},"end":{"line":164,"column":11}},"loc":{"start":{"line":164,"column":36},"end":{"line":166,"column":null}},"line":164},"15":{"name":"(anonymous_15)","decl":{"start":{"line":171,"column":2},"end":{"line":171,"column":9}},"loc":{"start":{"line":171,"column":24},"end":{"line":174,"column":null}},"line":171},"16":{"name":"(anonymous_16)","decl":{"start":{"line":173,"column":28},"end":{"line":173,"column":29}},"loc":{"start":{"line":173,"column":37},"end":{"line":173,"column":70}},"line":173},"17":{"name":"(anonymous_17)","decl":{"start":{"line":179,"column":2},"end":{"line":179,"column":11}},"loc":{"start":{"line":179,"column":14},"end":{"line":181,"column":null}},"line":179},"18":{"name":"(anonymous_18)","decl":{"start":{"line":186,"column":2},"end":{"line":186,"column":12}},"loc":{"start":{"line":186,"column":15},"end":{"line":188,"column":null}},"lin
[...]
60":0,"61":0,"62":0,"63":0,"64":0,"65":0,"66":0,"67":0,"68":0,"69":0,"70":0,"71":0,"72":0,"73":0,"74":0,"75":0,"76":0,"77":0,"78":0,"79":0,"80":0,"81":0,"82":0,"83":0,"84":0,"85":4,"86":4,"87":7,"88":1,"89":6,"90":3,"91":3,"92":3,"93":1,"94":1,"95":0,"96":1,"97":1,"98":0,"99":0,"100":2,"101":2,"102":1,"103":1,"104":1,"105":0,"106":1,"107":3,"108":3,"109":1,"110":0,"111":0,"112":0,"113":0,"114":0,"115":0,"116":0,"117":0,"118":0,"119":0,"120":0,"121":1,"122":1,"123":0,"124":1,"125":1,"126":1,"127":2,"128":2,"129":1,"130":2,"131":2,"132":2,"133":1,"134":1,"135":2},"f":{"0":1,"1":8,"2":0,"3":0,"4":0,"5":0,"6":4,"7":1,"8":0,"9":0,"10":2,"11":1,"12":0,"13":0,"14":0,"15":0,"16":0,"17":4,"18":7,"19":1,"20":2,"21":1,"22":3,"23":1,"24":0,"25":0,"26":0,"27":1,"28":2,"29":2,"30":2,"31":2},"b":{"0":[1],"1":[2,6],"2":[0,0],"3":[0],"4":[0,0],"5":[4],"6":[0,4],"7":[4,0],"8":[4,4],"9":[1],"10":[0,1],"11":[0,1],"12":[0],"13":[0],"14":[2],"15":[0,2],"16":[0,2],"17":[2,0],"18":[0,1],"19":[1,0],"20":[0,0],"21":[0,0],"22":[0,0],"23":[0],"24":[0,0],"25":[0,0],"26":[0],"27":[0,0],"28":[0,0],"29":[0],"30":[0,0],"31":[0,0],"32":[0,0],"33":[1,6],"34":[3,3],"35":[2,1],"36":[1,0],"37":[2],"38":[1,0],"39":[1,1,1],"40":[1],"41":[0],"42":[0,0],"43":[1],"44":[0,1],"45":[1,0,0],"46":[2,0],"47":[2,2],"48":[2],"49":[1,1],"50":[2]},"meta":{"lastBranch":51,"lastFunction":32,"lastStatement":136,"seen":{"f:6:16:6:28":0,"b:6:38:6:39":0,"s:7:16:7:80":0,"s:8:15:8:17":1,"s:9:2:11:Infinity":2,"s:9:15:9:16":3,"s:10:4:10:Infinity":4,"s:12:2:12:Infinity":5,"f:19:16:19:26":1,"b:20:2:20:Infinity:undefined:undefined:undefined:undefined":1,"s:20:2:20:Infinity":6,"s:20:12:20:Infinity":7,"s:21:2:21:Infinity":8,"f:32:16:32:30":2,"s:33:2:39:Infinity":9,"s:34:21:34:49":10,"s:35:4:35:Infinity":11,"b:35:22:35:42:35:45:35:49":2,"s:37:4:37:Infinity":12,"s:38:4:38:Infinity":13,"f:46:16:46:24":3,"s:47:2:51:Infinity":14,"s:48:4:48:Infinity":15,"s:50:4:50:Infinity":16,"f:57:16:57:26":4,"s:58:2:62:Infinity":17,"s:59:4:59:Infinity":18,"s:61:4:61:Infinity":19,"f:70:16:70:27":5,"b:70:42:70:55":3,"s:71:15:71:31":20,"b:72:2:75:Infinity:undefined:undefined:undefined:undefined":4,"s:72:2:75:Infinity":21,"s:73:4:73:Infinity":22,"s:74:4:74:Infinity":23,"s:76:2:76:Infinity":24,"f:85:22:85:33":6,"b:85:55:85:59":5,"s:86:17:91:3":25,"b:93:2:96:Infinity:undefined:undefined:undefined:undefined":6,"s:93:2:96:Infinity":26,"s:94:4:94:Infinity":27,"s:95:4:95:Infinity":28,"b:98:2:100:Infinity:undefined:undefined:undefined:undefined":7,"s:98:2:100:Infinity":29,"b:98:6:98:33:98:37:98:47":8,"s:99:4:99:Infinity":30,"s:101:2:101:Infinity":31,"f:110:22:110:31":7,"b:110:53:110:57":9,"s:111:20:111:63":32,"b:111:44:111:56:111:59:111:63":10,"s:112:17:117:3":33,"b:119:2:122:Infinity:undefined:undefined:undefined:undefined":11,"s:119:2:122:Infinity":34,"s:120:4:120:Infinity":35,"s:121:4:121:Infinity":36,"s:124:2:124:Infinity":37,"f:132:22:132:30":8,"s:133:2:138:Infinity":38,"f:149:22:149:33":9,"b:149:61:149:66":12,"b:149:81:149:89":13,"s:150:17:159:4":39,"s:161:2:161:Infinity":40,"f:170:16:170:26":10,"b:170:42:170:49":14,"s:171:2:188:Infinity":41,"s:172:20:172:68":42,"b:172:47:172:61:172:64:172:68":15,"b:174:4:176:Infinity:undefined:undefined:undefined:undefined":16,"s:174:4:176:Infinity":43,"s:175:6:175:Infinity":44,"s:178:20:182:5":45,"s:184:4:184:Infinity":46,"b:184:47:184:62:184:66:184:79":17,"s:186:4:186:Infinity":47,"s:187:4:187:Infinity":48,"f:196:16:196:26":11,"s:197:2:215:Infinity":49,"s:198:20:198:68":50,"b:198:47:198:61:198:64:198:68":18,"s:199:16:199:26":51,"s:200:19:200:32":52,"s:201:21:201:46":53,"s:202:21:202:46":54,"s:203:22:203:47":55,"s:204:21:204:47":56,"b:206:4:206:Infinity:undefined:undefined:undefined:undefined":19,"s:206:4:206:Infinity":57,"s:206:23:206:Infinity":58,"b:207:4:207:Infinity:undefined:undefined:undefined:undefined":20,"s:207:4:207:Infinity":59,"s:207:23:207:Infinity":60,"b:208:4:208:Infinity:undefined:undefined:undefined:undefined":21,"s:208:4:208:Infinity":61,"s:208:24:208:Infinity":62,"b:209:4:209:Infinity:undefined:undefined:undefined:undefined":22,"s:209:4:209:Infinity":63,"s:209:23:209:Infinity":64,"s:211:4:211:Infinity":65,"s:213:4:213:Infinity":66,"s:214:4:214:Infinity":67,"f:223:16:223:29":12,"b:223:51:223:57":23,"s:224:18:224:52":68,"b:225:2:227:Infinity:undefined:undefined:undefined:undefined":24,"s:225:2:227:Infinity":69,"s:226:4:226:Infinity":70,"b:226:63:226:70:226:73:226:79":25,"f:235:16:235:27":13,"b:235:56:235:58":26,"s:236:18:236:52":71,"b:237:2:239:Infinity:undefined:undefined:undefined:undefined":27,"s:237:2:239:Infinity":72,"s:238:4:238:Infinity":73,"s:241:2:246:Infinity":74,"f:241:25:241:26":14,"s:242:20:242:47":75,"b:243:4:245:Infinity:undefined:undefined:undefined:undefined":28,"s:243:4:245:Infinity":76,"s:244:6:244:Infinity":77,"f:254:16:254:27":15,"b:254:56:254:58":29,"s:255:18:255:52":78,"b:256:2:258:Infinity:undefined:undefined:undefined:undefined":30,"s:256:2:258:Infinity":79,"s:257:4:257:Infinity":80,"s:260:2:265:Infinity":81,"f:260:41:260:42":16,"s:261:20:261:47":82,"b:262:4:264:Infinity:undefined:undefined:undefined:undefined":31,"s:262:4:264:Infinity":83,"s:263:6:263:Infinity":84,"b:263:30:263:37:263:41:263:48":32,"f:273:16:273:29":17,"s:274:21:274:49":85,"s:275:2:275:Infinity":86,"f:283:16:283:23":18,"b:284:2:284:Infinity:undefined:undefined:undefined:undefined":33,"s:284:2:284:Infinity":87,"s:284:13:284:Infinity":88,"b:285:2:285:Infinity:undefined:undefined:undefined:undefined":34,"s:285:2:285:Infinity":89,"s:285:27:285:Infinity":90,"b:286:2:286:Infinity:undefined:undefined:undefined:undefined":35,"s:286:2:286:Infinity":91,"s:286:32:286:Infinity":92,"b:287:2:287:Infinity:undefined:undefined:undefined:undefined":36,"s:287:2:287:Infinity":93,"s:287:32:287:Infinity":94,"s:288:2:288:Infinity":95,"f:296:16:296:29":19,"s:297:2:302:Infinity":96,"s:298:4:298:Infinity":97,"s:300:4:300:Infinity":98,"s:301:4:301:Infinity":99,"f:311:16:311:25":20,"b:311:49:311:53":37,"s:312:2:321:Infinity":100,"s:313:4:313:Infinity":101,"s:315:4:315:Infinity":102,"b:317:4:319:Infinity:undefined:undefined:undefined:undefined":38,"s:317:4:319:Infinity":103,"b:317:8:317:16:317:20:317:48:317:52:317:74":39,"s:318:6:318:Infinity":104,"s:320:4:320:Infinity":105,"f:330:16:330:24":21,"b:330:39:330:42":40,"s:332:2:335:Infinity":106,"f:332:9:332:17":22,"s:333:4:333:Infinity":107,"s:334:4:334:Infinity":108,"f:334:27:334:28":23,"s:334:33:334:46":109,"f:344:22:344:33":24,"b:347:16:347:Infinity":41,"s:349:2:349:Infinity":110,"s:350:2:350:Infinity":111,"f:358:22:358:37":25,"s:359:2:365:Infinity":112,"s:360:4:360:Infinity":113,"s:361:4:361:Infinity":114,"s:363:4:363:Infinity":115,"s:364:4:364:Infinity":116,"f:373:16:373:29":26,"b:374:2:377:Infinity:undefined:undefined:undefined:undefined":42,"s:374:2:377:Infinity":117,"s:375:19:375:62":118,"s:376:4:376:Infinity":119,"s:379:2:379:Infinity":120,"f:388:16:388:24":27,"b:388:43:388:45":43,"s:389:15:389:17":121,"b:390:2:394:Infinity:392:9:394:Infinity":44,"s:390:2:394:Infinity":122,"b:390:6:390:35:390:39:390:54:390:58:390:80":45,"s:391:4:391:Infinity":123,"s:393:4:393:Infinity":124,"s:395:14:395:38":125,"s:396:2:400:Infinity":126,"f:396:33:396:34":28,"b:397:4:399:Infinity:undefined:undefined:undefined:undefined":46,"s:397:4:399:Infinity":127,"b:397:8:397:22:397:26:397:45":47,"s:398:6:398:Infinity":128,"s:401:2:401:Infinity":129,"f:409:16:409:27":29,"s:410:20:410:85":130,"s:411:2:411:Infinity":131,"f:420:16:420:28":30,"b:420:47:420:49":48,"b:421:2:421:Infinity:undefined:undefined:undefined:undefined":49,"s:421:2:421:Infinity":132,"s:421:32:421:Infinity":133,"s:422:2:422:Infinity":134,"f:431:16:431:27":31,"b:431:44:431:47":50,"s:433:2:433:Infinity":135}}}
,"C:\\VS Code Softuni\\Чиста Дървеница\\src\\utils\\i18n.js": {"path":"C:\\VS Code Softuni\\Чиста Дървеница\\src\\utils\\i18n.js","statementMap":{"0":{"start":{"line":3,"column":2},"end":{"line":3,"column":null}},"1":{"start":{"line":10,"column":22},"end":{"line":10,"column":26}},"2":{"start":{"line":11,"column":19},"end":{"line":11,"column":21}},"3":{"start":{"line":12,"column":27},"end":{"line":12,"column":31}},"4":{"start":{"line":18,"column":2},"end":{"line":18,"column":null}},"5":{"start":{"line":19,"column":2},"end":{"line":54,"column":null}},"6":{"start":{"line":21,"column":23},"end":{"line":21,"column":55}},"7":{"start":{"line":22,"column":19},"end":{"line":22,"column":42}},"8":{"start":{"line":25,"column":23},"end":{"line":25,"column":55}},"9":{"start":{"line":26,"column":19},"end":{"line":26,"column":42}},"10":{"start":{"line":28,"column":4},"end":{"line":31,"column":null}},"11":{"start":{"line":34,"column":4},"end":{"line":42,"column":null}},"12":{"start":{"line":35,"column":6},"end":{"line":41,"column":null}},"13":{"start":{"line":36,"column":8},"end":{"line":38,"column":null}},"14":{"start":{"line":40,"column":8},"end":{"line":40,"column":null}},"15":{"start":{"line":44,"column":4},"end":{"line":50,"column":null}},"16":{"start":{"line":53,"column":4},"end":{"line":53,"column":null}},"17":{"start":{"line":64,"column":19},"end":{"line":64,"column":47}},"18":{"start":{"line":65,"column":15},"end":{"line":65,"column":29}},"19":{"start":{"line":66,"column":14},"end":{"line":66,"column":36}},"20":{"start":{"line":67,"column":2},"end":{"line":69,"column":null}},"21":{"start":{"line":68,"column":4},"end":{"line":68,"column":null}},"22":{"start":{"line":70,"column":2},"end":{"line":70,"column":null}},"23":{"start":{"line":79,"column":2},"end":{"line":82,"column":null}},"24":{"start":{"line":80,"column":4},"end":{"line":80,"column":null}},"25":{"start":{"line":81,"column":4},"end":{"line":81,"column":null}},"26":{"start":{"line":83,"column":2},"end":{"line":86,"column":null}},"27":{"start":{"line":84,"column":4},"end":{"line":84,"column":null}},"28":{"start":{"line":85,"column":4},"end":{"line":85,"column":null}},"29":{"start":{"line":87,"column":2},"end":{"line":87,"column":null}},"30":{"start":{"line":88,"column":2},"end":{"line":92,"column":null}},"31":{"start":{"line":89,"column":4},"end":{"line":91,"column":null}},"32":{"start":{"line":90,"column":6},"end":{"line":90,"column":null}},"33":{"start":{"line":93,"column":2},"end":{"line":93,"column":null}},"34":{"start":{"line":94,"column":2},"end":{"line":94,"column":null}},"35":{"start":{"line":102,"column":2},"end":{"line":110,"column":null}},"36":{"start":{"line":103,"column":4},"end":{"line":109,"column":null}},"37":{"start":{"line":104,"column":6},"end":{"line":106,"column":null}},"38":{"start":{"line":108,"column":6},"end":{"line":108,"column":null}},"39":{"start":{"line":111,"column":2},"end":{"line":111,"column":null}},"40":{"start":{"line":119,"column":2},"end":{"line":147,"column":null}},"41":{"start":{"line":120,"column":4},"end":{"line":120,"column":null}},"42":{"start":{"line":123,"column":21},"end":{"line":123,"column":61}},"43":{"start":{"line":124,"column":4},"end":{"line":132,"column":null}},"44":{"start":{"line":125,"column":18},"end":{"line":125,"column":51}},"45":{"start":{"line":126,"column":25},"end":{"line":126,"column":37}},"46":{"start":{"line":127,"column":6},"end":{"line":131,"column":null}},"47":{"start":{"line":128,"column":8},"end":{"line":128,"column":null}},"48":{"start":{"line":130,"column":8},"end":{"line":130,"column":null}},"49":{"start":{"line":134,"column":32},"end":{"line":134,"column":84}},"50":{"start":{"line":135,"column":4},"end":{"line":139,"column":null}},"51":{"start":{"line":136,"column":18},"end":{"line":136,"column":63}},"52":{"start":{"line":137,"column":25},"end":{"line":137,"column":37}},"53":{"start":{"line":138,"column":6},"end":{"line":138,"column":null}},"54":{"start":{"line":141,"column":25},"end":{"line":141,"column":68}},"55":{"start":{"line":142,"column":4},"end":{"line":144,"column":null}},"56":{"start":{"line":143,"column":6},"end":{"line":143,"column":null}},"57":{"start":{"line":146,"column":4},"end":{"line":146,"column":null}},"58":{"start":{"line":155,"column":2},"end":{"line":155,"column":null}}},"fnMap":{"0":{"name":"getLanguage","decl":{"start":{"line":2,"column":16},"end":{"line":2,"column":27}},"loc":{"start":{"line":2,"column":30},"end":{"line":4,"column":null}},"line":2},"1":{"name":"initI18n","decl":{"start":{"line":17,"column":22},"end":{"line":17,"column":30}},"loc":{"start":{"line":17,"column":48},"end":{"line":55,"column":null}},"line":17},"2":{"name":"t","decl":{"start":{"line":63,"column":16},"end":{"line":63,"column":17}},"loc":{"start":{"line":63,"column":29},"end":{"line":71,"column":null}},"line":63},"3":{"name":"setLanguage","decl":{"start":{"line":78,"column":16},"end":{"line":78,"column":27}},"loc":{"start":{"line":78,"column":49},"end":{"line":95,"column":null}},"line":78},"4":{"name":"getCurrentLanguage","decl":{"start":{"line":101,"column":16},"end":{"line":101,"column":34}},"loc":{"start":{"line":101,"column":37},"end":{"line":112,"column":null}},"line":101},"5":{"name":"applyLanguage","decl":{"start":{"line":118,"column":16},"end":{"line":118,"column":29}},"loc":{"start":{"line":118,"column":36},"end":{"line":148,"column":null}},"line":118},"6":{"name":"(anonymous_6)","decl":{"start":{"line":124,"column":21},"end":{"line":124,"column":22}},"loc":{"start":{"line":124,"column":34},"end":{"line":132,"column":5}},"line":124},"7":{"name":"(anonymous_7)","decl":{"start":{"line":135,"column":32},"end":{"line":135,"column":33}},"loc":{"start":{"line":135,"column":45},"end":{"line":139,"column":5}},"line":135},"8":{"name":"getAvailableLanguages","decl":{"start":{"line":154,"column":16},"end":{"line":154,"column":37}},"loc":{"start":{"line":154,"column":40},"end":{"line":156,"column":null}},"line":154}},"branchMap":{"0":{"loc":{"start":{"line":17,"column":31},"end":{"line":17,"column":46}},"type":"default-arg","locations":[{"start":{"line":17,"column":42},"end":{"line":17,"column":46}}],"line":17},"1":{"loc":{"start":{"line":34,"column":4},"end":{"line":42,"column":null}},"type":"if","locations":[{"start":{"line":34,"column":4},"end":{"line":42,"column":null}},{"start":{},"end":{}}],"line":34},"2":{"loc":{"start":{"line":37,"column":10},"end":{"line":38,"column":14}},"type":"binary-expr","locations":[{"start":{"line":37,"column":11},"end":{"line":37,"column":46}},{"start":{"line":37,"column":50},"end":{"line":37,"column":96}},{"start":{"line":38,"column":10},"end":{"line":38,"column":14}}],"line":37},"3":{"loc":{"start":{"line":64,"column":19},"end":{"line":64,"column":47}},"type":"binary-expr","locations":[{"start":{"line":64,"column":19},"end":{"line":64,"column":23}},{"start":{"line":64,"column":27},"end":{"line":64,"column":47}}],"line":64},"4":{"loc":{"start":{"line":70,"column":9},"end":{"line":70,"column":21}},"type":"binary-expr","locations":[{"start":{"line":70,"column":9},"end":{"line":70,"column":14}},{"start":{"line":70,"column":18},"end":{"line":70,"column":21}}],"line":70},"5":{"loc":{"start":{"line":78,"column":34},"end":{"line":78,"column":47}},"type":"default-arg","locations":[{"start":{"line":78,"column":42},"end":{"line":78,"column":47}}],"line":78},"6":{"loc":{"start":{"line":79,"column":2},"end":{"line":82,"column":null}},"type":"if","locations":[{"start":{"line":79,"column":2},"end":{"line":82,"column":null}},{"start":{},"end":{}}],"line":79},"7":{"loc":{"start":{"line":79,"column":6},"end":{"line":79,"column":37}},"type":"binary-expr","locations":[{"start":{"line":79,"column":6},"end":{"line":79,"column":27}},{"start":{"line":79,"column":31},"end":{"line":79,"column":37}}],"line":79},"8":{"loc":{"start":{"line":83,"column":2},"end":{"line":86,"column":null}},"type":"if","locations":[{"start":{"line":83,"column":2},"end":{"line":86,"column":null}},{"start":{},"end":{}}],"line":83},"9":{"loc":{"start":{"line":89,"column":4},"end":{"line":91,"column":null}},"type":"if","locations":[{"start":{"line":89,"column":4},"end":{"line":91,"column":null}},{"start":{},"end":{}}],"line":89},"10":{"loc":{"start":{"line":102,"column":2},"end":{"line":110,"column":null}},"type":"if","locations":[{"start":{"line":102,"column":2},"end":{"line":110,"column":null}},{"start":{},"end":{}}],"line":102},"11":{"loc":{"start":{"line":105,"column":8},"end":{"line":106,"column":12}},"type":"binary-expr","locations":[{"start":{"line":105,"column":9},"end":{"line":105,"column":44}},{"start":{"line":105,"column":48},"end":{"line":105,"column":94}},{"start":{"line":106,"column":8},"end":{"line":106,"column":12}}],"line":105},"12":{"loc":{"start":{"line":119,"column":2},"end":{"line":147,"column":null}},"type":"if","locations":[{"start":{"line":119,"column":2},"end":{"line":147,"column":null}},{"start":{},"end":{}}],"line":119},"13":{"loc":{"start":{"line":127,"column":6},"end":{"line":131,"column":null}},"type":"if","locations":[{"start":{"line":127,"column":6},"end":{"line":131,"column":null}},{"start":{"line":129,"column":13},"end":{"line":131,"column":null}}],"line":127},"14":{"loc":{"start":{"line":142,"column":4},"end":{"line":144,"column":null}},"type":"if","locations":[{"start":{"line":142,"column":4},"end":{"line":144,"column":null}},{"start":{},"end":{}}],"line":142}},"s":{"0":2,"1":2,"2":2,"3":2,"4":1,"5":1,"6":1,"7":1,"8":1,"9":1,"10":1,"11":1,"12":1,"13":1,"14":0,"15":1,"16":0,"17":2,"18":2,"19":2,"20":2,"21":3,"22":2,"23":2,"24":0,"25":0,"26":2,"27":0,"28":0,"29":2,"30":2,"31":2,"32":0,"33":2,"34":2,"35":3,"36":0,"37":0,"38":0,"39":3,"40":2,"41":0,"42":0,"43":0,"44":0,"45":0,"46":0,"47":0,"48":0,"49":0,"50":0,"51":0,"52":0,"53":0,"54":0,"55":0,"56":0,"57":0,"58":0},"f":{"0":2,"1":1,"2":2,"3":2,"4":3,"5":2,"6":0,"7":0,"8":0},"b":{"0":[1],"1":[1,0],"2":[1,0,1],"3":[2,1],"4":[2,1],"5":[2],"6":[0,2],"7":[2,0],"8":[0,2],"9":[0,2],"10":[0,3],"11":[0,0,0],"12":[0,2],"13":[0,0],"14":[0,0]},"meta":{"lastBranch":15,"lastFunction":9,"lastStatement":59,"seen":{"f:2:16:2:27":0,"s:3:2:3:Infinity":0,"s:10:22:10:26":1,"s:11:19:11:21":2,"s:12:27:12:31":3,"f:17:22:17:30":1,"b:17:42:17:46":0,"s:18:2:18:Infinity":4,"s:19:2:54:Infinity":5,"s:21:23:21:55":6,"s:22:19:22:42":7,"s:25:23:25:55":8,"s:26:19:26:42":9,"s:28:4:31:Infinity":10,"b:34:4:42:Infinity:undefined:undefined:undefined:undefined":1,"s:34:4:42:Infinity":11,"s:35:6:41:Infinity":12,"s:36:8:38:Infinity":13,"b:37:11:37:46:37:50:37:96:38:10:38:14":2,"s:40:8:40:Infinity":14,"s:44:4:50:Infinity":15,"s:53:4:53:Infinity":16,"f:63:16:63:17":2,"s:64:19:64:47":17,"b:64:19:64:23:64:27:64:47":3,"s:65:15:65:29":18,"s:66:14:66:36":19,"s:67:2:69:Infinity":20,"s:68:4:68:Infinity":21,"s:70:2:70:Infinity":22,"b:70:9:70:14:70:18:70:21":4,"f:78:16:78:27":3,"b:78:42:78:47":5,"b:79:2:82:Infinity:undefined:undefined:undefined:undefined":6,"s:79:2:82:Infinity":23,"b:79:6:79:27:79:31:79:37":7,"s:80:4:80:Infinity":24,"s:81:4:81:Infinity":25,"b:83:2:86:Infinity:undefined:undefined:undefined:undefined":8,"s:83:2:86:Infinity":26,"s:84:4:84:Infinity":27,"s:85:4:85:Infinity":28,"s:87:2:87:Infinity":29,"s:88:2:92:Infinity":30,"b:89:4:91:Infinity:undefined:undefined:undefined:undefined":9,"s:89:4:91:Infinity":31,"s:90:6:90:Infinity":32,"s:93:2:93:Infinity":33,"s:94:2:94:Infinity":34,"f:101:16:101:34":4,"b:102:2:110:Infinity:undefined:undefined:undefined:undefined":10,"s:102:2:110:Infinity":35,"s:103:4:109:Infinity":36,"s:104:6:106:Infinity":37,"b:105:9:105:44:105:48:105:94:106:8:106:12":11,"s:108:6:108:Infinity":38,"s:111:2:111:Infinity":39,"f:118:16:118:29":5,"b:119:2:147:Infinity:undefined:undefined:undefined:undefined":12,"s:119:2:147:Infinity":40,"s:120:4:120:Infinity":41,"s:123:21:123:61":42,"s:124:4:132:Infinity":43,"f:124:21:124:22":6,"s:125:18:125:51":44,"s:126:25:126:37":45,"b:127:6:131:Infinity:129:13:131:Infinity":13,"s:127:6:131:Infinity":46,"s:128:8:128:Infinity":47,"s:130:8:130:Infinity":48,"s:134:32:134:84":49,"s:135:4:139:Infinity":50,"f:135:32:135:33":7,"s:136:18:136:63":51,"s:137:25:137:37":52,"s:138:6:138:Infinity":53,"s:141:25:141:68":54,"b:142:4:144:Infinity:undefined:undefined:undefined:undefined":14,"s:142:4:144:Infinity":55,"s:143:6:143:Infinity":56,"s:146:4:146:Infinity":57,"f:154:16:154:37":8,"s:155:2:155:Infinity":58}}}
}
