{"C:\\VS Code Softuni\\Чиста Дървеница\\src\\api\\client.js": {"path":"C:\\VS Code Softuni\\Чиста Дървеница\\src\\api\\client.js","statementMap":{"0":{"start":{"line":3,"column":2},"end":{"line":3,"column":22}},"1":{"start":{"line":14,"column":4},"end":{"line":14,"column":77}},"2":{"start":{"line":15,"column":4},"end":{"line":15,"column":25}},"3":{"start":{"line":16,"column":4},"end":{"line":16,"column":21}},"4":{"start":{"line":17,"column":4},"end":{"line":17,"column":27}},"5":{"start":{"line":18,"column":4},"end":{"line":18,"column":34}},"6":{"start":{"line":19,"column":4},"end":{"line":19,"column":35}},"7":{"start":{"line":27,"column":4},"end":{"line":27,"column":47}},"8":{"start":{"line":35,"column":4},"end":{"line":35,"column":48}},"9":{"start":{"line":44,"column":17},"end":{"line":44,"column":23}},"10":{"start":{"line":45,"column":4},"end":{"line":47,"column":5}},"11":{"start":{"line":46,"column":6},"end":{"line":46,"column":53}},"12":{"start":{"line":48,"column":4},"end":{"line":48,"column":18}},"13":{"start":{"line":57,"column":17},"end":{"line":57,"column":25}},"14":{"start":{"line":58,"column":4},"end":{"line":60,"column":5}},"15":{"start":{"line":59,"column":6},"end":{"line":59,"column":53}},"16":{"start":{"line":61,"column":4},"end":{"line":61,"column":18}},"17":{"start":{"line":73,"column":4},"end":{"line":73,"column":38}},"18":{"start":{"line":75,"column":17},"end":{"line":84,"column":5}},"19":{"start":{"line":87,"column":4},"end":{"line":87,"column":59}},"20":{"start":{"line":91,"column":4},"end":{"line":140,"column":5}},"21":{"start":{"line":91,"column":23},"end":{"line":91,"column":24}},"22":{"start":{"line":92,"column":6},"end":{"line":139,"column":7}},"23":{"start":{"line":93,"column":8},"end":{"line":93,"column":84}},"24":{"start":{"line":95,"column":25},"end":{"line":100,"column":10}},"25":{"start":{"line":103,"column":8},"end":{"line":110,"column":9}},"26":{"start":{"line":104,"column":28},"end":{"line":104,"column":67}},"27":{"start":{"line":104,"column":63},"end":{"line":104,"column":65}},"28":{"start":{"line":105,"column":10},"end":{"line":109,"column":12}},"29":{"start":{"line":112,"column":29},"end":{"line":112,"column":50}},"30":{"start":{"line":115,"column":30},"end":{"line":119,"column":10}},"31":{"start":{"line":121,"column":8},"end":{"line":121,"column":52}},"32":{"start":{"line":122,"column":8},"end":{"line":122,"column":43}},"33":{"start":{"line":124,"column":8},"end":{"line":124,"column":34}},"34":{"start":{"line":126,"column":8},"end":{"line":126,"column":26}},"35":{"start":{"line":129,"column":8},"end":{"line":131,"column":9}},"36":{"start":{"line":130,"column":10},"end":{"line":130,"column":16}},"37":{"start":{"line":134,"column":8},"end":{"line":138,"column":9}},"38":{"start":{"line":135,"column":24},"end":{"line":135,"column":62}},"39":{"start":{"line":136,"column":10},"end":{"line":136,"column":53}},"40":{"start":{"line":137,"column":10},"end":{"line":137,"column":34}},"41":{"start":{"line":143,"column":4},"end":{"line":143,"column":39}},"42":{"start":{"line":144,"column":4},"end":{"line":144,"column":61}},"43":{"start":{"line":145,"column":4},"end":{"line":152,"column":6}},"44":{"start":{"line":159,"column":4},"end":{"line":159,"column":51}},"45":{"start":{"line":166,"column":4},"end":{"line":166,"column":52}},"46":{"start":{"line":173,"column":4},"end":{"line":173,"column":51}},"47":{"start":{"line":180,"column":4},"end":{"line":180,"column":53}},"48":{"start":{"line":187,"column":4},"end":{"line":187,"column":54}},"49":{"start":{"line":194,"column":4},"end":{"line":194,"column":61}},"50":{"start":{"line":194,"column":36},"end":{"line":194,"column":59}},"51":{"start":{"line":201,"column":4},"end":{"line":201,"column":20}},"52":{"start":{"line":207,"column":18},"end":{"line":207,"column":33}},"53":{"start":{"line":210,"column":19},"end":{"line":210,"column":54}},"54":{"start":{"line":210,"column":32},"end":{"line":210,"column":54}},"55":{"start":{"line":211,"column":20},"end":{"line":211,"column":56}},"56":{"start":{"line":211,"column":33},"end":{"line":211,"column":56}},"57":{"start":{"line":212,"column":19},"end":{"line":212,"column":54}},"58":{"start":{"line":212,"column":32},"end":{"line":212,"column":54}},"59":{"start":{"line":213,"column":21},"end":{"line":213,"column":58}},"60":{"start":{"line":213,"column":34},"end":{"line":213,"column":58}},"61":{"start":{"line":214,"column":19},"end":{"line":214,"column":57}},"62":{"start":{"line":214,"column":32},"end":{"line":214,"column":57}},"63":{"start":{"line":215,"column":23},"end":{"line":215,"column":62}},"64":{"start":{"line":215,"column":36},"end":{"line":215,"column":62}}},"fnMap":{"0":{"name":"apiFetch","decl":{"start":{"line":2,"column":22},"end":{"line":2,"column":30}},"loc":{"start":{"line":2,"column":45},"end":{"line":4,"column":1}},"line":2},"1":{"name":"(anonymous_1)","decl":{"start":{"line":13,"column":2},"end":{"line":13,"column":13}},"loc":{"start":{"line":13,"column":16},"end":{"line":20,"column":3}},"line":13},"2":{"name":"(anonymous_2)","decl":{"start":{"line":26,"column":2},"end":{"line":26,"column":23}},"loc":{"start":{"line":26,"column":37},"end":{"line":28,"column":3}},"line":26},"3":{"name":"(anonymous_3)","decl":{"start":{"line":34,"column":2},"end":{"line":34,"column":24}},"loc":{"start":{"line":34,"column":38},"end":{"line":36,"column":3}},"line":34},"4":{"name":"(anonymous_4)","decl":{"start":{"line":43,"column":8},"end":{"line":43,"column":34}},"loc":{"start":{"line":43,"column":43},"end":{"line":49,"column":3}},"line":43},"5":{"name":"(anonymous_5)","decl":{"start":{"line":56,"column":8},"end":{"line":56,"column":35}},"loc":{"start":{"line":56,"column":46},"end":{"line":62,"column":3}},"line":56},"6":{"name":"(anonymous_6)","decl":{"start":{"line":72,"column":8},"end":{"line":72,"column":15}},"loc":{"start":{"line":72,"column":56},"end":{"line":153,"column":3}},"line":72},"7":{"name":"(anonymous_7)","decl":{"start":{"line":104,"column":56},"end":{"line":104,"column":57}},"loc":{"start":{"line":104,"column":63},"end":{"line":104,"column":65}},"line":104},"8":{"name":"(anonymous_8)","decl":{"start":{"line":158,"column":8},"end":{"line":158,"column":11}},"loc":{"start":{"line":158,"column":31},"end":{"line":160,"column":3}},"line":158},"9":{"name":"(anonymous_9)","decl":{"start":{"line":165,"column":8},"end":{"line":165,"column":12}},"loc":{"start":{"line":165,"column":38},"end":{"line":167,"column":3}},"line":165},"10":{"name":"(anonymous_10)","decl":{"start":{"line":172,"column":8},"end":{"line":172,"column":11}},"loc":{"start":{"line":172,"column":37},"end":{"line":174,"column":3}},"line":172},"11":{"name":"(anonymous_11)","decl":{"start":{"line":179,"column":8},"end":{"line":179,"column":13}},"loc":{"start":{"line":179,"column":39},"end":{"line":181,"column":3}},"line":179},"12":{"name":"(anonymous_12)","decl":{"start":{"line":186,"column":8},"end":{"line":186,"column":14}},"loc":{"start":{"line":186,"column":34},"end":{"line":188,"column":3}},"line":186},"13":{"name":"(anonymous_13)","decl":{"start":{"line":193,"column":2},"end":{"line":193,"column":7}},"loc":{"start":{"line":193,"column":12},"end":{"line":195,"column":3}},"line":193},"14":{"name":"(anonymous_14)","decl":{"start":{"line":194,"column":23},"end":{"line":194,"column":24}},"loc":{"start":{"line":194,"column":36},"end":{"line":194,"column":59}},"line":194},"15":{"name":"(anonymous_15)","decl":{"start":{"line":200,"column":2},"end":{"line":200,"column":15}},"loc":{"start":{"line":200,"column":24},"end":{"line":202,"column":3}},"line":200},"16":{"name":"(anonymous_16)","decl":{"start":{"line":210,"column":19},"end":{"line":210,"column":20}},"loc":{"start":{"line":210,"column":32},"end":{"line":210,"column":54}},"line":210},"17":{"name":"(anonymous_17)","decl":{"start":{"line":211,"column":20},"end":{"line":211,"column":21}},"loc":{"start":{"line":211,"column":33},"end":{"line":211,"column":56}},"line":211},"18":{"name":"(anonymous_18)","decl":{"start":{"line":212,"column":19},"end":{"line":212,"column":20}},"loc":{"start":{"line":212,"column":32},"end":{"line":212,"column":54}},"line":212},"19":{"name":"(anonymous_19)","decl":{"start":{"line":213,"column":21},"end":{"line":213,"column":22}},"loc":{"start":{"line":213,"column":34},"end":{"line":213,"column":58}},"line":213},"20":{"name":"(anonymous_20)","decl":{"start":{"line":214,"column":19},"end":{"line":214,"column":20}},"loc":{"start":{"line":214,"column":32},"end":{"line":214,"column":57}},"line":214},"21":{"name":"(anonymous_21)","decl":{"start":{"line":215,"column":23},"end":{"line":215,"column":24}},"loc":{"start":{"line":215,"column":36},"end":{"line":215,"column":62}},"line":215}},"branchMap":{"0":{"loc":{"start":{"line":14,"column":19},"end":{"line":14,"column":76}},"type":"binary-expr","locations":[{"start":{"line":14,"column":19},"end":{"line":14,"column":47}},{"start":{"line":14,"column":51},"end":{"line":14,"column":76}}],"line":14},"1":{"loc":{"start":{"line":46,"column":15},"end":{"line":46,"column":52}},"type":"binary-expr","locations":[{"start":{"line":46,"column":16},"end":{"line":46,"column":41}},{"start":{"line":46,"column":46},"end":{"line":46,"column":52}}],"line":46},"2":{"loc":{"start":{"line":59,"column":15},"end":{"line":59,"column":52}},"type":"binary-expr","locations":[{"start":{"line":59,"column":16},"end":{"line":59,"column":41}},{"start":{"line":59,"column":46},"end":{"line":59,"column":52}}],"line":59},"3":{"loc":{"start":{"line":72,"column":29},"end":{"line":72,"column":40}},"type":"default-arg","locations":[{"start":{"line":72,"column":36},"end":{"line":72,"column":40}}],"line":72},"4":{"loc":{"start":{"line":72,"column":42},"end":{"line":72,"column":54}},"type":"default-arg","locations":[{"start":{"line":72,"column":52},"end":{"line":72,"column":54}}],"line":72},"5":{"loc":{"start":{"line":82,"column":12},"end":{"line":82,"column":46}},"type":"cond-expr","locations":[{"start":{"line":82,"column":19},"end":{"line":82,"column":39}},{"start":{"line":82,"column":42},"end":{"line":82,"column":46}}],"line":82},"6":{"loc":{"start":{"line":103,"column":8},"end":{"line":110,"column":9}},"type":"if","locations":[{"start":{"line":103,"column":8},"end":{"line":110,"column":9}},{"start":{},"end":{}}],"line":103},"7":{"loc":{"start":{"line":107,"column":21},"end":{"line":107,"column":67}},"type":"binary-expr","locations":[{"start":{"line":107,"column":21},"end":{"line":107,"column":38}},{"start":{"line":107,"column":42},"end":{"line":107,"column":67}}],"line":107},"8":{"loc":{"start":{"line":129,"column":8},"end":{"line":131,"column":9}},"type":"if","locations":[{"start":{"line":129,"column":8},"end":{"line":131,"column":9}},{"start":{},"end":{}}],"line":129},"9":{"loc":{"start":{"line":129,"column":12},"end":{"line":129,"column":69}},"type":"binary-expr","locations":[{"start":{"line":129,"column":12},"end":{"line":129,"column":24}},{"start":{"line":129,"column":28},"end":{"line":129,"column":47}},{"start":{"line":129,"column":51},"end":{"line":129,"column":69}}],"line":129},"10":{"loc":{"start":{"line":134,"column":8},"end":{"line":138,"column":9}},"type":"if","locations":[{"start":{"line":134,"column":8},"end":{"line":138,"column":9}},{"start":{},"end":{}}],"line":134},"11":{"loc":{"start":{"line":150,"column":15},"end":{"line":150,"column":51}},"type":"binary-expr","locations":[{"start":{"line":150,"column":15},"end":{"line":150,"column":32}},{"start":{"line":150,"column":36},"end":{"line":150,"column":51}}],"line":150},"12":{"loc":{"start":{"line":158,"column":17},"end":{"line":158,"column":29}},"type":"default-arg","locations":[{"start":{"line":158,"column":27},"end":{"line":158,"column":29}}],"line":158},"13":{"loc":{"start":{"line":165,"column":24},"end":{"line":165,"column":36}},"type":"default-arg","locations":[{"start":{"line":165,"column":34},"end":{"line":165,"column":36}}],"line":165},"14":{"loc":{"start":{"line":172,"column":23},"end":{"line":172,"column":35}},"type":"default-arg","locations":[{"start":{"line":172,"column":33},"end":{"line":172,"column":35}}],"line":172},"15":{"loc":{"start":{"line":179,"column":25},"end":{"line":179,"column":37}},"type":"default-arg","locations":[{"start":{"line":179,"column":35},"end":{"line":179,"column":37}}],"line":179},"16":{"loc":{"start":{"line":186,"column":20},"end":{"line":186,"column":32}},"type":"default-arg","locations":[{"start":{"line":186,"column":30},"end":{"line":186,"column":32}}],"line":186}},"s":{"0":2,"1":4,"2":4,"3":4,"4":4,"5":4,"6":4,"7":0,"8":0,"9":0,"10":0,"11":0,"12":0,"13":0,"14":0,"15":0,"16":0,"17":0,"18":0,"19":0,"20":0,"21":0,"22":0,"23":0,"24":0,"25":0,"26":0,"27":0,"28":0,"29":0,"30":0,"31":0,"32":0,"33":0,"34":0,"35":0,"36":0,"37":0,"38":0,"39":0,"40":0,"41":0,"42":0,"43":0,"44":0,"45":0,"46":0,"47":0,"48":0,"49":0,"50":0,"51":0,"52":4,"53":4,"54":0,"55":4,"56":0,"57":4,"58":0,"59":4,"60":0,"61":4,"62":0,"63":4,"64":0},"f":{"0":2,"1":4,"2":0,"3":0,"4":0,"5":0,"6":0,"7":0,"8":0,"9":0,"10":0,"11":0,"12":0,"13":0,"14":0,"15":0,"16":0,"17":0,"18":0,"19":0,"20":0,"21":0},"b":{"0":[4,4],"1":[0,0],"2":[0,0],"3":[0],"4":[0],"5":[0,0],"6":[0,0],"7":[0,0],"8":[0,0],"9":[0,0,0],"10":[0,0],"11":[0,0],"12":[0],"13":[0],"14":[0],"15":[0],"16":[0]},"meta":{"lastBranch":17,"lastFunction":22,"lastStatement":65,"seen":{"f:2:22:2:30":0,"s:3:2:3:22":0,"f:13:2:13:13":1,"s:14:4:14:77":1,"b:14:19:14:47:14:51:14:76":0,"s:15:4:15:25":2,"s:16:4:16:21":3,"s:17:4:17:27":4,"s:18:4:18:34":5,"s:19:4:19:35":6,"f:26:2:26:23":2,"s:27:4:27:47":7,"f:34:2:34:24":3,"s:35:4:35:48":8,"f:43:8:43:34":4,"s:44:17:44:23":9,"s:45:4:47:5":10,"s:46:6:46:53":11,"b:46:16:46:41:46:46:46:52":1,"s:48:4:48:18":12,"f:56:8:56:35":5,"s:57:17:57:25":13,"s:58:4:60:5":14,"s:59:6:59:53":15,"b:59:16:59:41:59:46:59:52":2,"s:61:4:61:18":16,"f:72:8:72:15":6,"b:72:36:72:40":3,"b:72:52:72:54":4,"s:73:4:73:38":17,"s:75:17:84:5":18,"b:82:19:82:39:82:42:82:46":5,"s:87:4:87:59":19,"s:91:4:140:5":20,"s:91:23:91:24":21,"s:92:6:139:7":22,"s:93:8:93:84":23,"s:95:25:100:10":24,"b:103:8:110:9:undefined:undefined:undefined:undefined":6,"s:103:8:110:9":25,"s:104:28:104:67":26,"f:104:56:104:57":7,"s:104:63:104:65":27,"s:105:10:109:12":28,"b:107:21:107:38:107:42:107:67":7,"s:112:29:112:50":29,"s:115:30:119:10":30,"s:121:8:121:52":31,"s:122:8:122:43":32,"s:124:8:124:34":33,"s:126:8:126:26":34,"b:129:8:131:9:undefined:undefined:undefined:undefined":8,"s:129:8:131:9":35,"b:129:12:129:24:129:28:129:47:129:51:129:69":9,"s:130:10:130:16":36,"b:134:8:138:9:undefined:undefined:undefined:undefined":10,"s:134:8:138:9":37,"s:135:24:135:62":38,"s:136:10:136:53":39,"s:137:10:137:34":40,"s:143:4:143:39":41,"s:144:4:144:61":42,"s:145:4:152:6":43,"b:150:15:150:32:150:36:150:51":11,"f:158:8:158:11":8,"b:158:27:158:29":12,"s:159:4:159:51":44,"f:165:8:165:12":9,"b:165:34:165:36":13,"s:166:4:166:52":45,"f:172:8:172:11":10,"b:172:33:172:35":14,"s:173:4:173:51":46,"f:179:8:179:13":11,"b:179:35:179:37":15,"s:180:4:180:53":47,"f:186:8:186:14":12,"b:186:30:186:32":16,"s:187:4:187:54":48,"f:193:2:193:7":13,"s:194:4:194:61":49,"f:194:23:194:24":14,"s:194:36:194:59":50,"f:200:2:200:15":15,"s:201:4:201:20":51,"s:207:18:207:33":52,"s:210:19:210:54":53,"f:210:19:210:20":16,"s:210:32:210:54":54,"s:211:20:211:56":55,"f:211:20:211:21":17,"s:211:33:211:56":56,"s:212:19:212:54":57,"f:212:19:212:20":18,"s:212:32:212:54":58,"s:213:21:213:58":59,"f:213:21:213:22":19,"s:213:34:213:58":60,"s:214:19:214:57":61,"f:214:19:214:20":20,"s:214:32:214:57":62,"s:215:23:215:62":63,"f:215:23:215:24":21,"s:215:36:215:62":64}}}
,"C:\\VS Code Softuni\\Чиста Дървеница\\src\\hooks\\index.js": {"path":"C:\\VS Code Softuni\\Чиста Дървеница\\src\\hooks\\index.js","statementMap":{"0":{"start":{"line":3,"column":2},"end":{"line":3,"column":48}},"1":{"start":{"line":7,"column":2},"end":{"line":7,"column":12}},"2":{"start":{"line":25,"column":16},"end":{"line":48,"column":3}},"3":{"start":{"line":30,"column":6},"end":{"line":30,"column":27}},"4":{"start":{"line":31,"column":6},"end":{"line":31,"column":25}},"5":{"start":{"line":32,"column":6},"end":{"line":41,"column":7}},"6":{"start":{"line":33,"column":8},"end":{"line":33,"column":44}},"7":{"start":{"line":34,"column":8},"end":{"line":34,"column":26}},"8":{"start":{"line":36,"column":8},"end":{"line":36,"column":28}},"9":{"start":{"line":37,"column":8},"end":{"line":37,"column":78}},"10":{"start":{"line":38,"column":8},"end":{"line":38,"column":20}},"11":{"start":{"line":40,"column":8},"end":{"line":40,"column":30}},"12":{"start":{"line":44,"column":6},"end":{"line":44,"column":24}},"13":{"start":{"line":45,"column":6},"end":{"line":45,"column":28}},"14":{"start":{"line":46,"column":6},"end":{"line":46,"column":25}},"15":{"start":{"line":50,"column":2},"end":{"line":50,"column":15}},"16":{"start":{"line":60,"column":19},"end":{"line":60,"column":33}},"17":{"start":{"line":61,"column":17},"end":{"line":61,"column":41}},"18":{"start":{"line":63,"column":16},"end":{"line":88,"column":3}},"19":{"start":{"line":69,"column":6},"end":{"line":69,"column":27}},"20":{"start":{"line":70,"column":6},"end":{"line":70,"column":25}},"21":{"start":{"line":71,"column":6},"end":{"line":82,"column":7}},"22":{"start":{"line":72,"column":23},"end":{"line":72,"column":56}},"23":{"start":{"line":73,"column":8},"end":{"line":73,"column":28}},"24":{"start":{"line":74,"column":8},"end":{"line":74,"column":66}},"25":{"start":{"line":75,"column":8},"end":{"line":75,"column":22}},"26":{"start":{"line":77,"column":8},"end":{"line":77,"column":28}},"27":{"start":{"line":78,"column":8},"end":{"line":78,"column":50}},"28":{"start":{"line":79,"column":8},"end":{"line":79,"column":20}},"29":{"start":{"line":81,"column":8},"end":{"line":81,"column":30}},"30":{"start":{"line":85,"column":19},"end":{"line":85,"column":45}},"31":{"start":{"line":86,"column":27},"end":{"line":86,"column":63}},"32":{"start":{"line":91,"column":2},"end":{"line":95,"column":3}},"33":{"start":{"line":92,"column":4},"end":{"line":94,"column":7}},"34":{"start":{"line":93,"column":6},"end":{"line":93,"column":46}},"35":{"start":{"line":97,"column":2},"end":{"line":97,"column":15}},"36":{"start":{"line":108,"column":16},"end":{"line":189,"column":3}},"37":{"start":{"line":116,"column":6},"end":{"line":116,"column":34}},"38":{"start":{"line":117,"column":6},"end":{"line":117,"column":27}},"39":{"start":{"line":119,"column":6},"end":{"line":122,"column":7}},"40":{"start":{"line":120,"column":21},"end":{"line":120,"column":57}},"41":{"start":{"line":121,"column":8},"end":{"line":121,"column":36}},"42":{"start":{"line":126,"column":6},"end":{"line":126,"column":34}},"43":{"start":{"line":130,"column":6},"end":{"line":130,"column":37}},"44":{"start":{"line":134,"column":6},"end":{"line":134,"column":42}},"45":{"start":{"line":135,"column":6},"end":{"line":135,"column":24}},"46":{"start":{"line":136,"column":6},"end":{"line":136,"column":25}},"47":{"start":{"line":137,"column":6},"end":{"line":137,"column":33}},"48":{"start":{"line":138,"column":6},"end":{"line":138,"column":28}},"49":{"start":{"line":142,"column":6},"end":{"line":147,"column":8}},"50":{"start":{"line":144,"column":25},"end":{"line":144,"column":62}},"51":{"start":{"line":145,"column":22},"end":{"line":145,"column":51}},"52":{"start":{"line":151,"column":6},"end":{"line":151,"column":26}},"53":{"start":{"line":155,"column":6},"end":{"line":155,"column":66}},"54":{"start":{"line":155,"column":58},"end":{"line":155,"column":64}},"55":{"start":{"line":159,"column":6},"end":{"line":159,"column":48}},"56":{"start":{"line":159,"column":29},"end":{"line":159,"column":48}},"57":{"start":{"line":162,"column":24},"end":{"line":162,"column":26}},"58":{"start":{"line":163,"column":6},"end":{"line":166,"column":7}},"59":{"start":{"line":164,"column":21},"end":{"line":164,"column":63}},"60":{"start":{"line":165,"column":8},"end":{"line":165,"column":44}},"61":{"start":{"line":165,"column":19},"end":{"line":165,"column":44}},"62":{"start":{"line":168,"column":6},"end":{"line":168,"column":31}},"63":{"start":{"line":170,"column":6},"end":{"line":173,"column":7}},"64":{"start":{"line":171,"column":8},"end":{"line":171,"column":69}},"65":{"start":{"line":172,"column":8},"end":{"line":172,"column":21}},"66":{"start":{"line":175,"column":6},"end":{"line":175,"column":32}},"67":{"start":{"line":176,"column":6},"end":{"line":187,"column":7}},"68":{"start":{"line":177,"column":8},"end":{"line":179,"column":9}},"69":{"start":{"line":178,"column":10},"end":{"line":178,"column":39}},"70":{"start":{"line":180,"column":8},"end":{"line":180,"column":63}},"71":{"start":{"line":181,"column":8},"end":{"line":181,"column":20}},"72":{"start":{"line":183,"column":8},"end":{"line":183,"column":77}},"73":{"start":{"line":184,"column":8},"end":{"line":184,"column":21}},"74":{"start":{"line":186,"column":8},"end":{"line":186,"column":35}},"75":{"start":{"line":191,"column":2},"end":{"line":191,"column":15}},"76":{"start":{"line":200,"column":14},"end":{"line":200,"column":26}},"77":{"start":{"line":202,"column":20},"end":{"line":202,"column":29}},"78":{"start":{"line":204,"column":19},"end":{"line":211,"column":3}},"79":{"start":{"line":205,"column":4},"end":{"line":209,"column":5}},"80":{"start":{"line":206,"column":6},"end":{"line":206,"column":30}},"81":{"start":{"line":208,"column":6},"end":{"line":208,"column":23}},"82":{"start":{"line":210,"column":4},"end":{"line":210,"column":53}},"83":{"start":{"line":210,"column":36},"end":{"line":210,"column":51}},"84":{"start":{"line":213,"column":20},"end":{"line":216,"column":3}},"85":{"start":{"line":214,"column":4},"end":{"line":214,"column":28}},"86":{"start":{"line":215,"column":4},"end":{"line":215,"column":44}},"87":{"start":{"line":215,"column":17},"end":{"line":215,"column":43}},"88":{"start":{"line":218,"column":2},"end":{"line":218,"column":38}},"89":{"start":{"line":227,"column":16},"end":{"line":227,"column":31}},"90":{"start":{"line":229,"column":19},"end":{"line":235,"column":3}},"91":{"start":{"line":230,"column":4},"end":{"line":234,"column":5}},"92":{"start":{"line":231,"column":6},"end":{"line":231,"column":44}},"93":{"start":{"line":233,"column":6},"end":{"line":233,"column":37}},"94":{"start":{"line":237,"column":2},"end":{"line":237,"column":27}},"95":{"start":{"line":246,"column":2},"end":{"line":256,"column":3}},"96":{"start":{"line":248,"column":4},"end":{"line":248,"column":19}},"97":{"start":{"line":249,"column":4},"end":{"line":249,"column":15}},"98":{"start":{"line":250,"column":9},"end":{"line":256,"column":3}},"99":{"start":{"line":252,"column":24},"end":{"line":254,"column":6}},"100":{"start":{"line":253,"column":6},"end":{"line":253,"column":17}},"101":{"start":{"line":255,"column":4},"end":{"line":255,"column":23}},"102":{"start":{"line":268,"column":2},"end":{"line":273,"column":4}},"103":{"start":{"line":269,"column":4},"end":{"line":269,"column":28}},"104":{"start":{"line":270,"column":4},"end":{"line":272,"column":14}},"105":{"start":{"line":271,"column":6},"end":{"line":271,"column":18}},"106":{"start":{"line":283,"column":17},"end":{"line":283,"column":18}},"107":{"start":{"line":285,"column":2},"end":{"line":291,"column":4}},"108":{"start":{"line":286,"column":16},"end":{"line":286,"column":26}},"109":{"start":{"line":287,"column":4},"end":{"line":290,"column":5}},"110":{"start":{"line":288,"column":6},"end":{"line":288,"column":21}},"111":{"start":{"line":289,"column":6},"end":{"line":289,"column":18}}},"fnMap":{"0":{"name":"useAuth","decl":{"start":{"line":2,"column":16},"end":{"line":2,"column":23}},"loc":{"start":{"line":2,"column":26},"end":{"line":4,"column":1}},"line":2},"1":{"name":"useCampaigns","decl":{"start":{"line":6,"column":16},"end":{"line":6,"column":28}},"loc":{"start":{"line":6,"column":31},"end":{"line":8,"column":1}},"line":6},"2":{"name":"useAsync","decl":{"start":{"line":24,"column":16},"end":{"line":24,"column":24}},"loc":{"start":{"line":24,"column":53},"end":{"line":51,"column":1}},"line":24},"3":{"name":"(anonymous_3)","decl":{"start":{"line":29,"column":13},"end":{"line":29,"column":18}},"loc":{"start":{"line":29,"column":32},"end":{"line":42,"column":5}},"line":29},"4":{"name":"(anonymous_4)","decl":{"start":{"line":43,"column":11},"end":{"line":43,"column":12}},"loc":{"start":{"line":43,"column":17},"end":{"line":47,"column":5}},"line":43},"5":{"name":"useFetch","decl":{"start":{"line":59,"column":16},"end":{"line":59,"column":24}},"loc":{"start":{"line":59,"column":44},"end":{"line":98,"column":1}},"line":59},"6":{"name":"(anonymous_6)","decl":{"start":{"line":68,"column":13},"end":{"line":68,"column":18}},"loc":{"start":{"line":68,"column":25},"end":{"line":83,"column":5}},"line":68},"7":{"name":"(anonymous_7)","decl":{"start":{"line":85,"column":13},"end":{"line":85,"column":14}},"loc":{"start":{"line":85,"column":19},"end":{"line":85,"column":45}},"line":85},"8":{"name":"(anonymous_8)","decl":{"start":{"line":86,"column":11},"end":{"line":86,"column":12}},"loc":{"start":{"line":86,"column":27},"end":{"line":86,"column":63}},"line":86},"9":{"name":"(anonymous_9)","decl":{"start":{"line":92,"column":26},"end":{"line":92,"column":27}},"loc":{"start":{"line":92,"column":35},"end":{"line":94,"column":5}},"line":92},"10":{"name":"useForm","decl":{"start":{"line":107,"column":16},"end":{"line":107,"column":23}},"loc":{"start":{"line":107,"column":74},"end":{"line":192,"column":1}},"line":107},"11":{"name":"(anonymous_11)","decl":{"start":{"line":115,"column":14},"end":{"line":115,"column":15}},"loc":{"start":{"line":115,"column":32},"end":{"line":123,"column":5}},"line":115},"12":{"name":"(anonymous_12)","decl":{"start":{"line":125,"column":14},"end":{"line":125,"column":15}},"loc":{"start":{"line":125,"column":32},"end":{"line":127,"column":5}},"line":125},"13":{"name":"(anonymous_13)","decl":{"start":{"line":129,"column":16},"end":{"line":129,"column":17}},"loc":{"start":{"line":129,"column":43},"end":{"line":131,"column":5}},"line":129},"14":{"name":"(anonymous_14)","decl":{"start":{"line":133,"column":15},"end":{"line":133,"column":16}},"loc":{"start":{"line":133,"column":21},"end":{"line":139,"column":5}},"line":133},"15":{"name":"(anonymous_15)","decl":{"start":{"line":141,"column":19},"end":{"line":141,"column":20}},"loc":{"start":{"line":141,"column":30},"end":{"line":148,"column":5}},"line":141},"16":{"name":"(anonymous_16)","decl":{"start":{"line":144,"column":18},"end":{"line":144,"column":19}},"loc":{"start":{"line":144,"column":25},"end":{"line":144,"column":62}},"line":144},"17":{"name":"(anonymous_17)","decl":{"start":{"line":145,"column":16},"end":{"line":145,"column":17}},"loc":{"start":{"line":145,"column":22},"end":{"line":145,"column":51}},"line":145},"18":{"name":"(anonymous_18)","decl":{"start":{"line":150,"column":15},"end":{"line":150,"column":16}},"loc":{"start":{"line":150,"column":21},"end":{"line":152,"column":5}},"line":150},"19":{"name":"(anonymous_19)","decl":{"start":{"line":154,"column":13},"end":{"line":154,"column":14}},"loc":{"start":{"line":154,"column":19},"end":{"line":156,"column":5}},"line":154},"20":{"name":"(anonymous_20)","decl":{"start":{"line":155,"column":47},"end":{"line":155,"column":48}},"loc":{"start":{"line":155,"column":58},"end":{"line":155,"column":64}},"line":155},"21":{"name":"(anonymous_21)","decl":{"start":{"line":158,"column":12},"end":{"line":158,"column":17}},"loc":{"start":{"line":158,"column":25},"end":{"line":188,"column":5}},"line":158},"22":{"name":"useState","decl":{"start":{"line":199,"column":16},"end":{"line":199,"column":24}},"loc":{"start":{"line":199,"column":39},"end":{"line":219,"column":1}},"line":199},"23":{"name":"(anonymous_23)","decl":{"start":{"line":204,"column":19},"end":{"line":204,"column":20}},"loc":{"start":{"line":204,"column":33},"end":{"line":211,"column":3}},"line":204},"24":{"name":"(anonymous_24)","decl":{"start":{"line":210,"column":22},"end":{"line":210,"column":23}},"loc":{"start":{"line":210,"column":36},"end":{"line":210,"column":51}},"line":210},"25":{"name":"(anonymous_25)","decl":{"start":{"line":213,"column":20},"end":{"line":213,"column":21}},"loc":{"start":{"line":213,"column":34},"end":{"line":216,"column":3}},"line":213},"26":{"name":"(anonymous_26)","decl":{"start":{"line":215,"column":11},"end":{"line":215,"column":12}},"loc":{"start":{"line":215,"column":17},"end":{"line":215,"column":43}},"line":215},"27":{"name":"useStoreState","decl":{"start":{"line":226,"column":16},"end":{"line":226,"column":29}},"loc":{"start":{"line":226,"column":36},"end":{"line":238,"column":1}},"line":226},"28":{"name":"(anonymous_28)","decl":{"start":{"line":229,"column":19},"end":{"line":229,"column":20}},"loc":{"start":{"line":229,"column":33},"end":{"line":235,"column":3}},"line":229},"29":{"name":"useEffect","decl":{"start":{"line":245,"column":16},"end":{"line":245,"column":25}},"loc":{"start":{"line":245,"column":55},"end":{"line":257,"column":1}},"line":245},"30":{"name":"(anonymous_30)","decl":{"start":{"line":252,"column":40},"end":{"line":252,"column":41}},"loc":{"start":{"line":252,"column":46},"end":{"line":254,"column":5}},"line":252},"31":{"name":"useDebounce","decl":{"start":{"line":265,"column":16},"end":{"line":265,"column":27}},"loc":{"start":{"line":265,"column":45},"end":{"line":274,"column":1}},"line":265},"32":{"name":"(anonymous_32)","decl":{"start":{"line":268,"column":9},"end":{"line":268,"column":10}},"loc":{"start":{"line":268,"column":22},"end":{"line":273,"column":3}},"line":268},"33":{"name":"(anonymous_33)","decl":{"start":{"line":270,"column":27},"end":{"line":270,"column":28}},"loc":{"start":{"line":270,"column":33},"end":{"line":272,"column":5}},"line":270},"34":{"name":"useThrottle","decl":{"start":{"line":282,"column":16},"end":{"line":282,"column":27}},"loc":{"start":{"line":282,"column":45},"end":{"line":292,"column":1}},"line":282},"35":{"name":"(anonymous_35)","decl":{"start":{"line":285,"column":9},"end":{"line":285,"column":10}},"loc":{"start":{"line":285,"column":22},"end":{"line":291,"column":3}},"line":285}},"branchMap":{"0":{"loc":{"start":{"line":24,"column":34},"end":{"line":24,"column":51}},"type":"default-arg","locations":[{"start":{"line":24,"column":49},"end":{"line":24,"column":51}}],"line":24},"1":{"loc":{"start":{"line":37,"column":23},"end":{"line":37,"column":64}},"type":"binary-expr","locations":[{"start":{"line":37,"column":23},"end":{"line":37,"column":36}},{"start":{"line":37,"column":40},"end":{"line":37,"column":64}}],"line":37},"2":{"loc":{"start":{"line":59,"column":30},"end":{"line":59,"column":42}},"type":"default-arg","locations":[{"start":{"line":59,"column":40},"end":{"line":59,"column":42}}],"line":59},"3":{"loc":{"start":{"line":64,"column":10},"end":{"line":64,"column":24}},"type":"binary-expr","locations":[{"start":{"line":64,"column":10},"end":{"line":64,"column":16}},{"start":{"line":64,"column":20},"end":{"line":64,"column":24}}],"line":64},"4":{"loc":{"start":{"line":65,"column":13},"end":{"line":65,"column":34}},"type":"cond-expr","locations":[{"start":{"line":65,"column":22},"end":{"line":65,"column":27}},{"start":{"line":65,"column":30},"end":{"line":65,"column":34}}],"line":65},"5":{"loc":{"start":{"line":74,"column":41},"end":{"line":74,"column":64}},"type":"binary-expr","locations":[{"start":{"line":74,"column":41},"end":{"line":74,"column":57}},{"start":{"line":74,"column":61},"end":{"line":74,"column":64}}],"line":74},"6":{"loc":{"start":{"line":91,"column":2},"end":{"line":95,"column":3}},"type":"if","locations":[{"start":{"line":91,"column":2},"end":{"line":95,"column":3}},{"start":{},"end":{}}],"line":91},"7":{"loc":{"start":{"line":107,"column":24},"end":{"line":107,"column":42}},"type":"default-arg","locations":[{"start":{"line":107,"column":40},"end":{"line":107,"column":42}}],"line":107},"8":{"loc":{"start":{"line":107,"column":44},"end":{"line":107,"column":55}},"type":"default-arg","locations":[{"start":{"line":107,"column":53},"end":{"line":107,"column":55}}],"line":107},"9":{"loc":{"start":{"line":107,"column":57},"end":{"line":107,"column":72}},"type":"default-arg","locations":[{"start":{"line":107,"column":68},"end":{"line":107,"column":72}}],"line":107},"10":{"loc":{"start":{"line":119,"column":6},"end":{"line":122,"column":7}},"type":"if","locations":[{"start":{"line":119,"column":6},"end":{"line":122,"column":7}},{"start":{},"end":{}}],"line":119},"11":{"loc":{"start":{"line":129,"column":24},"end":{"line":129,"column":38}},"type":"default-arg","locations":[{"start":{"line":129,"column":34},"end":{"line":129,"column":38}}],"line":129},"12":{"loc":{"start":{"line":143,"column":15},"end":{"line":143,"column":40}},"type":"binary-expr","locations":[{"start":{"line":143,"column":15},"end":{"line":143,"column":34}},{"start":{"line":143,"column":38},"end":{"line":143,"column":40}}],"line":143},"13":{"loc":{"start":{"line":146,"column":15},"end":{"line":146,"column":64}},"type":"cond-expr","locations":[{"start":{"line":146,"column":38},"end":{"line":146,"column":57}},{"start":{"line":146,"column":60},"end":{"line":146,"column":64}}],"line":146},"14":{"loc":{"start":{"line":159,"column":6},"end":{"line":159,"column":48}},"type":"if","locations":[{"start":{"line":159,"column":6},"end":{"line":159,"column":48}},{"start":{},"end":{}}],"line":159},"15":{"loc":{"start":{"line":165,"column":8},"end":{"line":165,"column":44}},"type":"if","locations":[{"start":{"line":165,"column":8},"end":{"line":165,"column":44}},{"start":{},"end":{}}],"line":165},"16":{"loc":{"start":{"line":170,"column":6},"end":{"line":173,"column":7}},"type":"if","locations":[{"start":{"line":170,"column":6},"end":{"line":173,"column":7}},{"start":{},"end":{}}],"line":170},"17":{"loc":{"start":{"line":177,"column":8},"end":{"line":179,"column":9}},"type":"if","locations":[{"start":{"line":177,"column":8},"end":{"line":179,"column":9}},{"start":{},"end":{}}],"line":177},"18":{"loc":{"start":{"line":183,"column":23},"end":{"line":183,"column":64}},"type":"binary-expr","locations":[{"start":{"line":183,"column":23},"end":{"line":183,"column":36}},{"start":{"line":183,"column":40},"end":{"line":183,"column":64}}],"line":183},"19":{"loc":{"start":{"line":205,"column":4},"end":{"line":209,"column":5}},"type":"if","locations":[{"start":{"line":205,"column":4},"end":{"line":209,"column":5}},{"start":{"line":207,"column":11},"end":{"line":209,"column":5}}],"line":205},"20":{"loc":{"start":{"line":230,"column":4},"end":{"line":234,"column":5}},"type":"if","locations":[{"start":{"line":230,"column":4},"end":{"line":234,"column":5}},{"start":{"line":232,"column":11},"end":{"line":234,"column":5}}],"line":230},"21":{"loc":{"start":{"line":245,"column":36},"end":{"line":245,"column":53}},"type":"default-arg","locations":[{"start":{"line":245,"column":51},"end":{"line":245,"column":53}}],"line":245},"22":{"loc":{"start":{"line":246,"column":2},"end":{"line":256,"column":3}},"type":"if","locations":[{"start":{"line":246,"column":2},"end":{"line":256,"column":3}},{"start":{"line":250,"column":9},"end":{"line":256,"column":3}}],"line":246},"23":{"loc":{"start":{"line":250,"column":9},"end":{"line":256,"column":3}},"type":"if","locations":[{"start":{"line":250,"column":9},"end":{"line":256,"column":3}},{"start":{},"end":{}}],"line":250},"24":{"loc":{"start":{"line":265,"column":32},"end":{"line":265,"column":43}},"type":"default-arg","locations":[{"start":{"line":265,"column":40},"end":{"line":265,"column":43}}],"line":265},"25":{"loc":{"start":{"line":282,"column":32},"end":{"line":282,"column":43}},"type":"default-arg","locations":[{"start":{"line":282,"column":40},"end":{"line":282,"column":43}}],"line":282},"26":{"loc":{"start":{"line":287,"column":4},"end":{"line":290,"column":5}},"type":"if","locations":[{"start":{"line":287,"column":4},"end":{"line":290,"column":5}},{"start":{},"end":{}}],"line":287}},"s":{"0":1,"1":1,"2":0,"3":0,"4":0,"5":0,"6":0,"7":0,"8":0,"9":0,"10":0,"11":0,"12":0,"13":0,"14":0,"15":0,"16":0,"17":0,"18":0,"19":0,"20":0,"21":0,"22":0,"23":0,"24":0,"25":0,"26":0,"27":0,"28":0,"29":0,"30":0,"31":0,"32":0,"33":0,"34":0,"35":0,"36":0,"37":0,"38":0,"39":0,"40":0,"41":0,"42":0,"43":0,"44":0,"45":0,"46":0,"47":0,"48":0,"49":0,"50":0,"51":0,"52":0,"53":0,"54":0,"55":0,"56":0,"57":0,"58":0,"59":0,"60":0,"61":0,"62":0,"63":0,"64":0,"65":0,"66":0,"67":0,"68":0,"69":0,"70":0,"71":0,"72":0,"73":0,"74":0,"75":0,"76":0,"77":0,"78":0,"79":0,"80":0,"81":0,"82":0,"83":0,"84":0,"85":0,"86":0,"87":0,"88":0,"89":0,"90":0,"91":0,"92":0,"93":0,"94":0,"95":0,"96":0,"97":0,"98":0,"99":0,"100":0,"101":0,"102":0,"103":0,"104":0,"105":0,"106":0,"107":0,"108":0,"109":0,"110":0,"111":0},"f":{"0":1,"1":1,"2":0,"3":0,"4":0,"5":0,"6":0,"7":0,"8":0,"9":0,"10":0,"11":0,"12":0,"13":0,"14":0,"15":0,"16":0,"17":0,"18":0,"19":0,"20":0,"21":0,"22":0,"23":0,"24":0,"25":0,"26":0,"27":0,"28":0,"29":0,"30":0,"31":0,"32":0,"33":0,"34":0,"35":0},"b":{"0":[0],"1":[0,0],"2":[0],"3":[0,0],"4":[0,0],"5":[0,0],"6":[0,0],"7":[0],"8":[0],"9":[0],"10":[0,0],"11":[0],"12":[0,0],"13":[0,0],"14":[0,0],"15":[0,0],"16":[0,0],"17":[0,0],"18":[0,0],"19":[0,0],"20":[0,0],"21":[0],"22":[0,0],"23":[0,0],"24":[0],"25":[0],"26":[0,0]},"meta":{"lastBranch":27,"lastFunction":36,"lastStatement":112,"seen":{"f:2:16:2:23":0,"s:3:2:3:48":0,"f:6:16:6:28":1,"s:7:2:7:12":1,"f:24:16:24:24":2,"b:24:49:24:51":0,"s:25:16:48:3":2,"f:29:13:29:18":3,"s:30:6:30:27":3,"s:31:6:31:25":4,"s:32:6:41:7":5,"s:33:8:33:44":6,"s:34:8:34:26":7,"s:36:8:36:28":8,"s:37:8:37:78":9,"b:37:23:37:36:37:40:37:64":1,"s:38:8:38:20":10,"s:40:8:40:30":11,"f:43:11:43:12":4,"s:44:6:44:24":12,"s:45:6:45:28":13,"s:46:6:46:25":14,"s:50:2:50:15":15,"f:59:16:59:24":5,"b:59:40:59:42":2,"s:60:19:60:33":16,"s:61:17:61:41":17,"s:63:16:88:3":18,"b:64:10:64:16:64:20:64:24":3,"b:65:22:65:27:65:30:65:34":4,"f:68:13:68:18":6,"s:69:6:69:27":19,"s:70:6:70:25":20,"s:71:6:82:7":21,"s:72:23:72:56":22,"s:73:8:73:28":23,"s:74:8:74:66":24,"b:74:41:74:57:74:61:74:64":5,"s:75:8:75:22":25,"s:77:8:77:28":26,"s:78:8:78:50":27,"s:79:8:79:20":28,"s:81:8:81:30":29,"f:85:13:85:14":7,"s:85:19:85:45":30,"f:86:11:86:12":8,"s:86:27:86:63":31,"b:91:2:95:3:undefined:undefined:undefined:undefined":6,"s:91:2:95:3":32,"s:92:4:94:7":33,"f:92:26:92:27":9,"s:93:6:93:46":34,"s:97:2:97:15":35,"f:107:16:107:23":10,"b:107:40:107:42":7,"b:107:53:107:55":8,"b:107:68:107:72":9,"s:108:16:189:3":36,"f:115:14:115:15":11,"s:116:6:116:34":37,"s:117:6:117:27":38,"b:119:6:122:7:undefined:undefined:undefined:undefined":10,"s:119:6:122:7":39,"s:120:21:120:57":40,"s:121:8:121:36":41,"f:125:14:125:15":12,"s:126:6:126:34":42,"f:129:16:129:17":13,"b:129:34:129:38":11,"s:130:6:130:37":43,"f:133:15:133:16":14,"s:134:6:134:42":44,"s:135:6:135:24":45,"s:136:6:136:25":46,"s:137:6:137:33":47,"s:138:6:138:28":48,"f:141:19:141:20":15,"s:142:6:147:8":49,"b:143:15:143:34:143:38:143:40":12,"f:144:18:144:19":16,"s:144:25:144:62":50,"f:145:16:145:17":17,"s:145:22:145:51":51,"b:146:38:146:57:146:60:146:64":13,"f:150:15:150:16":18,"s:151:6:151:26":52,"f:154:13:154:14":19,"s:155:6:155:66":53,"f:155:47:155:48":20,"s:155:58:155:64":54,"f:158:12:158:17":21,"b:159:6:159:48:undefined:undefined:undefined:undefined":14,"s:159:6:159:48":55,"s:159:29:159:48":56,"s:162:24:162:26":57,"s:163:6:166:7":58,"s:164:21:164:63":59,"b:165:8:165:44:undefined:undefined:undefined:undefined":15,"s:165:8:165:44":60,"s:165:19:165:44":61,"s:168:6:168:31":62,"b:170:6:173:7:undefined:undefined:undefined:undefined":16,"s:170:6:173:7":63,"s:171:8:171:69":64,"s:172:8:172:21":65,"s:175:6:175:32":66,"s:176:6:187:7":67,"b:177:8:179:9:undefined:undefined:undefined:undefined":17,"s:177:8:179:9":68,"s:178:10:178:39":69,"s:180:8:180:63":70,"s:181:8:181:20":71,"s:183:8:183:77":72,"b:183:23:183:36:183:40:183:64":18,"s:184:8:184:21":73,"s:186:8:186:35":74,"s:191:2:191:15":75,"f:199:16:199:24":22,"s:200:14:200:26":76,"s:202:20:202:29":77,"s:204:19:211:3":78,"f:204:19:204:20":23,"b:205:4:209:5:207:11:209:5":19,"s:205:4:209:5":79,"s:206:6:206:30":80,"s:208:6:208:23":81,"s:210:4:210:53":82,"f:210:22:210:23":24,"s:210:36:210:51":83,"s:213:20:216:3":84,"f:213:20:213:21":25,"s:214:4:214:28":85,"s:215:4:215:44":86,"f:215:11:215:12":26,"s:215:17:215:43":87,"s:218:2:218:38":88,"f:226:16:226:29":27,"s:227:16:227:31":89,"s:229:19:235:3":90,"f:229:19:229:20":28,"b:230:4:234:5:232:11:234:5":20,"s:230:4:234:5":91,"s:231:6:231:44":92,"s:233:6:233:37":93,"s:237:2:237:27":94,"f:245:16:245:25":29,"b:245:51:245:53":21,"b:246:2:256:3:250:9:256:3":22,"s:246:2:256:3":95,"s:248:4:248:19":96,"s:249:4:249:15":97,"b:250:9:256:3:undefined:undefined:undefined:undefined":23,"s:250:9:256:3":98,"s:252:24:254:6":99,"f:252:40:252:41":30,"s:253:6:253:17":100,"s:255:4:255:23":101,"f:265:16:265:27":31,"b:265:40:265:43":24,"s:268:2:273:4":102,"f:268:9:268:10":32,"s:269:4:269:28":103,"s:270:4:272:14":104,"f:270:27:270:28":33,"s:271:6:271:18":105,"f:282:16:282:27":34,"b:282:40:282:43":25,"s:283:17:283:18":106,"s:285:2:291:4":107,"f:285:9:285:10":35,"s:286:16:286:26":108,"b:287:4:290:5:undefined:undefined:undefined:undefined":26,"s:287:4:290:5":109,"s:288:6:288:21":110,"s:289:6:289:18":111}}}
,"C:\\VS Code Softuni\\Чиста Дървеница\\src\\services\\auth.js": {"path":"C:\\VS Code Softuni\\Чиста Дървеница\\src\\services\\auth.js","statementMap":{"0":{"start":{"line":12,"column":2},"end":{"line":66,"column":3}},"1":{"start":{"line":14,"column":4},"end":{"line":16,"column":5}},"2":{"start":{"line":15,"column":6},"end":{"line":15,"column":57}},"3":{"start":{"line":18,"column":4},"end":{"line":20,"column":5}},"4":{"start":{"line":19,"column":6},"end":{"line":19,"column":50}},"5":{"start":{"line":22,"column":4},"end":{"line":22,"column":56}},"6":{"start":{"line":25,"column":49},"end":{"line":28,"column":6}},"7":{"start":{"line":30,"column":4},"end":{"line":33,"column":5}},"8":{"start":{"line":31,"column":6},"end":{"line":31,"column":55}},"9":{"start":{"line":32,"column":6},"end":{"line":32,"column":66}},"10":{"start":{"line":35,"column":4},"end":{"line":37,"column":5}},"11":{"start":{"line":36,"column":6},"end":{"line":36,"column":63}},"12":{"start":{"line":39,"column":4},"end":{"line":39,"column":72}},"13":{"start":{"line":42,"column":19},"end":{"line":42,"column":35}},"14":{"start":{"line":43,"column":36},"end":{"line":51,"column":6}},"15":{"start":{"line":53,"column":4},"end":{"line":56,"column":5}},"16":{"start":{"line":54,"column":6},"end":{"line":54,"column":63}},"17":{"start":{"line":55,"column":6},"end":{"line":55,"column":74}},"18":{"start":{"line":58,"column":4},"end":{"line":58,"column":50}},"19":{"start":{"line":60,"column":4},"end":{"line":60,"column":84}},"20":{"start":{"line":61,"column":4},"end":{"line":61,"column":25}},"21":{"start":{"line":63,"column":4},"end":{"line":63,"column":46}},"22":{"start":{"line":64,"column":4},"end":{"line":64,"column":49}},"23":{"start":{"line":65,"column":4},"end":{"line":65,"column":16}},"24":{"start":{"line":76,"column":2},"end":{"line":89,"column":3}},"25":{"start":{"line":77,"column":28},"end":{"line":80,"column":6}},"26":{"start":{"line":82,"column":4},"end":{"line":82,"column":27}},"27":{"start":{"line":82,"column":15},"end":{"line":82,"column":27}},"28":{"start":{"line":84,"column":4},"end":{"line":84,"column":64}},"29":{"start":{"line":85,"column":4},"end":{"line":85,"column":21}},"30":{"start":{"line":87,"column":4},"end":{"line":87,"column":42}},"31":{"start":{"line":88,"column":4},"end":{"line":88,"column":16}},"32":{"start":{"line":97,"column":2},"end":{"line":106,"column":3}},"33":{"start":{"line":98,"column":22},"end":{"line":98,"column":51}},"34":{"start":{"line":100,"column":4},"end":{"line":100,"column":27}},"35":{"start":{"line":100,"column":15},"end":{"line":100,"column":27}},"36":{"start":{"line":102,"column":4},"end":{"line":102,"column":60}},"37":{"start":{"line":104,"column":4},"end":{"line":104,"column":43}},"38":{"start":{"line":105,"column":4},"end":{"line":105,"column":16}},"39":{"start":{"line":114,"column":2},"end":{"line":129,"column":3}},"40":{"start":{"line":118,"column":8},"end":{"line":118,"column":37}},"41":{"start":{"line":120,"column":4},"end":{"line":123,"column":5}},"42":{"start":{"line":121,"column":6},"end":{"line":121,"column":46}},"43":{"start":{"line":122,"column":6},"end":{"line":122,"column":18}},"44":{"start":{"line":125,"column":4},"end":{"line":125,"column":16}},"45":{"start":{"line":127,"column":4},"end":{"line":127,"column":44}},"46":{"start":{"line":128,"column":4},"end":{"line":128,"column":16}}},"fnMap":{"0":{"name":"register","decl":{"start":{"line":11,"column":22},"end":{"line":11,"column":30}},"loc":{"start":{"line":11,"column":54},"end":{"line":67,"column":1}},"line":11},"1":{"name":"login","decl":{"start":{"line":75,"column":22},"end":{"line":75,"column":27}},"loc":{"start":{"line":75,"column":45},"end":{"line":90,"column":1}},"line":75},"2":{"name":"logout","decl":{"start":{"line":96,"column":22},"end":{"line":96,"column":28}},"loc":{"start":{"line":96,"column":31},"end":{"line":107,"column":1}},"line":96},"3":{"name":"getUser","decl":{"start":{"line":113,"column":22},"end":{"line":113,"column":29}},"loc":{"start":{"line":113,"column":32},"end":{"line":130,"column":1}},"line":113}},"branchMap":{"0":{"loc":{"start":{"line":14,"column":4},"end":{"line":16,"column":5}},"type":"if","locations":[{"start":{"line":14,"column":4},"end":{"line":16,"column":5}},{"start":{},"end":{}}],"line":14},"1":{"loc":{"start":{"line":14,"column":8},"end":{"line":14,"column":27}},"type":"binary-expr","locations":[{"start":{"line":14,"column":8},"end":{"line":14,"column":14}},{"start":{"line":14,"column":18},"end":{"line":14,"column":27}}],"line":14},"2":{"loc":{"start":{"line":18,"column":4},"end":{"line":20,"column":5}},"type":"if","locations":[{"start":{"line":18,"column":4},"end":{"line":20,"column":5}},{"start":{},"end":{}}],"line":18},"3":{"loc":{"start":{"line":30,"column":4},"end":{"line":33,"column":5}},"type":"if","locations":[{"start":{"line":30,"column":4},"end":{"line":33,"column":5}},{"start":{},"end":{}}],"line":30},"4":{"loc":{"start":{"line":32,"column":22},"end":{"line":32,"column":64}},"type":"binary-expr","locations":[{"start":{"line":32,"column":22},"end":{"line":32,"column":39}},{"start":{"line":32,"column":43},"end":{"line":32,"column":64}}],"line":32},"5":{"loc":{"start":{"line":35,"column":4},"end":{"line":37,"column":5}},"type":"if","locations":[{"start":{"line":35,"column":4},"end":{"line":37,"column":5}},{"start":{},"end":{}}],"line":35},"6":{"loc":{"start":{"line":49,"column":22},"end":{"line":49,"column":47}},"type":"binary-expr","locations":[{"start":{"line":49,"column":22},"end":{"line":49,"column":39}},{"start":{"line":49,"column":43},"end":{"line":49,"column":47}}],"line":49},"7":{"loc":{"start":{"line":53,"column":4},"end":{"line":56,"column":5}},"type":"if","locations":[{"start":{"line":53,"column":4},"end":{"line":56,"column":5}},{"start":{},"end":{}}],"line":53},"8":{"loc":{"start":{"line":55,"column":22},"end":{"line":55,"column":72}},"type":"binary-expr","locations":[{"start":{"line":55,"column":22},"end":{"line":55,"column":42}},{"start":{"line":55,"column":46},"end":{"line":55,"column":72}}],"line":55},"9":{"loc":{"start":{"line":82,"column":4},"end":{"line":82,"column":27}},"type":"if","locations":[{"start":{"line":82,"column":4},"end":{"line":82,"column":27}},{"start":{},"end":{}}],"line":82},"10":{"loc":{"start":{"line":100,"column":4},"end":{"line":100,"column":27}},"type":"if","locations":[{"start":{"line":100,"column":4},"end":{"line":100,"column":27}},{"start":{},"end":{}}],"line":100},"11":{"loc":{"start":{"line":120,"column":4},"end":{"line":123,"column":5}},"type":"if","locations":[{"start":{"line":120,"column":4},"end":{"line":123,"column":5}},{"start":{},"end":{}}],"line":120}},"s":{"0":1,"1":1,"2":0,"3":1,"4":0,"5":1,"6":1,"7":1,"8":0,"9":0,"10":1,"11":0,"12":1,"13":1,"14":1,"15":1,"16":0,"17":0,"18":1,"19":1,"20":1,"21":0,"22":0,"23":0,"24":3,"25":3,"26":3,"27":1,"28":2,"29":2,"30":1,"31":1,"32":1,"33":1,"34":1,"35":0,"36":1,"37":0,"38":0,"39":0,"40":0,"41":0,"42":0,"43":0,"44":0,"45":0,"46":0},"f":{"0":1,"1":3,"2":1,"3":0},"b":{"0":[0,1],"1":[1,1],"2":[0,1],"3":[0,1],"4":[0,0],"5":[0,1],"6":[1,0],"7":[0,1],"8":[0,0],"9":[1,2],"10":[0,1],"11":[0,0]},"meta":{"lastBranch":12,"lastFunction":4,"lastStatement":47,"seen":{"f:11:22:11:30":0,"s:12:2:66:3":0,"b:14:4:16:5:undefined:undefined:undefined:undefined":0,"s:14:4:16:5":1,"b:14:8:14:14:14:18:14:27":1,"s:15:6:15:57":2,"b:18:4:20:5:undefined:undefined:undefined:undefined":2,"s:18:4:20:5":3,"s:19:6:19:50":4,"s:22:4:22:56":5,"s:25:49:28:6":6,"b:30:4:33:5:undefined:undefined:undefined:undefined":3,"s:30:4:33:5":7,"s:31:6:31:55":8,"s:32:6:32:66":9,"b:32:22:32:39:32:43:32:64":4,"b:35:4:37:5:undefined:undefined:undefined:undefined":5,"s:35:4:37:5":10,"s:36:6:36:63":11,"s:39:4:39:72":12,"s:42:19:42:35":13,"s:43:36:51:6":14,"b:49:22:49:39:49:43:49:47":6,"b:53:4:56:5:undefined:undefined:undefined:undefined":7,"s:53:4:56:5":15,"s:54:6:54:63":16,"s:55:6:55:74":17,"b:55:22:55:42:55:46:55:72":8,"s:58:4:58:50":18,"s:60:4:60:84":19,"s:61:4:61:25":20,"s:63:4:63:46":21,"s:64:4:64:49":22,"s:65:4:65:16":23,"f:75:22:75:27":1,"s:76:2:89:3":24,"s:77:28:80:6":25,"b:82:4:82:27:undefined:undefined:undefined:undefined":9,"s:82:4:82:27":26,"s:82:15:82:27":27,"s:84:4:84:64":28,"s:85:4:85:21":29,"s:87:4:87:42":30,"s:88:4:88:16":31,"f:96:22:96:28":2,"s:97:2:106:3":32,"s:98:22:98:51":33,"b:100:4:100:27:undefined:undefined:undefined:undefined":10,"s:100:4:100:27":34,"s:100:15:100:27":35,"s:102:4:102:60":36,"s:104:4:104:43":37,"s:105:4:105:16":38,"f:113:22:113:29":3,"s:114:2:129:3":39,"s:118:8:118:37":40,"b:120:4:123:5:undefined:undefined:undefined:undefined":11,"s:120:4:123:5":41,"s:121:6:121:46":42,"s:122:6:122:18":43,"s:125:4:125:16":44,"s:127:4:127:44":45,"s:128:4:128:16":46}}}
,"C:\\VS Code Softuni\\Чиста Дървеница\\src\\services\\errorHandler.js": {"path":"C:\\VS Code Softuni\\Чиста Дървеница\\src\\services\\errorHandler.js","statementMap":{"0":{"start":{"line":12,"column":27},"end":{"line":21,"column":1}},"1":{"start":{"line":28,"column":4},"end":{"line":28,"column":19}},"2":{"start":{"line":29,"column":4},"end":{"line":29,"column":27}},"3":{"start":{"line":30,"column":4},"end":{"line":30,"column":21}},"4":{"start":{"line":31,"column":4},"end":{"line":31,"column":27}},"5":{"start":{"line":32,"column":4},"end":{"line":32,"column":46}},"6":{"start":{"line":36,"column":4},"end":{"line":41,"column":6}},"7":{"start":{"line":50,"column":4},"end":{"line":50,"column":36}},"8":{"start":{"line":51,"column":4},"end":{"line":51,"column":37}},"9":{"start":{"line":52,"column":4},"end":{"line":52,"column":34}},"10":{"start":{"line":60,"column":4},"end":{"line":63,"column":7}},"11":{"start":{"line":61,"column":6},"end":{"line":61,"column":86}},"12":{"start":{"line":62,"column":6},"end":{"line":62,"column":43}},"13":{"start":{"line":66,"column":4},"end":{"line":71,"column":7}},"14":{"start":{"line":67,"column":6},"end":{"line":67,"column":74}},"15":{"start":{"line":68,"column":6},"end":{"line":68,"column":39}},"16":{"start":{"line":70,"column":6},"end":{"line":70,"column":43}},"17":{"start":{"line":74,"column":4},"end":{"line":77,"column":7}},"18":{"start":{"line":75,"column":6},"end":{"line":75,"column":66}},"19":{"start":{"line":76,"column":6},"end":{"line":76,"column":53}},"20":{"start":{"line":80,"column":4},"end":{"line":84,"column":7}},"21":{"start":{"line":81,"column":22},"end":{"line":81,"column":68}},"22":{"start":{"line":82,"column":6},"end":{"line":82,"column":37}},"23":{"start":{"line":83,"column":6},"end":{"line":83,"column":39}},"24":{"start":{"line":87,"column":4},"end":{"line":90,"column":7}},"25":{"start":{"line":88,"column":6},"end":{"line":88,"column":82}},"26":{"start":{"line":89,"column":6},"end":{"line":89,"column":46}},"27":{"start":{"line":93,"column":4},"end":{"line":96,"column":7}},"28":{"start":{"line":94,"column":6},"end":{"line":94,"column":51}},"29":{"start":{"line":95,"column":6},"end":{"line":95,"column":55}},"30":{"start":{"line":99,"column":4},"end":{"line":102,"column":7}},"31":{"start":{"line":100,"column":6},"end":{"line":100,"column":69}},"32":{"start":{"line":101,"column":6},"end":{"line":101,"column":42}},"33":{"start":{"line":105,"column":4},"end":{"line":108,"column":7}},"34":{"start":{"line":106,"column":6},"end":{"line":106,"column":61}},"35":{"start":{"line":107,"column":6},"end":{"line":107,"column":43}},"36":{"start":{"line":115,"column":4},"end":{"line":115,"column":49}},"37":{"start":{"line":122,"column":4},"end":{"line":122,"column":38}},"38":{"start":{"line":123,"column":4},"end":{"line":123,"column":54}},"39":{"start":{"line":123,"column":17},"end":{"line":123,"column":53}},"40":{"start":{"line":132,"column":6},"end":{"line":134,"column":85}},"41":{"start":{"line":137,"column":4},"end":{"line":137,"column":52}},"42":{"start":{"line":140,"column":4},"end":{"line":146,"column":7}},"43":{"start":{"line":141,"column":6},"end":{"line":145,"column":7}},"44":{"start":{"line":142,"column":8},"end":{"line":142,"column":27}},"45":{"start":{"line":144,"column":8},"end":{"line":144,"column":51}},"46":{"start":{"line":149,"column":21},"end":{"line":149,"column":60}},"47":{"start":{"line":150,"column":4},"end":{"line":156,"column":5}},"48":{"start":{"line":151,"column":6},"end":{"line":155,"column":7}},"49":{"start":{"line":152,"column":8},"end":{"line":152,"column":27}},"50":{"start":{"line":154,"column":8},"end":{"line":154,"column":51}},"51":{"start":{"line":158,"column":4},"end":{"line":158,"column":20}},"52":{"start":{"line":165,"column":4},"end":{"line":171,"column":5}},"53":{"start":{"line":166,"column":6},"end":{"line":166,"column":29}},"54":{"start":{"line":168,"column":6},"end":{"line":168,"column":49}},"55":{"start":{"line":169,"column":6},"end":{"line":169,"column":25}},"56":{"start":{"line":170,"column":6},"end":{"line":170,"column":18}},"57":{"start":{"line":180,"column":4},"end":{"line":194,"column":5}},"58":{"start":{"line":180,"column":23},"end":{"line":180,"column":24}},"59":{"start":{"line":181,"column":6},"end":{"line":193,"column":7}},"60":{"start":{"line":182,"column":8},"end":{"line":182,"column":31}},"61":{"start":{"line":184,"column":8},"end":{"line":184,"column":26}},"62":{"start":{"line":185,"column":8},"end":{"line":187,"column":11}},"63":{"start":{"line":189,"column":8},"end":{"line":192,"column":9}},"64":{"start":{"line":190,"column":31},"end":{"line":190,"column":63}},"65":{"start":{"line":191,"column":10},"end":{"line":191,"column":76}},"66":{"start":{"line":191,"column":41},"end":{"line":191,"column":74}},"67":{"start":{"line":196,"column":4},"end":{"line":196,"column":27}},"68":{"start":{"line":197,"column":4},"end":{"line":197,"column":20}},"69":{"start":{"line":204,"column":4},"end":{"line":209,"column":5}},"70":{"start":{"line":205,"column":6},"end":{"line":205,"column":25}},"71":{"start":{"line":207,"column":6},"end":{"line":207,"column":25}},"72":{"start":{"line":208,"column":6},"end":{"line":208,"column":18}},"73":{"start":{"line":216,"column":4},"end":{"line":221,"column":5}},"74":{"start":{"line":217,"column":6},"end":{"line":217,"column":36}},"75":{"start":{"line":219,"column":6},"end":{"line":219,"column":25}},"76":{"start":{"line":220,"column":6},"end":{"line":220,"column":18}},"77":{"start":{"line":228,"column":4},"end":{"line":230,"column":5}},"78":{"start":{"line":229,"column":6},"end":{"line":229,"column":33}},"79":{"start":{"line":231,"column":4},"end":{"line":231,"column":14}},"80":{"start":{"line":238,"column":4},"end":{"line":238,"column":30}},"81":{"start":{"line":245,"column":4},"end":{"line":245,"column":24}},"82":{"start":{"line":250,"column":21},"end":{"line":250,"column":39}},"83":{"start":{"line":256,"column":27},"end":{"line":256,"column":68}},"84":{"start":{"line":256,"column":40},"end":{"line":256,"column":68}},"85":{"start":{"line":263,"column":2},"end":{"line":266,"column":5}},"86":{"start":{"line":264,"column":4},"end":{"line":264,"column":62}},"87":{"start":{"line":265,"column":4},"end":{"line":265,"column":38}},"88":{"start":{"line":269,"column":2},"end":{"line":272,"column":5}},"89":{"start":{"line":270,"column":4},"end":{"line":270,"column":49}},"90":{"start":{"line":271,"column":4},"end":{"line":271,"column":37}},"91":{"start":{"line":274,"column":2},"end":{"line":274,"column":51}}},"fnMap":{"0":{"name":"(anonymous_0)","decl":{"start":{"line":27,"column":2},"end":{"line":27,"column":13}},"loc":{"start":{"line":27,"column":67},"end":{"line":33,"column":3}},"line":27},"1":{"name":"(anonymous_1)","decl":{"start":{"line":35,"column":2},"end":{"line":35,"column":8}},"loc":{"start":{"line":35,"column":11},"end":{"line":42,"column":3}},"line":35},"2":{"name":"(anonymous_2)","decl":{"start":{"line":49,"column":2},"end":{"line":49,"column":13}},"loc":{"start":{"line":49,"column":16},"end":{"line":53,"column":3}},"line":49},"3":{"name":"(anonymous_3)","decl":{"start":{"line":58,"column":2},"end":{"line":58,"column":24}},"loc":{"start":{"line":58,"column":27},"end":{"line":109,"column":3}},"line":58},"4":{"name":"(anonymous_4)","decl":{"start":{"line":60,"column":47},"end":{"line":60,"column":48}},"loc":{"start":{"line":60,"column":58},"end":{"line":63,"column":5}},"line":60},"5":{"name":"(anonymous_5)","decl":{"start":{"line":66,"column":44},"end":{"line":66,"column":45}},"loc":{"start":{"line":66,"column":55},"end":{"line":71,"column":5}},"line":66},"6":{"name":"(anonymous_6)","decl":{"start":{"line":74,"column":50},"end":{"line":74,"column":51}},"loc":{"start":{"line":74,"column":61},"end":{"line":77,"column":5}},"line":74},"7":{"name":"(anonymous_7)","decl":{"start":{"line":80,"column":43},"end":{"line":80,"column":44}},"loc":{"start":{"line":80,"column":54},"end":{"line":84,"column":5}},"line":80},"8":{"name":"(anonymous_8)","decl":{"start":{"line":87,"column":50},"end":{"line":87,"column":51}},"loc":{"start":{"line":87,"column":61},"end":{"line":90,"column":5}},"line":87},"9":{"name":"(anonymous_9)","decl":{"start":{"line":93,"column":49},"end":{"line":93,"column":50}},"loc":{"start":{"line":93,"column":60},"end":{"line":96,"column":5}},"line":93},"10":{"name":"(anonymous_10)","decl":{"start":{"line":99,"column":46},"end":{"line":99,"column":47}},"loc":{"start":{"line":99,"column":57},"end":{"line":102,"column":5}},"line":99},"11":{"name":"(anonymous_11)","decl":{"start":{"line":105,"column":47},"end":{"line":105,"column":48}},"loc":{"start":{"line":105,"column":58},"end":{"line":108,"column":5}},"line":105},"12":{"name":"(anonymous_12)","decl":{"start":{"line":114,"column":2},"end":{"line":114,"column":18}},"loc":{"start":{"line":114,"column":39},"end":{"line":116,"column":3}},"line":114},"13":{"name":"(anonymous_13)","decl":{"start":{"line":121,"column":2},"end":{"line":121,"column":11}},"loc":{"start":{"line":121,"column":22},"end":{"line":124,"column":3}},"line":121},"14":{"name":"(anonymous_14)","decl":{"start":{"line":123,"column":11},"end":{"line":123,"column":12}},"loc":{"start":{"line":123,"column":17},"end":{"line":123,"column":53}},"line":123},"15":{"name":"(anonymous_15)","decl":{"start":{"line":129,"column":2},"end":{"line":129,"column":8}},"loc":{"start":{"line":129,"column":16},"end":{"line":159,"column":3}},"line":129},"16":{"name":"(anonymous_16)","decl":{"start":{"line":140,"column":32},"end":{"line":140,"column":33}},"loc":{"start":{"line":140,"column":46},"end":{"line":146,"column":5}},"line":140},"17":{"name":"(anonymous_17)","decl":{"start":{"line":164,"column":8},"end":{"line":164,"column":19}},"loc":{"start":{"line":164,"column":58},"end":{"line":172,"column":3}},"line":164},"18":{"name":"(anonymous_18)","decl":{"start":{"line":177,"column":8},"end":{"line":177,"column":13}},"loc":{"start":{"line":177,"column":54},"end":{"line":198,"column":3}},"line":177},"19":{"name":"(anonymous_19)","decl":{"start":{"line":191,"column":28},"end":{"line":191,"column":29}},"loc":{"start":{"line":191,"column":41},"end":{"line":191,"column":74}},"line":191},"20":{"name":"(anonymous_20)","decl":{"start":{"line":203,"column":2},"end":{"line":203,"column":6}},"loc":{"start":{"line":203,"column":20},"end":{"line":210,"column":3}},"line":203},"21":{"name":"(anonymous_21)","decl":{"start":{"line":215,"column":8},"end":{"line":215,"column":17}},"loc":{"start":{"line":215,"column":36},"end":{"line":222,"column":3}},"line":215},"22":{"name":"(anonymous_22)","decl":{"start":{"line":227,"column":2},"end":{"line":227,"column":15}},"loc":{"start":{"line":227,"column":23},"end":{"line":232,"column":3}},"line":227},"23":{"name":"(anonymous_23)","decl":{"start":{"line":237,"column":2},"end":{"line":237,"column":14}},"loc":{"start":{"line":237,"column":17},"end":{"line":239,"column":3}},"line":237},"24":{"name":"(anonymous_24)","decl":{"start":{"line":244,"column":2},"end":{"line":244,"column":13}},"loc":{"start":{"line":244,"column":16},"end":{"line":246,"column":3}},"line":244},"25":{"name":"(anonymous_25)","decl":{"start":{"line":256,"column":27},"end":{"line":256,"column":28}},"loc":{"start":{"line":256,"column":40},"end":{"line":256,"column":68}},"line":256},"26":{"name":"setupGlobalErrorHandling","decl":{"start":{"line":261,"column":16},"end":{"line":261,"column":40}},"loc":{"start":{"line":261,"column":43},"end":{"line":275,"column":1}},"line":261},"27":{"name":"(anonymous_27)","decl":{"start":{"line":263,"column":48},"end":{"line":263,"column":49}},"loc":{"start":{"line":263,"column":59},"end":{"line":266,"column":3}},"line":263},"28":{"name":"(anonymous_28)","decl":{"start":{"line":269,"column":35},"end":{"line":269,"column":36}},"loc":{"start":{"line":269,"column":46},"end":{"line":272,"column":3}},"line":269}},"branchMap":{"0":{"loc":{"start":{"line":27,"column":23},"end":{"line":27,"column":49}},"type":"default-arg","locations":[{"start":{"line":27,"column":30},"end":{"line":27,"column":49}}],"line":27},"1":{"loc":{"start":{"line":27,"column":51},"end":{"line":27,"column":65}},"type":"default-arg","locations":[{"start":{"line":27,"column":61},"end":{"line":27,"column":65}}],"line":27},"2":{"loc":{"start":{"line":81,"column":22},"end":{"line":81,"column":68}},"type":"binary-expr","locations":[{"start":{"line":81,"column":22},"end":{"line":81,"column":44}},{"start":{"line":81,"column":48},"end":{"line":81,"column":68}}],"line":81},"3":{"loc":{"start":{"line":132,"column":6},"end":{"line":134,"column":85}},"type":"cond-expr","locations":[{"start":{"line":133,"column":10},"end":{"line":133,"column":15}},{"start":{"line":134,"column":10},"end":{"line":134,"column":85}}],"line":132},"4":{"loc":{"start":{"line":134,"column":23},"end":{"line":134,"column":56}},"type":"binary-expr","locations":[{"start":{"line":134,"column":23},"end":{"line":134,"column":37}},{"start":{"line":134,"column":41},"end":{"line":134,"column":56}}],"line":134},"5":{"loc":{"start":{"line":150,"column":4},"end":{"line":156,"column":5}},"type":"if","locations":[{"start":{"line":150,"column":4},"end":{"line":156,"column":5}},{"start":{},"end":{}}],"line":150},"6":{"loc":{"start":{"line":164,"column":29},"end":{"line":164,"column":56}},"type":"default-arg","locations":[{"start":{"line":164,"column":39},"end":{"line":164,"column":56}}],"line":164},"7":{"loc":{"start":{"line":177,"column":23},"end":{"line":177,"column":38}},"type":"default-arg","locations":[{"start":{"line":177,"column":37},"end":{"line":177,"column":38}}],"line":177},"8":{"loc":{"start":{"line":177,"column":40},"end":{"line":177,"column":52}},"type":"default-arg","locations":[{"start":{"line":177,"column":48},"end":{"line":177,"column":52}}],"line":177},"9":{"loc":{"start":{"line":189,"column":8},"end":{"line":192,"column":9}},"type":"if","locations":[{"start":{"line":189,"column":8},"end":{"line":192,"column":9}},{"start":{},"end":{}}],"line":189},"10":{"loc":{"start":{"line":228,"column":4},"end":{"line":230,"column":5}},"type":"if","locations":[{"start":{"line":228,"column":4},"end":{"line":230,"column":5}},{"start":{},"end":{}}],"line":228},"11":{"loc":{"start":{"line":229,"column":13},"end":{"line":229,"column":32}},"type":"binary-expr","locations":[{"start":{"line":229,"column":13},"end":{"line":229,"column":26}},{"start":{"line":229,"column":30},"end":{"line":229,"column":32}}],"line":229}},"s":{"0":2,"1":3,"2":3,"3":3,"4":3,"5":3,"6":0,"7":2,"8":2,"9":2,"10":2,"11":0,"12":0,"13":2,"14":0,"15":0,"16":0,"17":2,"18":0,"19":0,"20":2,"21":0,"22":0,"23":0,"24":2,"25":0,"26":0,"27":2,"28":0,"29":0,"30":2,"31":0,"32":0,"33":2,"34":2,"35":2,"36":16,"37":0,"38":0,"39":0,"40":2,"41":2,"42":2,"43":0,"44":0,"45":0,"46":2,"47":2,"48":2,"49":2,"50":2,"51":2,"52":0,"53":0,"54":0,"55":0,"56":0,"57":0,"58":0,"59":0,"60":0,"61":0,"62":0,"63":0,"64":0,"65":0,"66":0,"67":0,"68":0,"69":0,"70":0,"71":0,"72":0,"73":0,"74":0,"75":0,"76":0,"77":0,"78":0,"79":0,"80":0,"81":0,"82":2,"83":2,"84":2,"85":0,"86":0,"87":0,"88":0,"89":0,"90":0,"91":0},"f":{"0":3,"1":0,"2":2,"3":2,"4":0,"5":0,"6":0,"7":0,"8":0,"9":0,"10":0,"11":2,"12":16,"13":0,"14":0,"15":2,"16":0,"17":0,"18":0,"19":0,"20":0,"21":0,"22":0,"23":0,"24":0,"25":2,"26":0,"27":0,"28":0},"b":{"0":[3],"1":[3],"2":[0,0],"3":[0,2],"4":[2,1],"5":[2,0],"6":[0],"7":[0],"8":[0],"9":[0,0],"10":[0,0],"11":[0,0]},"meta":{"lastBranch":12,"lastFunction":29,"lastStatement":92,"seen":{"s:12:27:21:1":0,"f:27:2:27:13":0,"b:27:30:27:49":0,"b:27:61:27:65":1,"s:28:4:28:19":1,"s:29:4:29:27":2,"s:30:4:30:21":3,"s:31:4:31:27":4,"s:32:4:32:46":5,"f:35:2:35:8":1,"s:36:4:41:6":6,"f:49:2:49:13":2,"s:50:4:50:36":7,"s:51:4:51:37":8,"s:52:4:52:34":9,"f:58:2:58:24":3,"s:60:4:63:7":10,"f:60:47:60:48":4,"s:61:6:61:86":11,"s:62:6:62:43":12,"s:66:4:71:7":13,"f:66:44:66:45":5,"s:67:6:67:74":14,"s:68:6:68:39":15,"s:70:6:70:43":16,"s:74:4:77:7":17,"f:74:50:74:51":6,"s:75:6:75:66":18,"s:76:6:76:53":19,"s:80:4:84:7":20,"f:80:43:80:44":7,"s:81:22:81:68":21,"b:81:22:81:44:81:48:81:68":2,"s:82:6:82:37":22,"s:83:6:83:39":23,"s:87:4:90:7":24,"f:87:50:87:51":8,"s:88:6:88:82":25,"s:89:6:89:46":26,"s:93:4:96:7":27,"f:93:49:93:50":9,"s:94:6:94:51":28,"s:95:6:95:55":29,"s:99:4:102:7":30,"f:99:46:99:47":10,"s:100:6:100:69":31,"s:101:6:101:42":32,"s:105:4:108:7":33,"f:105:47:105:48":11,"s:106:6:106:61":34,"s:107:6:107:43":35,"f:114:2:114:18":12,"s:115:4:115:49":36,"f:121:2:121:11":13,"s:122:4:122:38":37,"s:123:4:123:54":38,"f:123:11:123:12":14,"s:123:17:123:53":39,"f:129:2:129:8":15,"s:132:6:134:85":40,"b:133:10:133:15:134:10:134:85":3,"b:134:23:134:37:134:41:134:56":4,"s:137:4:137:52":41,"s:140:4:146:7":42,"f:140:32:140:33":16,"s:141:6:145:7":43,"s:142:8:142:27":44,"s:144:8:144:51":45,"s:149:21:149:60":46,"b:150:4:156:5:undefined:undefined:undefined:undefined":5,"s:150:4:156:5":47,"s:151:6:155:7":48,"s:152:8:152:27":49,"s:154:8:154:51":50,"s:158:4:158:20":51,"f:164:8:164:19":17,"b:164:39:164:56":6,"s:165:4:171:5":52,"s:166:6:166:29":53,"s:168:6:168:49":54,"s:169:6:169:25":55,"s:170:6:170:18":56,"f:177:8:177:13":18,"b:177:37:177:38":7,"b:177:48:177:52":8,"s:180:4:194:5":57,"s:180:23:180:24":58,"s:181:6:193:7":59,"s:182:8:182:31":60,"s:184:8:184:26":61,"s:185:8:187:11":62,"b:189:8:192:9:undefined:undefined:undefined:undefined":9,"s:189:8:192:9":63,"s:190:31:190:63":64,"s:191:10:191:76":65,"f:191:28:191:29":19,"s:191:41:191:74":66,"s:196:4:196:27":67,"s:197:4:197:20":68,"f:203:2:203:6":20,"s:204:4:209:5":69,"s:205:6:205:25":70,"s:207:6:207:25":71,"s:208:6:208:18":72,"f:215:8:215:17":21,"s:216:4:221:5":73,"s:217:6:217:36":74,"s:219:6:219:25":75,"s:220:6:220:18":76,"f:227:2:227:15":22,"b:228:4:230:5:undefined:undefined:undefined:undefined":10,"s:228:4:230:5":77,"s:229:6:229:33":78,"b:229:13:229:26:229:30:229:32":11,"s:231:4:231:14":79,"f:237:2:237:14":23,"s:238:4:238:30":80,"f:244:2:244:13":24,"s:245:4:245:24":81,"s:250:21:250:39":82,"s:256:27:256:68":83,"f:256:27:256:28":25,"s:256:40:256:68":84,"f:261:16:261:40":26,"s:263:2:266:5":85,"f:263:48:263:49":27,"s:264:4:264:62":86,"s:265:4:265:38":87,"s:269:2:272:5":88,"f:269:35:269:36":28,"s:270:4:270:49":89,"s:271:4:271:37":90,"s:274:2:274:51":91}}}
,"C:\\VS Code Softuni\\Чиста Дървеница\\src\\services\\logger.js": {"path":"C:\\VS Code Softuni\\Чиста Дървеница\\src\\services\\logger.js","statementMap":{"0":{"start":{"line":6,"column":19},"end":{"line":12,"column":1}},"1":{"start":{"line":16,"column":4},"end":{"line":16,"column":33}},"2":{"start":{"line":17,"column":4},"end":{"line":17,"column":19}},"3":{"start":{"line":18,"column":4},"end":{"line":18,"column":24}},"4":{"start":{"line":20,"column":4},"end":{"line":20,"column":30}},"5":{"start":{"line":21,"column":4},"end":{"line":21,"column":31}},"6":{"start":{"line":29,"column":4},"end":{"line":29,"column":68}},"7":{"start":{"line":37,"column":4},"end":{"line":37,"column":33}},"8":{"start":{"line":38,"column":4},"end":{"line":38,"column":49}},"9":{"start":{"line":38,"column":17},"end":{"line":38,"column":48}},"10":{"start":{"line":45,"column":21},"end":{"line":52,"column":5}},"11":{"start":{"line":54,"column":4},"end":{"line":54,"column":29}},"12":{"start":{"line":57,"column":4},"end":{"line":59,"column":5}},"13":{"start":{"line":58,"column":6},"end":{"line":58,"column":24}},"14":{"start":{"line":62,"column":4},"end":{"line":68,"column":7}},"15":{"start":{"line":63,"column":6},"end":{"line":67,"column":7}},"16":{"start":{"line":64,"column":8},"end":{"line":64,"column":27}},"17":{"start":{"line":66,"column":8},"end":{"line":66,"column":55}},"18":{"start":{"line":70,"column":4},"end":{"line":70,"column":20}},"19":{"start":{"line":77,"column":4},"end":{"line":77,"column":47}},"20":{"start":{"line":77,"column":40},"end":{"line":77,"column":47}},"21":{"start":{"line":78,"column":18},"end":{"line":78,"column":55}},"22":{"start":{"line":79,"column":4},"end":{"line":81,"column":5}},"23":{"start":{"line":80,"column":6},"end":{"line":80,"column":51}},"24":{"start":{"line":82,"column":4},"end":{"line":82,"column":17}},"25":{"start":{"line":89,"column":4},"end":{"line":99,"column":5}},"26":{"start":{"line":91,"column":8},"end":{"line":91,"column":53}},"27":{"start":{"line":92,"column":8},"end":{"line":92,"column":14}},"28":{"start":{"line":94,"column":8},"end":{"line":94,"column":54}},"29":{"start":{"line":95,"column":8},"end":{"line":95,"column":14}},"30":{"start":{"line":97,"column":8},"end":{"line":97,"column":64}},"31":{"start":{"line":98,"column":8},"end":{"line":98,"column":14}},"32":{"start":{"line":102,"column":4},"end":{"line":102,"column":31}},"33":{"start":{"line":109,"column":4},"end":{"line":109,"column":31}},"34":{"start":{"line":116,"column":4},"end":{"line":116,"column":32}},"35":{"start":{"line":123,"column":18},"end":{"line":127,"column":6}},"36":{"start":{"line":128,"column":4},"end":{"line":128,"column":56}},"37":{"start":{"line":130,"column":4},"end":{"line":130,"column":17}},"38":{"start":{"line":137,"column":20},"end":{"line":137,"column":38}},"39":{"start":{"line":138,"column":17},"end":{"line":138,"column":61}},"40":{"start":{"line":140,"column":4},"end":{"line":144,"column":5}},"41":{"start":{"line":141,"column":6},"end":{"line":141,"column":40}},"42":{"start":{"line":143,"column":6},"end":{"line":143,"column":41}},"43":{"start":{"line":151,"column":4},"end":{"line":151,"column":73}},"44":{"start":{"line":158,"column":4},"end":{"line":158,"column":52}},"45":{"start":{"line":165,"column":4},"end":{"line":165,"column":33}},"46":{"start":{"line":165,"column":16},"end":{"line":165,"column":33}},"47":{"start":{"line":166,"column":4},"end":{"line":166,"column":72}},"48":{"start":{"line":166,"column":37},"end":{"line":166,"column":70}},"49":{"start":{"line":173,"column":4},"end":{"line":173,"column":19}},"50":{"start":{"line":180,"column":4},"end":{"line":180,"column":46}},"51":{"start":{"line":187,"column":4},"end":{"line":200,"column":5}},"52":{"start":{"line":188,"column":23},"end":{"line":192,"column":8}},"53":{"start":{"line":194,"column":6},"end":{"line":197,"column":7}},"54":{"start":{"line":195,"column":8},"end":{"line":195,"column":41}},"55":{"start":{"line":196,"column":8},"end":{"line":196,"column":25}},"56":{"start":{"line":199,"column":6},"end":{"line":199,"column":47}},"57":{"start":{"line":207,"column":18},"end":{"line":207,"column":37}},"58":{"start":{"line":208,"column":28},"end":{"line":208,"column":71}},"59":{"start":{"line":210,"column":4},"end":{"line":214,"column":7}},"60":{"start":{"line":211,"column":6},"end":{"line":213,"column":8}},"61":{"start":{"line":212,"column":8},"end":{"line":212,"column":83}},"62":{"start":{"line":216,"column":4},"end":{"line":216,"column":17}},"63":{"start":{"line":222,"column":15},"end":{"line":222,"column":27}},"64":{"start":{"line":225,"column":20},"end":{"line":225,"column":53}},"65":{"start":{"line":225,"column":33},"end":{"line":225,"column":53}},"66":{"start":{"line":226,"column":20},"end":{"line":226,"column":53}},"67":{"start":{"line":226,"column":33},"end":{"line":226,"column":53}},"68":{"start":{"line":227,"column":21},"end":{"line":227,"column":55}},"69":{"start":{"line":227,"column":34},"end":{"line":227,"column":55}},"70":{"start":{"line":228,"column":21},"end":{"line":228,"column":55}},"71":{"start":{"line":228,"column":34},"end":{"line":228,"column":55}},"72":{"start":{"line":229,"column":21},"end":{"line":229,"column":55}},"73":{"start":{"line":229,"column":34},"end":{"line":229,"column":55}},"74":{"start":{"line":230,"column":23},"end":{"line":230,"column":59}},"75":{"start":{"line":230,"column":36},"end":{"line":230,"column":59}},"76":{"start":{"line":231,"column":25},"end":{"line":231,"column":63}},"77":{"start":{"line":231,"column":38},"end":{"line":231,"column":63}}},"fnMap":{"0":{"name":"(anonymous_0)","decl":{"start":{"line":15,"column":2},"end":{"line":15,"column":13}},"loc":{"start":{"line":15,"column":16},"end":{"line":22,"column":3}},"line":15},"1":{"name":"(anonymous_1)","decl":{"start":{"line":28,"column":2},"end":{"line":28,"column":10}},"loc":{"start":{"line":28,"column":18},"end":{"line":30,"column":3}},"line":28},"2":{"name":"(anonymous_2)","decl":{"start":{"line":36,"column":2},"end":{"line":36,"column":11}},"loc":{"start":{"line":36,"column":22},"end":{"line":39,"column":3}},"line":36},"3":{"name":"(anonymous_3)","decl":{"start":{"line":38,"column":11},"end":{"line":38,"column":12}},"loc":{"start":{"line":38,"column":17},"end":{"line":38,"column":48}},"line":38},"4":{"name":"(anonymous_4)","decl":{"start":{"line":44,"column":2},"end":{"line":44,"column":10}},"loc":{"start":{"line":44,"column":40},"end":{"line":71,"column":3}},"line":44},"5":{"name":"(anonymous_5)","decl":{"start":{"line":62,"column":27},"end":{"line":62,"column":28}},"loc":{"start":{"line":62,"column":41},"end":{"line":68,"column":5}},"line":62},"6":{"name":"(anonymous_6)","decl":{"start":{"line":76,"column":2},"end":{"line":76,"column":7}},"loc":{"start":{"line":76,"column":30},"end":{"line":83,"column":3}},"line":76},"7":{"name":"(anonymous_7)","decl":{"start":{"line":88,"column":2},"end":{"line":88,"column":6}},"loc":{"start":{"line":88,"column":23},"end":{"line":100,"column":3}},"line":88},"8":{"name":"(anonymous_8)","decl":{"start":{"line":101,"column":2},"end":{"line":101,"column":6}},"loc":{"start":{"line":101,"column":16},"end":{"line":103,"column":3}},"line":101},"9":{"name":"(anonymous_9)","decl":{"start":{"line":108,"column":2},"end":{"line":108,"column":6}},"loc":{"start":{"line":108,"column":16},"end":{"line":110,"column":3}},"line":108},"10":{"name":"(anonymous_10)","decl":{"start":{"line":115,"column":2},"end":{"line":115,"column":7}},"loc":{"start":{"line":115,"column":17},"end":{"line":117,"column":3}},"line":115},"11":{"name":"(anonymous_11)","decl":{"start":{"line":122,"column":2},"end":{"line":122,"column":7}},"loc":{"start":{"line":122,"column":44},"end":{"line":131,"column":3}},"line":122},"12":{"name":"(anonymous_12)","decl":{"start":{"line":136,"column":2},"end":{"line":136,"column":8}},"loc":{"start":{"line":136,"column":68},"end":{"line":145,"column":3}},"line":136},"13":{"name":"(anonymous_13)","decl":{"start":{"line":150,"column":2},"end":{"line":150,"column":16}},"loc":{"start":{"line":150,"column":34},"end":{"line":152,"column":3}},"line":150},"14":{"name":"(anonymous_14)","decl":{"start":{"line":157,"column":2},"end":{"line":157,"column":11}},"loc":{"start":{"line":157,"column":36},"end":{"line":159,"column":3}},"line":157},"15":{"name":"(anonymous_15)","decl":{"start":{"line":164,"column":2},"end":{"line":164,"column":9}},"loc":{"start":{"line":164,"column":24},"end":{"line":167,"column":3}},"line":164},"16":{"name":"(anonymous_16)","decl":{"start":{"line":166,"column":28},"end":{"line":166,"column":29}},"loc":{"start":{"line":166,"column":37},"end":{"line":166,"column":70}},"line":166},"17":{"name":"(anonymous_17)","decl":{"start":{"line":172,"column":2},"end":{"line":172,"column":11}},"loc":{"start":{"line":172,"column":14},"end":{"line":174,"column":3}},"line":172},"18":{"name":"(anonymous_18)","decl":{"start":{"line":179,"column":2},"end":{"line":179,"column":12}},"loc":{"start":{"line":179,"column":15},"end":{"line":181,"column":3}},"line":179},"19":{"name":"(anonymous_19)","decl":{"start":{"line":186,"column":8},"end":{"line":186,"column":16}},"loc":{"start":{"line":186,"column":27},"end":{"line":201,"column":3}},"line":186},"20":{"name":"(anonymous_20)","decl":{"start":{"line":206,"column":2},"end":{"line":206,"column":13}},"loc":{"start":{"line":206,"column":22},"end":{"line":217,"column":3}},"line":206},"21":{"name":"(anonymous_21)","decl":{"start":{"line":210,"column":28},"end":{"line":210,"column":29}},"loc":{"start":{"line":210,"column":40},"end":{"line":214,"column":5}},"line":210},"22":{"name":"(anonymous_22)","decl":{"start":{"line":211,"column":22},"end":{"line":211,"column":23}},"loc":{"start":{"line":211,"column":41},"end":{"line":213,"column":7}},"line":211},"23":{"name":"(anonymous_23)","decl":{"start":{"line":225,"column":20},"end":{"line":225,"column":21}},"loc":{"start":{"line":225,"column":33},"end":{"line":225,"column":53}},"line":225},"24":{"name":"(anonymous_24)","decl":{"start":{"line":226,"column":20},"end":{"line":226,"column":21}},"loc":{"start":{"line":226,"column":33},"end":{"line":226,"column":53}},"line":226},"25":{"name":"(anonymous_25)","decl":{"start":{"line":227,"column":21},"end":{"line":227,"column":22}},"loc":{"start":{"line":227,"column":34},"end":{"line":227,"column":55}},"line":227},"26":{"name":"(anonymous_26)","decl":{"start":{"line":228,"column":21},"end":{"line":228,"column":22}},"loc":{"start":{"line":228,"column":34},"end":{"line":228,"column":55}},"line":228},"27":{"name":"(anonymous_27)","decl":{"start":{"line":229,"column":21},"end":{"line":229,"column":22}},"loc":{"start":{"line":229,"column":34},"end":{"line":229,"column":55}},"line":229},"28":{"name":"(anonymous_28)","decl":{"start":{"line":230,"column":23},"end":{"line":230,"column":24}},"loc":{"start":{"line":230,"column":36},"end":{"line":230,"column":59}},"line":230},"29":{"name":"(anonymous_29)","decl":{"start":{"line":231,"column":25},"end":{"line":231,"column":26}},"loc":{"start":{"line":231,"column":38},"end":{"line":231,"column":63}},"line":231}},"branchMap":{"0":{"loc":{"start":{"line":29,"column":17},"end":{"line":29,"column":67}},"type":"binary-expr","locations":[{"start":{"line":29,"column":17},"end":{"line":29,"column":48}},{"start":{"line":29,"column":52},"end":{"line":29,"column":67}}],"line":29},"1":{"loc":{"start":{"line":44,"column":27},"end":{"line":44,"column":38}},"type":"default-arg","locations":[{"start":{"line":44,"column":34},"end":{"line":44,"column":38}}],"line":44},"2":{"loc":{"start":{"line":57,"column":4},"end":{"line":59,"column":5}},"type":"if","locations":[{"start":{"line":57,"column":4},"end":{"line":59,"column":5}},{"start":{},"end":{}}],"line":57},"3":{"loc":{"start":{"line":76,"column":17},"end":{"line":76,"column":28}},"type":"default-arg","locations":[{"start":{"line":76,"column":24},"end":{"line":76,"column":28}}],"line":76},"4":{"loc":{"start":{"line":77,"column":4},"end":{"line":77,"column":47}},"type":"if","locations":[{"start":{"line":77,"column":4},"
[...]
d":{"line":399,"column":5}},{"start":{},"end":{}}],"line":397},"47":{"loc":{"start":{"line":397,"column":8},"end":{"line":397,"column":45}},"type":"binary-expr","locations":[{"start":{"line":397,"column":8},"end":{"line":397,"column":22}},{"start":{"line":397,"column":26},"end":{"line":397,"column":45}}],"line":397},"48":{"loc":{"start":{"line":420,"column":35},"end":{"line":420,"column":49}},"type":"default-arg","locations":[{"start":{"line":420,"column":47},"end":{"line":420,"column":49}}],"line":420},"49":{"loc":{"start":{"line":421,"column":2},"end":{"line":421,"column":44}},"type":"if","locations":[{"start":{"line":421,"column":2},"end":{"line":421,"column":44}},{"start":{},"end":{}}],"line":421},"50":{"loc":{"start":{"line":431,"column":35},"end":{"line":431,"column":47}},"type":"default-arg","locations":[{"start":{"line":431,"column":44},"end":{"line":431,"column":47}}],"line":431}},"s":{"0":1,"1":1,"2":1,"3":1,"4":8,"5":1,"6":8,"7":2,"8":6,"9":0,"10":0,"11":0,"12":0,"13":0,"14":0,"15":0,"16":0,"17":0,"18":0,"19":0,"20":0,"21":0,"22":0,"23":0,"24":0,"25":4,"26":4,"27":0,"28":0,"29":4,"30":4,"31":0,"32":1,"33":1,"34":1,"35":0,"36":0,"37":1,"38":0,"39":0,"40":0,"41":2,"42":2,"43":2,"44":0,"45":2,"46":2,"47":0,"48":0,"49":1,"50":1,"51":1,"52":1,"53":1,"54":1,"55":1,"56":1,"57":1,"58":1,"59":0,"60":0,"61":0,"62":0,"63":0,"64":0,"65":0,"66":0,"67":0,"68":0,"69":0,"70":0,"71":0,"72":0,"73":0,"74":0,"75":0,"76":0,"77":0,"78":0,"79":0,"80":0,"81":0,"82":0,"83":0,"84":0,"85":4,"86":4,"87":7,"88":1,"89":6,"90":3,"91":3,"92":3,"93":1,"94":1,"95":0,"96":1,"97":1,"98":0,"99":0,"100":2,"101":2,"102":1,"103":1,"104":1,"105":0,"106":1,"107":3,"108":3,"109":1,"110":0,"111":0,"112":0,"113":0,"114":0,"115":0,"116":0,"117":0,"118":0,"119":0,"120":0,"121":1,"122":1,"123":0,"124":1,"125":1,"126":1,"127":2,"128":2,"129":1,"130":2,"131":2,"132":2,"133":1,"134":1,"135":2},"f":{"0":1,"1":8,"2":0,"3":0,"4":0,"5":0,"6":4,"7":1,"8":0,"9":0,"10":2,"11":1,"12":0,"13":0,"14":0,"15":0,"16":0,"17":4,"18":7,"19":1,"20":2,"21":1,"22":3,"23":1,"24":0,"25":0,"26":0,"27":1,"28":2,"29":2,"30":2,"31":2},"b":{"0":[1],"1":[2,6],"2":[0,0],"3":[0],"4":[0,0],"5":[4],"6":[0,4],"7":[4,0],"8":[4,4],"9":[1],"10":[0,1],"11":[0,1],"12":[0],"13":[0],"14":[2],"15":[0,2],"16":[0,2],"17":[2,0],"18":[0,1],"19":[1,0],"20":[0,0],"21":[0,0],"22":[0,0],"23":[0],"24":[0,0],"25":[0,0],"26":[0],"27":[0,0],"28":[0,0],"29":[0],"30":[0,0],"31":[0,0],"32":[0,0],"33":[1,6],"34":[3,3],"35":[2,1],"36":[1,0],"37":[2],"38":[1,0],"39":[1,1,1],"40":[1],"41":[0],"42":[0,0],"43":[1],"44":[0,1],"45":[1,0,0],"46":[2,0],"47":[2,2],"48":[2],"49":[1,1],"50":[2]},"meta":{"lastBranch":51,"lastFunction":32,"lastStatement":136,"seen":{"f:6:16:6:28":0,"b:6:38:6:39":0,"s:7:16:7:80":0,"s:8:15:8:17":1,"s:9:2:11:3":2,"s:9:15:9:16":3,"s:10:4:10:69":4,"s:12:2:12:16":5,"f:19:16:19:26":1,"b:20:2:20:22:undefined:undefined:undefined:undefined":1,"s:20:2:20:22":6,"s:20:12:20:22":7,"s:21:2:21:52":8,"f:32:16:32:30":2,"s:33:2:39:3":9,"s:34:21:34:49":10,"s:35:4:35:50":11,"b:35:22:35:42:35:45:35:49":2,"s:37:4:37:55":12,"s:38:4:38:16":13,"f:46:16:46:24":3,"s:47:2:51:3":14,"s:48:4:48:55":15,"s:50:4:50:47":16,"f:57:16:57:26":4,"s:58:2:62:3":17,"s:59:4:59:36":18,"s:61:4:61:49":19,"f:70:16:70:27":5,"b:70:42:70:55":3,"s:71:15:71:31":20,"b:72:2:75:3:undefined:undefined:undefined:undefined":4,"s:72:2:75:3":21,"s:73:4:73:39":22,"s:74:4:74:17":23,"s:76:2:76:14":24,"f:85:22:85:33":6,"b:85:55:85:59":5,"s:86:17:91:3":25,"b:93:2:96:3:undefined:undefined:undefined:undefined":6,"s:93:2:96:3":26,"s:94:4:94:25":27,"s:95:4:95:35":28,"b:98:2:100:3:undefined:undefined:undefined:undefined":7,"s:98:2:100:3":29,"b:98:6:98:33:98:37:98:47":8,"s:99:4:99:29":30,"s:101:2:101:27":31,"f:110:22:110:31":7,"b:110:53:110:57":9,"s:111:20:111:63":32,"b:111:44:111:56:111:59:111:63":10,"s:112:17:117:3":33,"b:119:2:122:3:undefined:undefined:undefined:undefined":11,"s:119:2:122:3":34,"s:120:4:120:25":35,"s:121:4:121:35":36,"s:124:2:124:27":37,"f:132:22:132:30":8,"s:133:2:138:5":38,"f:149:22:149:33":9,"b:149:61:149:66":12,"b:149:81:149:89":13,"s:150:17:159:4":39,"s:161:2:161:28":40,"f:170:16:170:26":10,"b:170:42:170:49":14,"s:171:2:188:3":41,"s:172:20:172:68":42,"b:172:47:172:61:172:64:172:68":15,"b:174:4:176:5:undefined:undefined:undefined:undefined":16,"s:174:4:176:5":43,"s:175:6:175:28":44,"s:178:20:182:5":45,"s:184:4:184:81":46,"b:184:47:184:62:184:66:184:79":17,"s:186:4:186:51":47,"s:187:4:187:26":48,"f:196:16:196:26":11,"s:197:2:215:3":49,"s:198:20:198:68":50,"b:198:47:198:61:198:64:198:68":18,"s:199:16:199:26":51,"s:200:19:200:32":52,"s:201:21:201:46":53,"s:202:21:202:46":54,"s:203:22:203:47":55,"s:204:21:204:47":56,"b:206:4:206:41:undefined:undefined:undefined:undefined":19,"s:206:4:206:41":57,"s:206:23:206:41":58,"b:207:4:207:49:undefined:undefined:undefined:undefined":20,"s:207:4:207:49":59,"s:207:23:207:49":60,"b:208:4:208:51:undefined:undefined:undefined:undefined":21,"s:208:4:208:51":61,"s:208:24:208:51":62,"b:209:4:209:49:undefined:undefined:undefined:undefined":22,"s:209:4:209:49":63,"s:209:23:209:49":64,"s:211:4:211:40":65,"s:213:4:213:56":66,"s:214:4:214:21":67,"f:223:16:223:29":12,"b:223:51:223:57":23,"s:224:18:224:52":68,"b:225:2:227:3:undefined:undefined:undefined:undefined":24,"s:225:2:227:3":69,"s:226:4:226:80":70,"b:226:63:226:70:226:73:226:79":25,"f:235:16:235:27":13,"b:235:56:235:58":26,"s:236:18:236:52":71,"b:237:2:239:3:undefined:undefined:undefined:undefined":27,"s:237:2:239:3":72,"s:238:4:238:35":73,"s:241:2:246:5":74,"f:241:25:241:26":14,"s:242:20:242:47":75,"b:243:4:245:5:undefined:undefined:undefined:undefined":28,"s:243:4:245:5":76,"s:244:6:244:37":77,"f:254:16:254:27":15,"b:254:56:254:58":29,"s:255:18:255:52":78,"b:256:2:258:3:undefined:undefined:undefined:undefined":30,"s:256:2:258:3":79,"s:257:4:257:35":80,"s:260:2:265:5":81,"f:260:41:260:42":16,"s:261:20:261:47":82,"b:262:4:264:5:undefined:undefined:undefined:undefined":31,"s:262:4:264:5":83,"s:263:6:263:49":84,"b:263:30:263:37:263:41:263:48":32,"f:273:16:273:29":17,"s:274:21:274:49":85,"s:275:2:275:32":86,"f:283:16:283:23":18,"b:284:2:284:25:undefined:undefined:undefined:undefined":33,"s:284:2:284:25":87,"s:284:13:284:25":88,"b:285:2:285:52:undefined:undefined:undefined:undefined":34,"s:285:2:285:52":89,"s:285:27:285:52":90,"b:286:2:286:70:undefined:undefined:undefined:undefined":35,"s:286:2:286:70":91,"s:286:32:286:70":92,"b:287:2:287:64:undefined:undefined:undefined:undefined":36,"s:287:2:287:64":93,"s:287:32:287:64":94,"s:288:2:288:15":95,"f:296:16:296:29":19,"s:297:2:302:3":96,"s:298:4:298:32":97,"s:300:4:300:53":98,"s:301:4:301:16":99,"f:311:16:311:25":20,"b:311:49:311:53":37,"s:312:2:321:3":100,"s:313:4:313:34":101,"s:315:4:315:48":102,"b:317:4:319:5:undefined:undefined:undefined:undefined":38,"s:317:4:319:5":103,"b:317:8:317:16:317:20:317:48:317:52:317:74":39,"s:318:6:318:31":104,"s:320:4:320:20":105,"f:330:16:330:24":21,"b:330:39:330:42":40,"s:332:2:335:4":106,"f:332:9:332:17":22,"s:333:4:333:28":107,"s:334:4:334:55":108,"f:334:27:334:28":23,"s:334:33:334:46":109,"f:344:22:344:33":24,"b:347:16:347:54":41,"s:349:2:349:39":110,"s:350:2:350:40":111,"f:358:22:358:37":25,"s:359:2:365:3":112,"s:360:4:360:46":113,"s:361:4:361:16":114,"s:363:4:363:56":115,"s:364:4:364:17":116,"f:373:16:373:29":26,"b:374:2:377:3:undefined:undefined:undefined:undefined":42,"s:374:2:377:3":117,"s:375:19:375:62":118,"s:376:4:376:33":119,"s:379:2:379:14":120,"f:388:16:388:24":27,"b:388:43:388:45":43,"s:389:15:389:17":121,"b:390:2:394:3:392:9:394:3":44,"s:390:2:394:3":122,"b:390:6:390:35:390:39:390:54:390:58:390:80":45,"s:391:4:391:36":123,"s:393:4:393:32":124,"s:395:14:395:38":125,"s:396:2:400:5":126,"f:396:33:396:34":28,"b:397:4:399:5:undefined:undefined:undefined:undefined":46,"s:397:4:399:5":127,"b:397:8:397:22:397:26:397:45":47,"s:398:6:398:42":128,"s:401:2:401:24":129,"f:409:16:409:27":29,"s:410:20:410:85":130,"s:411:2:411:30":131,"f:420:16:420:28":30,"b:420:47:420:49":48,"b:421:2:421:44:undefined:undefined:undefined:undefined":49,"s:421:2:421:44":132,"s:421:32:421:44":133,"s:422:2:422:54":134,"f:431:16:431:27":31,"b:431:44:431:47":50,"s:433:2:433:54":135}}}
,"C:\\VS Code Softuni\\Чиста Дървеница\\src\\utils\\i18n.js": {"path":"C:\\VS Code Softuni\\Чиста Дървеница\\src\\utils\\i18n.js","statementMap":{"0":{"start":{"line":3,"column":2},"end":{"line":3,"column":30}},"1":{"start":{"line":10,"column":22},"end":{"line":10,"column":26}},"2":{"start":{"line":11,"column":19},"end":{"line":11,"column":21}},"3":{"start":{"line":12,"column":27},"end":{"line":12,"column":31}},"4":{"start":{"line":18,"column":2},"end":{"line":18,"column":34}},"5":{"start":{"line":19,"column":2},"end":{"line":50,"column":3}},"6":{"start":{"line":21,"column":23},"end":{"line":21,"column":55}},"7":{"start":{"line":22,"column":19},"end":{"line":22,"column":42}},"8":{"start":{"line":25,"column":23},"end":{"line":25,"column":55}},"9":{"start":{"line":26,"column":19},"end":{"line":26,"column":42}},"10":{"start":{"line":28,"column":4},"end":{"line":31,"column":6}},"11":{"start":{"line":34,"column":4},"end":{"line":38,"column":5}},"12":{"start":{"line":35,"column":6},"end":{"line":37,"column":41}},"13":{"start":{"line":36,"column":8},"end":{"line":36,"column":122}},"14":{"start":{"line":37,"column":16},"end":{"line":37,"column":39}},"15":{"start":{"line":40,"column":4},"end":{"line":46,"column":6}},"16":{"start":{"line":49,"column":4},"end":{"line":49,"column":59}},"17":{"start":{"line":60,"column":19},"end":{"line":60,"column":47}},"18":{"start":{"line":61,"column":15},"end":{"line":61,"column":29}},"19":{"start":{"line":62,"column":14},"end":{"line":62,"column":36}},"20":{"start":{"line":63,"column":2},"end":{"line":65,"column":3}},"21":{"start":{"line":64,"column":4},"end":{"line":64,"column":23}},"22":{"start":{"line":66,"column":2},"end":{"line":66,"column":22}},"23":{"start":{"line":76,"column":2},"end":{"line":79,"column":3}},"24":{"start":{"line":77,"column":4},"end":{"line":77,"column":77}},"25":{"start":{"line":78,"column":4},"end":{"line":78,"column":11}},"26":{"start":{"line":80,"column":2},"end":{"line":83,"column":3}},"27":{"start":{"line":81,"column":4},"end":{"line":81,"column":53}},"28":{"start":{"line":82,"column":4},"end":{"line":82,"column":11}},"29":{"start":{"line":84,"column":2},"end":{"line":84,"column":25}},"30":{"start":{"line":85,"column":2},"end":{"line":89,"column":12}},"31":{"start":{"line":86,"column":4},"end":{"line":88,"column":5}},"32":{"start":{"line":87,"column":6},"end":{"line":87,"column":59}},"33":{"start":{"line":90,"column":2},"end":{"line":90,"column":47}},"34":{"start":{"line":91,"column":2},"end":{"line":91,"column":22}},"35":{"start":{"line":100,"column":2},"end":{"line":104,"column":3}},"36":{"start":{"line":101,"column":4},"end":{"line":103,"column":39}},"37":{"start":{"line":102,"column":6},"end":{"line":102,"column":120}},"38":{"start":{"line":103,"column":14},"end":{"line":103,"column":37}},"39":{"start":{"line":105,"column":2},"end":{"line":105,"column":25}},"40":{"start":{"line":113,"column":2},"end":{"line":141,"column":3}},"41":{"start":{"line":114,"column":4},"end":{"line":114,"column":41}},"42":{"start":{"line":117,"column":21},"end":{"line":117,"column":61}},"43":{"start":{"line":118,"column":4},"end":{"line":126,"column":7}},"44":{"start":{"line":119,"column":18},"end":{"line":119,"column":51}},"45":{"start":{"line":120,"column":25},"end":{"line":120,"column":37}},"46":{"start":{"line":121,"column":6},"end":{"line":125,"column":7}},"47":{"start":{"line":122,"column":8},"end":{"line":122,"column":50}},"48":{"start":{"line":124,"column":8},"end":{"line":124,"column":41}},"49":{"start":{"line":128,"column":32},"end":{"line":128,"column":84}},"50":{"start":{"line":129,"column":4},"end":{"line":133,"column":7}},"51":{"start":{"line":130,"column":18},"end":{"line":130,"column":63}},"52":{"start":{"line":131,"column":25},"end":{"line":131,"column":37}},"53":{"start":{"line":132,"column":6},"end":{"line":132,"column":54}},"54":{"start":{"line":135,"column":25},"end":{"line":135,"column":68}},"55":{"start":{"line":136,"column":4},"end":{"line":138,"column":5}},"56":{"start":{"line":137,"column":6},"end":{"line":137,"column":32}},"57":{"start":{"line":140,"column":4},"end":{"line":140,"column":93}},"58":{"start":{"line":149,"column":2},"end":{"line":149,"column":35}}},"fnMap":{"0":{"name":"getLanguage","decl":{"start":{"line":2,"column":16},"end":{"line":2,"column":27}},"loc":{"start":{"line":2,"column":30},"end":{"line":4,"column":1}},"line":2},"1":{"name":"initI18n","decl":{"start":{"line":17,"column":22},"end":{"line":17,"column":30}},"loc":{"start":{"line":17,"column":48},"end":{"line":51,"column":1}},"line":17},"2":{"name":"t","decl":{"start":{"line":59,"column":16},"end":{"line":59,"column":17}},"loc":{"start":{"line":59,"column":29},"end":{"line":67,"column":1}},"line":59},"3":{"name":"setLanguage","decl":{"start":{"line":75,"column":16},"end":{"line":75,"column":27}},"loc":{"start":{"line":75,"column":49},"end":{"line":92,"column":1}},"line":75},"4":{"name":"getCurrentLanguage","decl":{"start":{"line":99,"column":16},"end":{"line":99,"column":34}},"loc":{"start":{"line":99,"column":37},"end":{"line":106,"column":1}},"line":99},"5":{"name":"applyLanguage","decl":{"start":{"line":112,"column":16},"end":{"line":112,"column":29}},"loc":{"start":{"line":112,"column":36},"end":{"line":142,"column":1}},"line":112},"6":{"name":"(anonymous_6)","decl":{"start":{"line":118,"column":21},"end":{"line":118,"column":22}},"loc":{"start":{"line":118,"column":34},"end":{"line":126,"column":5}},"line":118},"7":{"name":"(anonymous_7)","decl":{"start":{"line":129,"column":32},"end":{"line":129,"column":33}},"loc":{"start":{"line":129,"column":45},"end":{"line":133,"column":5}},"line":129},"8":{"name":"getAvailableLanguages","decl":{"start":{"line":148,"column":16},"end":{"line":148,"column":37}},"loc":{"start":{"line":148,"column":40},"end":{"line":150,"column":1}},"line":148}},"branchMap":{"0":{"loc":{"start":{"line":17,"column":31},"end":{"line":17,"column":46}},"type":"default-arg","locations":[{"start":{"line":17,"column":42},"end":{"line":17,"column":46}}],"line":17},"1":{"loc":{"start":{"line":34,"column":4},"end":{"line":38,"column":5}},"type":"if","locations":[{"start":{"line":34,"column":4},"end":{"line":38,"column":5}},{"start":{},"end":{}}],"line":34},"2":{"loc":{"start":{"line":36,"column":26},"end":{"line":36,"column":121}},"type":"binary-expr","locations":[{"start":{"line":36,"column":27},"end":{"line":36,"column":62}},{"start":{"line":36,"column":66},"end":{"line":36,"column":112}},{"start":{"line":36,"column":117},"end":{"line":36,"column":121}}],"line":36},"3":{"loc":{"start":{"line":60,"column":19},"end":{"line":60,"column":47}},"type":"binary-expr","locations":[{"start":{"line":60,"column":19},"end":{"line":60,"column":23}},{"start":{"line":60,"column":27},"end":{"line":60,"column":47}}],"line":60},"4":{"loc":{"start":{"line":66,"column":9},"end":{"line":66,"column":21}},"type":"binary-expr","locations":[{"start":{"line":66,"column":9},"end":{"line":66,"column":14}},{"start":{"line":66,"column":18},"end":{"line":66,"column":21}}],"line":66},"5":{"loc":{"start":{"line":75,"column":34},"end":{"line":75,"column":47}},"type":"default-arg","locations":[{"start":{"line":75,"column":42},"end":{"line":75,"column":47}}],"line":75},"6":{"loc":{"start":{"line":76,"column":2},"end":{"line":79,"column":3}},"type":"if","locations":[{"start":{"line":76,"column":2},"end":{"line":79,"column":3}},{"start":{},"end":{}}],"line":76},"7":{"loc":{"start":{"line":76,"column":6},"end":{"line":76,"column":37}},"type":"binary-expr","locations":[{"start":{"line":76,"column":6},"end":{"line":76,"column":27}},{"start":{"line":76,"column":31},"end":{"line":76,"column":37}}],"line":76},"8":{"loc":{"start":{"line":80,"column":2},"end":{"line":83,"column":3}},"type":"if","locations":[{"start":{"line":80,"column":2},"end":{"line":83,"column":3}},{"start":{},"end":{}}],"line":80},"9":{"loc":{"start":{"line":86,"column":4},"end":{"line":88,"column":5}},"type":"if","locations":[{"start":{"line":86,"column":4},"end":{"line":88,"column":5}},{"start":{},"end":{}}],"line":86},"10":{"loc":{"start":{"line":100,"column":2},"end":{"line":104,"column":3}},"type":"if","locations":[{"start":{"line":100,"column":2},"end":{"line":104,"column":3}},{"start":{},"end":{}}],"line":100},"11":{"loc":{"start":{"line":102,"column":24},"end":{"line":102,"column":119}},"type":"binary-expr","locations":[{"start":{"line":102,"column":25},"end":{"line":102,"column":60}},{"start":{"line":102,"column":64},"end":{"line":102,"column":110}},{"start":{"line":102,"column":115},"end":{"line":102,"column":119}}],"line":102},"12":{"loc":{"start":{"line":113,"column":2},"end":{"line":141,"column":3}},"type":"if","locations":[{"start":{"line":113,"column":2},"end":{"line":141,"column":3}},{"start":{},"end":{}}],"line":113},"13":{"loc":{"start":{"line":121,"column":6},"end":{"line":125,"column":7}},"type":"if","locations":[{"start":{"line":121,"column":6},"end":{"line":125,"column":7}},{"start":{"line":123,"column":13},"end":{"line":125,"column":7}}],"line":121},"14":{"loc":{"start":{"line":136,"column":4},"end":{"line":138,"column":5}},"type":"if","locations":[{"start":{"line":136,"column":4},"end":{"line":138,"column":5}},{"start":{},"end":{}}],"line":136}},"s":{"0":2,"1":2,"2":2,"3":2,"4":1,"5":1,"6":1,"7":1,"8":1,"9":1,"10":1,"11":1,"12":1,"13":1,"14":0,"15":1,"16":0,"17":2,"18":2,"19":2,"20":2,"21":3,"22":2,"23":2,"24":0,"25":0,"26":2,"27":0,"28":0,"29":2,"30":2,"31":2,"32":0,"33":2,"34":2,"35":3,"36":0,"37":0,"38":0,"39":3,"40":2,"41":0,"42":0,"43":0,"44":0,"45":0,"46":0,"47":0,"48":0,"49":0,"50":0,"51":0,"52":0,"53":0,"54":0,"55":0,"56":0,"57":0,"58":0},"f":{"0":2,"1":1,"2":2,"3":2,"4":3,"5":2,"6":0,"7":0,"8":0},"b":{"0":[1],"1":[1,0],"2":[1,0,1],"3":[2,1],"4":[2,1],"5":[2],"6":[0,2],"7":[2,0],"8":[0,2],"9":[0,2],"10":[0,3],"11":[0,0,0],"12":[0,2],"13":[0,0],"14":[0,0]},"meta":{"lastBranch":15,"lastFunction":9,"lastStatement":59,"seen":{"f:2:16:2:27":0,"s:3:2:3:30":0,"s:10:22:10:26":1,"s:11:19:11:21":2,"s:12:27:12:31":3,"f:17:22:17:30":1,"b:17:42:17:46":0,"s:18:2:18:34":4,"s:19:2:50:3":5,"s:21:23:21:55":6,"s:22:19:22:42":7,"s:25:23:25:55":8,"s:26:19:26:42":9,"s:28:4:31:6":10,"b:34:4:38:5:undefined:undefined:undefined:undefined":1,"s:34:4:38:5":11,"s:35:6:37:41":12,"s:36:8:36:122":13,"b:36:27:36:62:36:66:36:112:36:117:36:121":2,"s:37:16:37:39":14,"s:40:4:46:6":15,"s:49:4:49:59":16,"f:59:16:59:17":2,"s:60:19:60:47":17,"b:60:19:60:23:60:27:60:47":3,"s:61:15:61:29":18,"s:62:14:62:36":19,"s:63:2:65:3":20,"s:64:4:64:23":21,"s:66:2:66:22":22,"b:66:9:66:14:66:18:66:21":4,"f:75:16:75:27":3,"b:75:42:75:47":5,"b:76:2:79:3:undefined:undefined:undefined:undefined":6,"s:76:2:79:3":23,"b:76:6:76:27:76:31:76:37":7,"s:77:4:77:77":24,"s:78:4:78:11":25,"b:80:2:83:3:undefined:undefined:undefined:undefined":8,"s:80:2:83:3":26,"s:81:4:81:53":27,"s:82:4:82:11":28,"s:84:2:84:25":29,"s:85:2:89:12":30,"b:86:4:88:5:undefined:undefined:undefined:undefined":9,"s:86:4:88:5":31,"s:87:6:87:59":32,"s:90:2:90:47":33,"s:91:2:91:22":34,"f:99:16:99:34":4,"b:100:2:104:3:undefined:undefined:undefined:undefined":10,"s:100:2:104:3":35,"s:101:4:103:39":36,"s:102:6:102:120":37,"b:102:25:102:60:102:64:102:110:102:115:102:119":11,"s:103:14:103:37":38,"s:105:2:105:25":39,"f:112:16:112:29":5,"b:113:2:141:3:undefined:undefined:undefined:undefined":12,"s:113:2:141:3":40,"s:114:4:114:41":41,"s:117:21:117:61":42,"s:118:4:126:7":43,"f:118:21:118:22":6,"s:119:18:119:51":44,"s:120:25:120:37":45,"b:121:6:125:7:123:13:125:7":13,"s:121:6:125:7":46,"s:122:8:122:50":47,"s:124:8:124:41":48,"s:128:32:128:84":49,"s:129:4:133:7":50,"f:129:32:129:33":7,"s:130:18:130:63":51,"s:131:25:131:37":52,"s:132:6:132:54":53,"s:135:25:135:68":54,"b:136:4:138:5:undefined:undefined:undefined:undefined":14,"s:136:4:138:5":55,"s:137:6:137:32":56,"s:140:4:140:93":57,"f:148:16:148:37":8,"s:149:2:149:35":58}}}
}
